\BOOKMARK [0][-]{chapter.1}{\376\377\0001\000\040\000N\000a\000m\000e\000s\000p\000a\000c\000e\000\040\000I\000n\000d\000e\000x}{}% 1
\BOOKMARK [1][-]{section.1.1}{\376\377\0001\000.\0001\000\040\000N\000a\000m\000e\000s\000p\000a\000c\000e\000\040\000L\000i\000s\000t}{chapter.1}% 2
\BOOKMARK [0][-]{chapter.2}{\376\377\0002\000\040\000H\000i\000e\000r\000a\000r\000c\000h\000i\000c\000a\000l\000\040\000I\000n\000d\000e\000x}{}% 3
\BOOKMARK [1][-]{section.2.1}{\376\377\0002\000.\0001\000\040\000C\000l\000a\000s\000s\000\040\000H\000i\000e\000r\000a\000r\000c\000h\000y}{chapter.2}% 4
\BOOKMARK [0][-]{chapter.3}{\376\377\0003\000\040\000C\000l\000a\000s\000s\000\040\000I\000n\000d\000e\000x}{}% 5
\BOOKMARK [1][-]{section.3.1}{\376\377\0003\000.\0001\000\040\000C\000l\000a\000s\000s\000\040\000L\000i\000s\000t}{chapter.3}% 6
\BOOKMARK [0][-]{chapter.4}{\376\377\0004\000\040\000F\000i\000l\000e\000\040\000I\000n\000d\000e\000x}{}% 7
\BOOKMARK [1][-]{section.4.1}{\376\377\0004\000.\0001\000\040\000F\000i\000l\000e\000\040\000L\000i\000s\000t}{chapter.4}% 8
\BOOKMARK [0][-]{chapter.5}{\376\377\0005\000\040\000N\000a\000m\000e\000s\000p\000a\000c\000e\000\040\000D\000o\000c\000u\000m\000e\000n\000t\000a\000t\000i\000o\000n}{}% 9
\BOOKMARK [1][-]{section.5.1}{\376\377\0005\000.\0001\000\040\000s\000t\000i\000c\000k\000m\000a\000n\000\040\000N\000a\000m\000e\000s\000p\000a\000c\000e\000\040\000R\000e\000f\000e\000r\000e\000n\000c\000e}{chapter.5}% 10
\BOOKMARK [2][-]{subsection.5.1.1}{\376\377\0005\000.\0001\000.\0001\000\040\000*}{section.5.1}% 11
\BOOKMARK [2][-]{subsection.5.1.2}{\376\377\0005\000.\0001\000.\0002\000\040\000*}{section.5.1}% 12
\BOOKMARK [2][-]{subsection.5.1.3}{\376\377\0005\000.\0001\000.\0003\000\040\000*}{section.5.1}% 13
\BOOKMARK [2][-]{subsection.5.1.4}{\376\377\0005\000.\0001\000.\0004\000\040\000T\000y\000p\000e\000d\000e\000f\000\040\000D\000o\000c\000u\000m\000e\000n\000t\000a\000t\000i\000o\000n}{section.5.1}% 14
\BOOKMARK [3][-]{subsubsection.5.1.4.1}{\376\377\0005\000.\0001\000.\0004\000.\0001\000\040\000G\000a\000m\000e\000D\000a\000t\000a\000R\000e\000f}{subsection.5.1.4}% 15
\BOOKMARK [3][-]{subsubsection.5.1.4.2}{\376\377\0005\000.\0001\000.\0004\000.\0002\000\040\000S\000t\000a\000t\000e\000R\000e\000f}{subsection.5.1.4}% 16
\BOOKMARK [2][-]{subsection.5.1.5}{\376\377\0005\000.\0001\000.\0005\000\040\000F\000u\000n\000c\000t\000i\000o\000n\000\040\000D\000o\000c\000u\000m\000e\000n\000t\000a\000t\000i\000o\000n}{section.5.1}% 17
\BOOKMARK [3][-]{subsubsection.5.1.5.1}{\376\377\0005\000.\0001\000.\0005\000.\0001\000\040\000I\000N\000S\000T\000A\000N\000T\000I\000A\000T\000E\000\137\000T\000E\000S\000T\000\137\000C\000A\000S\000E\000\137\000P\000\050\000\051}{subsection.5.1.5}% 18
\BOOKMARK [3][-]{subsubsection.5.1.5.2}{\376\377\0005\000.\0001\000.\0005\000.\0002\000\040\000T\000E\000S\000T\000\137\000F\000\050\000\051\000\040\000[\0001\000/\0003\000]}{subsection.5.1.5}% 19
\BOOKMARK [3][-]{subsubsection.5.1.5.3}{\376\377\0005\000.\0001\000.\0005\000.\0003\000\040\000T\000E\000S\000T\000\137\000F\000\050\000\051\000\040\000[\0002\000/\0003\000]}{subsection.5.1.5}% 20
\BOOKMARK [3][-]{subsubsection.5.1.5.4}{\376\377\0005\000.\0001\000.\0005\000.\0004\000\040\000T\000E\000S\000T\000\137\000F\000\050\000\051\000\040\000[\0003\000/\0003\000]}{subsection.5.1.5}% 21
\BOOKMARK [3][-]{subsubsection.5.1.5.5}{\376\377\0005\000.\0001\000.\0005\000.\0005\000\040\000T\000E\000S\000T\000\137\000P\000\050\000\051}{subsection.5.1.5}% 22
\BOOKMARK [0][-]{chapter.6}{\376\377\0006\000\040\000C\000l\000a\000s\000s\000\040\000D\000o\000c\000u\000m\000e\000n\000t\000a\000t\000i\000o\000n}{}% 23
\BOOKMARK [1][-]{section.6.1}{\376\377\0006\000.\0001\000\040\000s\000t\000i\000c\000k\000m\000a\000n\000:\000:\000A\000s\000s\000e\000t\000M\000a\000n\000a\000g\000e\000r\000\040\000C\000l\000a\000s\000s\000\040\000R\000e\000f\000e\000r\000e\000n\000c\000e}{chapter.6}% 24
\BOOKMARK [2][-]{subsection.6.1.1}{\376\377\0006\000.\0001\000.\0001\000\040\000*}{section.6.1}% 25
\BOOKMARK [2][-]{subsection.6.1.2}{\376\377\0006\000.\0001\000.\0002\000\040\000D\000e\000t\000a\000i\000l\000e\000d\000\040\000D\000e\000s\000c\000r\000i\000p\000t\000i\000o\000n}{section.6.1}% 26
\BOOKMARK [2][-]{subsection.6.1.3}{\376\377\0006\000.\0001\000.\0003\000\040\000C\000o\000n\000s\000t\000r\000u\000c\000t\000o\000r\000\040\000\046\000\040\000D\000e\000s\000t\000r\000u\000c\000t\000o\000r\000\040\000D\000o\000c\000u\000m\000e\000n\000t\000a\000t\000i\000o\000n}{section.6.1}% 27
\BOOKMARK [3][-]{subsubsection.6.1.3.1}{\376\377\0006\000.\0001\000.\0003\000.\0001\000\040\000A\000s\000s\000e\000t\000M\000a\000n\000a\000g\000e\000r\000\050\000\051}{subsection.6.1.3}% 28
\BOOKMARK [3][-]{subsubsection.6.1.3.2}{\376\377\0006\000.\0001\000.\0003\000.\0002\000\040\000\040\000A\000s\000s\000e\000t\000M\000a\000n\000a\000g\000e\000r\000\050\000\051}{subsection.6.1.3}% 29
\BOOKMARK [2][-]{subsection.6.1.4}{\376\377\0006\000.\0001\000.\0004\000\040\000M\000e\000m\000b\000e\000r\000\040\000F\000u\000n\000c\000t\000i\000o\000n\000\040\000D\000o\000c\000u\000m\000e\000n\000t\000a\000t\000i\000o\000n}{section.6.1}% 30
\BOOKMARK [3][-]{subsubsection.6.1.4.1}{\376\377\0006\000.\0001\000.\0004\000.\0001\000\040\000G\000e\000t\000F\000o\000n\000t\000\050\000\051}{subsection.6.1.4}% 31
\BOOKMARK [3][-]{subsubsection.6.1.4.2}{\376\377\0006\000.\0001\000.\0004\000.\0002\000\040\000G\000e\000t\000T\000e\000x\000t\000u\000r\000e\000\050\000\051}{subsection.6.1.4}% 32
\BOOKMARK [3][-]{subsubsection.6.1.4.3}{\376\377\0006\000.\0001\000.\0004\000.\0003\000\040\000L\000o\000a\000d\000F\000o\000n\000t\000\050\000\051}{subsection.6.1.4}% 33
\BOOKMARK [3][-]{subsubsection.6.1.4.4}{\376\377\0006\000.\0001\000.\0004\000.\0004\000\040\000L\000o\000a\000d\000T\000e\000x\000t\000u\000r\000e\000\050\000\051}{subsection.6.1.4}% 34
\BOOKMARK [1][-]{section.6.2}{\376\377\0006\000.\0002\000\040\000s\000t\000i\000c\000k\000m\000a\000n\000:\000:\000e\000m\000p\000t\000y\000S\000t\000r\000\040\000S\000t\000r\000u\000c\000t\000\040\000R\000e\000f\000e\000r\000e\000n\000c\000e}{chapter.6}% 35
\BOOKMARK [2][-]{subsection.6.2.1}{\376\377\0006\000.\0002\000.\0001\000\040\000D\000e\000t\000a\000i\000l\000e\000d\000\040\000D\000e\000s\000c\000r\000i\000p\000t\000i\000o\000n}{section.6.2}% 36
\BOOKMARK [1][-]{section.6.3}{\376\377\0006\000.\0003\000\040\000s\000t\000i\000c\000k\000m\000a\000n\000:\000:\000G\000a\000m\000e\000\040\000C\000l\000a\000s\000s\000\040\000R\000e\000f\000e\000r\000e\000n\000c\000e}{chapter.6}% 37
\BOOKMARK [2][-]{subsection.6.3.1}{\376\377\0006\000.\0003\000.\0001\000\040\000*}{section.6.3}% 38
\BOOKMARK [2][-]{subsection.6.3.2}{\376\377\0006\000.\0003\000.\0002\000\040\000*}{section.6.3}% 39
\BOOKMARK [2][-]{subsection.6.3.3}{\376\377\0006\000.\0003\000.\0003\000\040\000D\000e\000t\000a\000i\000l\000e\000d\000\040\000D\000e\000s\000c\000r\000i\000p\000t\000i\000o\000n}{section.6.3}% 40
\BOOKMARK [2][-]{subsection.6.3.4}{\376\377\0006\000.\0003\000.\0004\000\040\000C\000o\000n\000s\000t\000r\000u\000c\000t\000o\000r\000\040\000\046\000\040\000D\000e\000s\000t\000r\000u\000c\000t\000o\000r\000\040\000D\000o\000c\000u\000m\000e\000n\000t\000a\000t\000i\000o\000n}{section.6.3}% 41
\BOOKMARK [3][-]{subsubsection.6.3.4.1}{\376\377\0006\000.\0003\000.\0004\000.\0001\000\040\000G\000a\000m\000e\000\050\000\051}{subsection.6.3.4}% 42
\BOOKMARK [3][-]{subsubsection.6.3.4.2}{\376\377\0006\000.\0003\000.\0004\000.\0002\000\040\000\040\000G\000a\000m\000e\000\050\000\051}{subsection.6.3.4}% 43
\BOOKMARK [2][-]{subsection.6.3.5}{\376\377\0006\000.\0003\000.\0005\000\040\000M\000e\000m\000b\000e\000r\000\040\000F\000u\000n\000c\000t\000i\000o\000n\000\040\000D\000o\000c\000u\000m\000e\000n\000t\000a\000t\000i\000o\000n}{section.6.3}% 44
\BOOKMARK [3][-]{subsubsection.6.3.5.1}{\376\377\0006\000.\0003\000.\0005\000.\0001\000\040\000c\000h\000e\000c\000k\000c\000o\000l\000l\000i\000s\000i\000o\000n\000\050\000\051}{subsection.6.3.5}% 45
\BOOKMARK [3][-]{subsubsection.6.3.5.2}{\376\377\0006\000.\0003\000.\0005\000.\0002\000\040\000c\000l\000i\000e\000n\000t\000\137\000r\000e\000c\000e\000i\000v\000e\000\050\000\051}{subsection.6.3.5}% 46
\BOOKMARK [3][-]{subsubsection.6.3.5.3}{\376\377\0006\000.\0003\000.\0005\000.\0003\000\040\000c\000l\000i\000e\000n\000t\000\137\000s\000e\000n\000d\000\050\000\051}{subsection.6.3.5}% 47
\BOOKMARK [3][-]{subsubsection.6.3.5.4}{\376\377\0006\000.\0003\000.\0005\000.\0004\000\040\000c\000o\000n\000n\000e\000c\000t\000\050\000\051}{subsection.6.3.5}% 48
\BOOKMARK [3][-]{subsubsection.6.3.5.5}{\376\377\0006\000.\0003\000.\0005\000.\0005\000\040\000c\000r\000e\000a\000t\000e\000G\000r\000o\000u\000n\000d\000\050\000\051}{subsection.6.3.5}% 49
\BOOKMARK [3][-]{subsubsection.6.3.5.6}{\376\377\0006\000.\0003\000.\0005\000.\0006\000\040\000d\000e\000c\000r\000e\000a\000s\000e\000\137\000h\000p\000\050\000\051}{subsection.6.3.5}% 50
\BOOKMARK [3][-]{subsubsection.6.3.5.7}{\376\377\0006\000.\0003\000.\0005\000.\0007\000\040\000d\000e\000s\000t\000r\000o\000y\000B\000o\000d\000y\000\050\000\051}{subsection.6.3.5}% 51
\BOOKMARK [3][-]{subsubsection.6.3.5.8}{\376\377\0006\000.\0003\000.\0005\000.\0008\000\040\000d\000i\000s\000t\000a\000n\000c\000e\000\050\000\051}{subsection.6.3.5}% 52
\BOOKMARK [3][-]{subsubsection.6.3.5.9}{\376\377\0006\000.\0003\000.\0005\000.\0009\000\040\000d\000r\000a\000w\000\050\000\051}{subsection.6.3.5}% 53
\BOOKMARK [3][-]{subsubsection.6.3.5.10}{\376\377\0006\000.\0003\000.\0005\000.\0001\0000\000\040\000g\000a\000m\000e\000L\000o\000o\000p\000\050\000\051}{subsection.6.3.5}% 54
\BOOKMARK [3][-]{subsubsection.6.3.5.11}{\376\377\0006\000.\0003\000.\0005\000.\0001\0001\000\040\000g\000e\000n\000e\000r\000a\000t\000e\000G\000e\000m\000\050\000\051}{subsection.6.3.5}% 55
\BOOKMARK [3][-]{subsubsection.6.3.5.12}{\376\377\0006\000.\0003\000.\0005\000.\0001\0002\000\040\000g\000e\000t\000P\000l\000a\000y\000e\000r\000R\000o\000u\000n\000d\000s\000\050\000\051}{subsection.6.3.5}% 56
\BOOKMARK [3][-]{subsubsection.6.3.5.13}{\376\377\0006\000.\0003\000.\0005\000.\0001\0003\000\040\000i\000n\000i\000t\000P\000l\000a\000y\000e\000r\000\050\000\051}{subsection.6.3.5}% 57
\BOOKMARK [3][-]{subsubsection.6.3.5.14}{\376\377\0006\000.\0003\000.\0005\000.\0001\0004\000\040\000s\000e\000r\000v\000e\000r\000\137\000r\000e\000c\000e\000i\000v\000e\000\050\000\051}{subsection.6.3.5}% 58
\BOOKMARK [3][-]{subsubsection.6.3.5.15}{\376\377\0006\000.\0003\000.\0005\000.\0001\0005\000\040\000s\000e\000r\000v\000e\000r\000\137\000s\000e\000n\000d\000\050\000\051}{subsection.6.3.5}% 59
\BOOKMARK [3][-]{subsubsection.6.3.5.16}{\376\377\0006\000.\0003\000.\0005\000.\0001\0006\000\040\000s\000e\000r\000v\000e\000r\000L\000i\000s\000t\000e\000n\000\050\000\051}{subsection.6.3.5}% 60
\BOOKMARK [3][-]{subsubsection.6.3.5.17}{\376\377\0006\000.\0003\000.\0005\000.\0001\0007\000\040\000s\000e\000t\000P\000l\000a\000y\000e\000r\000R\000o\000u\000n\000d\000s\000\050\000\051}{subsection.6.3.5}% 61
\BOOKMARK [3][-]{subsubsection.6.3.5.18}{\376\377\0006\000.\0003\000.\0005\000.\0001\0008\000\040\000u\000p\000d\000a\000t\000e\000P\000l\000a\000y\000e\000r\000\050\000\051}{subsection.6.3.5}% 62
\BOOKMARK [2][-]{subsection.6.3.6}{\376\377\0006\000.\0003\000.\0006\000\040\000M\000e\000m\000b\000e\000r\000\040\000D\000a\000t\000a\000\040\000D\000o\000c\000u\000m\000e\000n\000t\000a\000t\000i\000o\000n}{section.6.3}% 63
\BOOKMARK [3][-]{subsubsection.6.3.6.1}{\376\377\0006\000.\0003\000.\0006\000.\0001\000\040\000\137\000c\000l\000o\000c\000k}{subsection.6.3.6}% 64
\BOOKMARK [3][-]{subsubsection.6.3.6.2}{\376\377\0006\000.\0003\000.\0006\000.\0002\000\040\000a\000c\000c\000e\000p\000t}{subsection.6.3.6}% 65
\BOOKMARK [3][-]{subsubsection.6.3.6.3}{\376\377\0006\000.\0003\000.\0006\000.\0003\000\040\000a\000c\000c\000e\000p\000t\0001}{subsection.6.3.6}% 66
\BOOKMARK [3][-]{subsubsection.6.3.6.4}{\376\377\0006\000.\0003\000.\0006\000.\0004\000\040\000c\000u\000r\000r\000e\000n\000t\000\137\000t\000i\000m\000e}{subsection.6.3.6}% 67
\BOOKMARK [3][-]{subsubsection.6.3.6.5}{\376\377\0006\000.\0003\000.\0006\000.\0005\000\040\000c\000u\000r\000r\000e\000n\000t\000\137\000t\000i\000m\000e\0001}{subsection.6.3.6}% 68
\BOOKMARK [3][-]{subsubsection.6.3.6.6}{\376\377\0006\000.\0003\000.\0006\000.\0006\000\040\000f\000o\000n\000t}{subsection.6.3.6}% 69
\BOOKMARK [3][-]{subsubsection.6.3.6.7}{\376\377\0006\000.\0003\000.\0006\000.\0007\000\040\000g\000e\000m\000E\000x\000i\000s\000t\000s}{subsection.6.3.6}% 70
\BOOKMARK [3][-]{subsubsection.6.3.6.8}{\376\377\0006\000.\0003\000.\0006\000.\0008\000\040\000g\000e\000m\000S\000p\000r\000i\000t\000e}{subsection.6.3.6}% 71
\BOOKMARK [3][-]{subsubsection.6.3.6.9}{\376\377\0006\000.\0003\000.\0006\000.\0009\000\040\000g\000e\000m\000T\000e\000x\000t\000u\000r\000e}{subsection.6.3.6}% 72
\BOOKMARK [3][-]{subsubsection.6.3.6.10}{\376\377\0006\000.\0003\000.\0006\000.\0001\0000\000\040\000g\000e\000m\000T\000h\000r\000e\000a\000d}{subsection.6.3.6}% 73
\BOOKMARK [3][-]{subsubsection.6.3.6.11}{\376\377\0006\000.\0003\000.\0006\000.\0001\0001\000\040\000g\000r\000o\000u\000n\000d}{subsection.6.3.6}% 74
\BOOKMARK [3][-]{subsubsection.6.3.6.12}{\376\377\0006\000.\0003\000.\0006\000.\0001\0002\000\040\000g\000r\000o\000u\000n\000d\000S\000p\000r\000i\000t\000e}{subsection.6.3.6}% 75
\BOOKMARK [3][-]{subsubsection.6.3.6.13}{\376\377\0006\000.\0003\000.\0006\000.\0001\0003\000\040\000g\000r\000o\000u\000n\000d\000T\000e\000x\000t\000u\000r\000e}{subsection.6.3.6}% 76
\BOOKMARK [3][-]{subsubsection.6.3.6.14}{\376\377\0006\000.\0003\000.\0006\000.\0001\0004\000\040\000g\000r\000o\000u\000n\000d\000U\000s\000e\000r\000D\000a\000t\000a}{subsection.6.3.6}% 77
\BOOKMARK [3][-]{subsubsection.6.3.6.15}{\376\377\0006\000.\0003\000.\0006\000.\0001\0005\000\040\000i\000p}{subsection.6.3.6}% 78
\BOOKMARK [3][-]{subsubsection.6.3.6.16}{\376\377\0006\000.\0003\000.\0006\000.\0001\0006\000\040\000i\000s\000C\000l\000i\000e\000n\000t}{subsection.6.3.6}% 79
\BOOKMARK [3][-]{subsubsection.6.3.6.17}{\376\377\0006\000.\0003\000.\0006\000.\0001\0007\000\040\000i\000s\000E\000x\000i\000t\000i\000n\000g}{subsection.6.3.6}% 80
\BOOKMARK [3][-]{subsubsection.6.3.6.18}{\376\377\0006\000.\0003\000.\0006\000.\0001\0008\000\040\000i\000s\000P\000l\000a\000y\000i\000n\000g}{subsection.6.3.6}% 81
\BOOKMARK [3][-]{subsubsection.6.3.6.19}{\376\377\0006\000.\0003\000.\0006\000.\0001\0009\000\040\000l\000i\000s\000t\000e\000n\000e\000r}{subsection.6.3.6}% 82
\BOOKMARK [3][-]{subsubsection.6.3.6.20}{\376\377\0006\000.\0003\000.\0006\000.\0002\0000\000\040\000l\000i\000s\000t\000e\000n\000S\000o\000c\000k\000e\000t}{subsection.6.3.6}% 83
\BOOKMARK [3][-]{subsubsection.6.3.6.21}{\376\377\0006\000.\0003\000.\0006\000.\0002\0001\000\040\000m}{subsection.6.3.6}% 84
\BOOKMARK [3][-]{subsubsection.6.3.6.22}{\376\377\0006\000.\0003\000.\0006\000.\0002\0002\000\040\000m\0001}{subsection.6.3.6}% 85
\BOOKMARK [3][-]{subsubsection.6.3.6.23}{\376\377\0006\000.\0003\000.\0006\000.\0002\0003\000\040\000m\000y\000i\000p}{subsection.6.3.6}% 86
\BOOKMARK [3][-]{subsubsection.6.3.6.24}{\376\377\0006\000.\0003\000.\0006\000.\0002\0004\000\040\000p}{subsection.6.3.6}% 87
\BOOKMARK [3][-]{subsubsection.6.3.6.25}{\376\377\0006\000.\0003\000.\0006\000.\0002\0005\000\040\000p\000l\000a\000y\000e\000r\0001}{subsection.6.3.6}% 88
\BOOKMARK [3][-]{subsubsection.6.3.6.26}{\376\377\0006\000.\0003\000.\0006\000.\0002\0006\000\040\000p\000l\000a\000y\000e\000r\0001\000N\000a\000m\000e\000T\000e\000x\000t}{subsection.6.3.6}% 89
\BOOKMARK [3][-]{subsubsection.6.3.6.27}{\376\377\0006\000.\0003\000.\0006\000.\0002\0007\000\040\000p\000l\000a\000y\000e\000r\0001\000R\000o\000u\000n\000d\000s}{subsection.6.3.6}% 90
\BOOKMARK [3][-]{subsubsection.6.3.6.28}{\376\377\0006\000.\0003\000.\0006\000.\0002\0008\000\040\000p\000l\000a\000y\000e\000r\0001\000R\000o\000u\000n\000d\000s\000S\000p\000r\000i\000t\000e}{subsection.6.3.6}% 91
\BOOKMARK [3][-]{subsubsection.6.3.6.29}{\376\377\0006\000.\0003\000.\0006\000.\0002\0009\000\040\000p\000l\000a\000y\000e\000r\0001\000R\000o\000u\000n\000d\000s\000T\000e\000x\000t}{subsection.6.3.6}% 92
\BOOKMARK [3][-]{subsubsection.6.3.6.30}{\376\377\0006\000.\0003\000.\0006\000.\0003\0000\000\040\000p\000l\000a\000y\000e\000r\0002}{subsection.6.3.6}% 93
\BOOKMARK [3][-]{subsubsection.6.3.6.31}{\376\377\0006\000.\0003\000.\0006\000.\0003\0001\000\040\000p\000l\000a\000y\000e\000r\0002\000N\000a\000m\000e\000T\000e\000x\000t}{subsection.6.3.6}% 94
\BOOKMARK [3][-]{subsubsection.6.3.6.32}{\376\377\0006\000.\0003\000.\0006\000.\0003\0002\000\040\000p\000l\000a\000y\000e\000r\0002\000R\000o\000u\000n\000d\000s}{subsection.6.3.6}% 95
\BOOKMARK [3][-]{subsubsection.6.3.6.33}{\376\377\0006\000.\0003\000.\0006\000.\0003\0003\000\040\000p\000l\000a\000y\000e\000r\0002\000R\000o\000u\000n\000d\000s\000S\000p\000r\000i\000t\000e}{subsection.6.3.6}% 96
\BOOKMARK [3][-]{subsubsection.6.3.6.34}{\376\377\0006\000.\0003\000.\0006\000.\0003\0004\000\040\000p\000l\000a\000y\000e\000r\0002\000R\000o\000u\000n\000d\000s\000T\000e\000x\000t}{subsection.6.3.6}% 97
\BOOKMARK [3][-]{subsubsection.6.3.6.35}{\376\377\0006\000.\0003\000.\0006\000.\0003\0005\000\040\000p\000o\000s\000i\000t\000i\000o\000n\000I\000t\000e\000r\000a\000t\000i\000o\000n\000s}{subsection.6.3.6}% 98
\BOOKMARK [3][-]{subsubsection.6.3.6.36}{\376\377\0006\000.\0003\000.\0006\000.\0003\0006\000\040\000p\000r\000e\000v\000\137\000t\000i\000m\000e}{subsection.6.3.6}% 99
\BOOKMARK [3][-]{subsubsection.6.3.6.37}{\376\377\0006\000.\0003\000.\0006\000.\0003\0007\000\040\000p\000r\000e\000v\000\137\000t\000i\000m\000e\0001}{subsection.6.3.6}% 100
\BOOKMARK [3][-]{subsubsection.6.3.6.38}{\376\377\0006\000.\0003\000.\0006\000.\0003\0008\000\040\000r\000o\000u\000n\000d\000T\000e\000x\000t\000u\000r\000e}{subsection.6.3.6}% 101
\BOOKMARK [3][-]{subsubsection.6.3.6.39}{\376\377\0006\000.\0003\000.\0006\000.\0003\0009\000\040\000r\000t\000e\000x\000t}{subsection.6.3.6}% 102
\BOOKMARK [3][-]{subsubsection.6.3.6.40}{\376\377\0006\000.\0003\000.\0006\000.\0004\0000\000\040\000r\000t\000e\000x\000t\0001}{subsection.6.3.6}% 103
\BOOKMARK [3][-]{subsubsection.6.3.6.41}{\376\377\0006\000.\0003\000.\0006\000.\0004\0001\000\040\000r\000t\000e\000x\000t\0002}{subsection.6.3.6}% 104
\BOOKMARK [3][-]{subsubsection.6.3.6.42}{\376\377\0006\000.\0003\000.\0006\000.\0004\0002\000\040\000r\000t\000e\000x\000t\0003}{subsection.6.3.6}% 105
\BOOKMARK [3][-]{subsubsection.6.3.6.43}{\376\377\0006\000.\0003\000.\0006\000.\0004\0003\000\040\000s\000e\000n\000d\000S\000o\000c\000k\000e\000t}{subsection.6.3.6}% 106
\BOOKMARK [3][-]{subsubsection.6.3.6.44}{\376\377\0006\000.\0003\000.\0006\000.\0004\0004\000\040\000t\000c\000p\000l\000i\000s\000t\000e\000n\000e\000r}{subsection.6.3.6}% 107
\BOOKMARK [3][-]{subsubsection.6.3.6.45}{\376\377\0006\000.\0003\000.\0006\000.\0004\0005\000\040\000t\000c\000p\000l\000i\000s\000t\000e\000n\000e\000r\0001}{subsection.6.3.6}% 108
\BOOKMARK [3][-]{subsubsection.6.3.6.46}{\376\377\0006\000.\0003\000.\0006\000.\0004\0006\000\040\000t\000i\000m\000e\000\137\000d\000i\000f\000f\000e\000r\000e\000n\000c\000e}{subsection.6.3.6}% 109
\BOOKMARK [3][-]{subsubsection.6.3.6.47}{\376\377\0006\000.\0003\000.\0006\000.\0004\0007\000\040\000t\000i\000m\000e\000\137\000d\000i\000f\000f\000e\000r\000e\000n\000c\000e\0001}{subsection.6.3.6}% 110
\BOOKMARK [3][-]{subsubsection.6.3.6.48}{\376\377\0006\000.\0003\000.\0006\000.\0004\0008\000\040\000t\000i\000m\000e\000S\000t\000e\000p}{subsection.6.3.6}% 111
\BOOKMARK [3][-]{subsubsection.6.3.6.49}{\376\377\0006\000.\0003\000.\0006\000.\0004\0009\000\040\000v\000e\000l\000o\000c\000i\000t\000y\000I\000t\000e\000r\000a\000t\000i\000o\000n\000s}{subsection.6.3.6}% 112
\BOOKMARK [3][-]{subsubsection.6.3.6.50}{\376\377\0006\000.\0003\000.\0006\000.\0005\0000\000\040\000w\000a\000l\000l\0001}{subsection.6.3.6}% 113
\BOOKMARK [3][-]{subsubsection.6.3.6.51}{\376\377\0006\000.\0003\000.\0006\000.\0005\0001\000\040\000w\000a\000l\000l\0001\000S\000p\000r\000i\000t\000e}{subsection.6.3.6}% 114
\BOOKMARK [3][-]{subsubsection.6.3.6.52}{\376\377\0006\000.\0003\000.\0006\000.\0005\0002\000\040\000w\000a\000l\000l\0001\000T\000e\000x\000t\000u\000r\000e}{subsection.6.3.6}% 115
\BOOKMARK [3][-]{subsubsection.6.3.6.53}{\376\377\0006\000.\0003\000.\0006\000.\0005\0003\000\040\000w\000a\000l\000l\0002}{subsection.6.3.6}% 116
\BOOKMARK [3][-]{subsubsection.6.3.6.54}{\376\377\0006\000.\0003\000.\0006\000.\0005\0004\000\040\000w\000a\000l\000l\0002\000S\000p\000r\000i\000t\000e}{subsection.6.3.6}% 117
\BOOKMARK [3][-]{subsubsection.6.3.6.55}{\376\377\0006\000.\0003\000.\0006\000.\0005\0005\000\040\000w\000a\000l\000l\0002\000T\000e\000x\000t\000u\000r\000e}{subsection.6.3.6}% 118
\BOOKMARK [3][-]{subsubsection.6.3.6.56}{\376\377\0006\000.\0003\000.\0006\000.\0005\0006\000\040\000w\000a\000l\000l\0003}{subsection.6.3.6}% 119
\BOOKMARK [3][-]{subsubsection.6.3.6.57}{\376\377\0006\000.\0003\000.\0006\000.\0005\0007\000\040\000w\000a\000l\000l\0003\000S\000p\000r\000i\000t\000e}{subsection.6.3.6}% 120
\BOOKMARK [3][-]{subsubsection.6.3.6.58}{\376\377\0006\000.\0003\000.\0006\000.\0005\0008\000\040\000w\000a\000l\000l\0003\000T\000e\000x\000t\000u\000r\000e}{subsection.6.3.6}% 121
\BOOKMARK [3][-]{subsubsection.6.3.6.59}{\376\377\0006\000.\0003\000.\0006\000.\0005\0009\000\040\000w\000i\000n\000d\000o\000w}{subsection.6.3.6}% 122
\BOOKMARK [3][-]{subsubsection.6.3.6.60}{\376\377\0006\000.\0003\000.\0006\000.\0006\0000\000\040\000w\000o\000r\000k\000e\000r}{subsection.6.3.6}% 123
\BOOKMARK [3][-]{subsubsection.6.3.6.61}{\376\377\0006\000.\0003\000.\0006\000.\0006\0001\000\040\000w\000o\000r\000l\000d}{subsection.6.3.6}% 124
\BOOKMARK [1][-]{section.6.4}{\376\377\0006\000.\0004\000\040\000s\000t\000i\000c\000k\000m\000a\000n\000:\000:\000G\000a\000m\000e\0002\000\040\000C\000l\000a\000s\000s\000\040\000R\000e\000f\000e\000r\000e\000n\000c\000e}{chapter.6}% 125
\BOOKMARK [2][-]{subsection.6.4.1}{\376\377\0006\000.\0004\000.\0001\000\040\000*}{section.6.4}% 126
\BOOKMARK [2][-]{subsection.6.4.2}{\376\377\0006\000.\0004\000.\0002\000\040\000D\000e\000t\000a\000i\000l\000e\000d\000\040\000D\000e\000s\000c\000r\000i\000p\000t\000i\000o\000n}{section.6.4}% 127
\BOOKMARK [2][-]{subsection.6.4.3}{\376\377\0006\000.\0004\000.\0003\000\040\000C\000o\000n\000s\000t\000r\000u\000c\000t\000o\000r\000\040\000\046\000\040\000D\000e\000s\000t\000r\000u\000c\000t\000o\000r\000\040\000D\000o\000c\000u\000m\000e\000n\000t\000a\000t\000i\000o\000n}{section.6.4}% 128
\BOOKMARK [3][-]{subsubsection.6.4.3.1}{\376\377\0006\000.\0004\000.\0003\000.\0001\000\040\000G\000a\000m\000e\0002\000\050\000\051}{subsection.6.4.3}% 129
\BOOKMARK [1][-]{section.6.5}{\376\377\0006\000.\0005\000\040\000s\000t\000i\000c\000k\000m\000a\000n\000:\000:\000G\000a\000m\000e\000D\000a\000t\000a\000\040\000S\000t\000r\000u\000c\000t\000\040\000R\000e\000f\000e\000r\000e\000n\000c\000e}{chapter.6}% 130
\BOOKMARK [2][-]{subsection.6.5.1}{\376\377\0006\000.\0005\000.\0001\000\040\000*}{section.6.5}% 131
\BOOKMARK [2][-]{subsection.6.5.2}{\376\377\0006\000.\0005\000.\0002\000\040\000D\000e\000t\000a\000i\000l\000e\000d\000\040\000D\000e\000s\000c\000r\000i\000p\000t\000i\000o\000n}{section.6.5}% 132
\BOOKMARK [2][-]{subsection.6.5.3}{\376\377\0006\000.\0005\000.\0003\000\040\000M\000e\000m\000b\000e\000r\000\040\000D\000a\000t\000a\000\040\000D\000o\000c\000u\000m\000e\000n\000t\000a\000t\000i\000o\000n}{section.6.5}% 133
\BOOKMARK [3][-]{subsubsection.6.5.3.1}{\376\377\0006\000.\0005\000.\0003\000.\0001\000\040\000a\000s\000s\000e\000t\000s}{subsection.6.5.3}% 134
\BOOKMARK [3][-]{subsubsection.6.5.3.2}{\376\377\0006\000.\0005\000.\0003\000.\0002\000\040\000i\000n\000p\000u\000t}{subsection.6.5.3}% 135
\BOOKMARK [3][-]{subsubsection.6.5.3.3}{\376\377\0006\000.\0005\000.\0003\000.\0003\000\040\000m\000a\000c\000h\000i\000n\000e}{subsection.6.5.3}% 136
\BOOKMARK [3][-]{subsubsection.6.5.3.4}{\376\377\0006\000.\0005\000.\0003\000.\0004\000\040\000w\000i\000n\000d\000o\000w}{subsection.6.5.3}% 137
\BOOKMARK [1][-]{section.6.6}{\376\377\0006\000.\0006\000\040\000s\000t\000i\000c\000k\000m\000a\000n\000:\000:\000G\000a\000m\000e\000O\000v\000e\000r\000\040\000C\000l\000a\000s\000s\000\040\000R\000e\000f\000e\000r\000e\000n\000c\000e}{chapter.6}% 138
\BOOKMARK [2][-]{subsection.6.6.1}{\376\377\0006\000.\0006\000.\0001\000\040\000*}{section.6.6}% 139
\BOOKMARK [2][-]{subsection.6.6.2}{\376\377\0006\000.\0006\000.\0002\000\040\000*}{section.6.6}% 140
\BOOKMARK [2][-]{subsection.6.6.3}{\376\377\0006\000.\0006\000.\0003\000\040\000D\000e\000t\000a\000i\000l\000e\000d\000\040\000D\000e\000s\000c\000r\000i\000p\000t\000i\000o\000n}{section.6.6}% 141
\BOOKMARK [2][-]{subsection.6.6.4}{\376\377\0006\000.\0006\000.\0004\000\040\000C\000o\000n\000s\000t\000r\000u\000c\000t\000o\000r\000\040\000\046\000\040\000D\000e\000s\000t\000r\000u\000c\000t\000o\000r\000\040\000D\000o\000c\000u\000m\000e\000n\000t\000a\000t\000i\000o\000n}{section.6.6}% 142
\BOOKMARK [3][-]{subsubsection.6.6.4.1}{\376\377\0006\000.\0006\000.\0004\000.\0001\000\040\000G\000a\000m\000e\000O\000v\000e\000r\000\050\000\051}{subsection.6.6.4}% 143
\BOOKMARK [2][-]{subsection.6.6.5}{\376\377\0006\000.\0006\000.\0005\000\040\000M\000e\000m\000b\000e\000r\000\040\000F\000u\000n\000c\000t\000i\000o\000n\000\040\000D\000o\000c\000u\000m\000e\000n\000t\000a\000t\000i\000o\000n}{section.6.6}% 144
\BOOKMARK [3][-]{subsubsection.6.6.5.1}{\376\377\0006\000.\0006\000.\0005\000.\0001\000\040\000D\000r\000a\000w\000\050\000\051}{subsection.6.6.5}% 145
\BOOKMARK [3][-]{subsubsection.6.6.5.2}{\376\377\0006\000.\0006\000.\0005\000.\0002\000\040\000H\000a\000n\000d\000l\000e\000I\000n\000p\000u\000t\000\050\000\051}{subsection.6.6.5}% 146
\BOOKMARK [3][-]{subsubsection.6.6.5.3}{\376\377\0006\000.\0006\000.\0005\000.\0003\000\040\000I\000n\000i\000t\000\050\000\051}{subsection.6.6.5}% 147
\BOOKMARK [3][-]{subsubsection.6.6.5.4}{\376\377\0006\000.\0006\000.\0005\000.\0004\000\040\000U\000p\000d\000a\000t\000e\000\050\000\051}{subsection.6.6.5}% 148
\BOOKMARK [2][-]{subsection.6.6.6}{\376\377\0006\000.\0006\000.\0006\000\040\000M\000e\000m\000b\000e\000r\000\040\000D\000a\000t\000a\000\040\000D\000o\000c\000u\000m\000e\000n\000t\000a\000t\000i\000o\000n}{section.6.6}% 149
\BOOKMARK [3][-]{subsubsection.6.6.6.1}{\376\377\0006\000.\0006\000.\0006\000.\0001\000\040\000f\000o\000n\000t}{subsection.6.6.6}% 150
\BOOKMARK [3][-]{subsubsection.6.6.6.2}{\376\377\0006\000.\0006\000.\0006\000.\0002\000\040\000g\000t\000e\000x\000t}{subsection.6.6.6}% 151
\BOOKMARK [3][-]{subsubsection.6.6.6.3}{\376\377\0006\000.\0006\000.\0006\000.\0003\000\040\000g\000t\000e\000x\000t\0001}{subsection.6.6.6}% 152
\BOOKMARK [1][-]{section.6.7}{\376\377\0006\000.\0007\000\040\000s\000t\000i\000c\000k\000m\000a\000n\000:\000:\000H\000e\000l\000p\000S\000t\000a\000t\000e\000\040\000C\000l\000a\000s\000s\000\040\000R\000e\000f\000e\000r\000e\000n\000c\000e}{chapter.6}% 153
\BOOKMARK [2][-]{subsection.6.7.1}{\376\377\0006\000.\0007\000.\0001\000\040\000*}{section.6.7}% 154
\BOOKMARK [2][-]{subsection.6.7.2}{\376\377\0006\000.\0007\000.\0002\000\040\000*}{section.6.7}% 155
\BOOKMARK [2][-]{subsection.6.7.3}{\376\377\0006\000.\0007\000.\0003\000\040\000D\000e\000t\000a\000i\000l\000e\000d\000\040\000D\000e\000s\000c\000r\000i\000p\000t\000i\000o\000n}{section.6.7}% 156
\BOOKMARK [2][-]{subsection.6.7.4}{\376\377\0006\000.\0007\000.\0004\000\040\000C\000o\000n\000s\000t\000r\000u\000c\000t\000o\000r\000\040\000\046\000\040\000D\000e\000s\000t\000r\000u\000c\000t\000o\000r\000\040\000D\000o\000c\000u\000m\000e\000n\000t\000a\000t\000i\000o\000n}{section.6.7}% 157
\BOOKMARK [3][-]{subsubsection.6.7.4.1}{\376\377\0006\000.\0007\000.\0004\000.\0001\000\040\000H\000e\000l\000p\000S\000t\000a\000t\000e\000\050\000\051}{subsection.6.7.4}% 158
\BOOKMARK [2][-]{subsection.6.7.5}{\376\377\0006\000.\0007\000.\0005\000\040\000M\000e\000m\000b\000e\000r\000\040\000F\000u\000n\000c\000t\000i\000o\000n\000\040\000D\000o\000c\000u\000m\000e\000n\000t\000a\000t\000i\000o\000n}{section.6.7}% 159
\BOOKMARK [3][-]{subsubsection.6.7.5.1}{\376\377\0006\000.\0007\000.\0005\000.\0001\000\040\000D\000r\000a\000w\000\050\000\051}{subsection.6.7.5}% 160
\BOOKMARK [3][-]{subsubsection.6.7.5.2}{\376\377\0006\000.\0007\000.\0005\000.\0002\000\040\000H\000a\000n\000d\000l\000e\000I\000n\000p\000u\000t\000\050\000\051}{subsection.6.7.5}% 161
\BOOKMARK [3][-]{subsubsection.6.7.5.3}{\376\377\0006\000.\0007\000.\0005\000.\0003\000\040\000I\000n\000i\000t\000\050\000\051}{subsection.6.7.5}% 162
\BOOKMARK [3][-]{subsubsection.6.7.5.4}{\376\377\0006\000.\0007\000.\0005\000.\0004\000\040\000s\000e\000t\000T\000e\000x\000t\000\050\000\051}{subsection.6.7.5}% 163
\BOOKMARK [3][-]{subsubsection.6.7.5.5}{\376\377\0006\000.\0007\000.\0005\000.\0005\000\040\000U\000p\000d\000a\000t\000e\000\050\000\051}{subsection.6.7.5}% 164
\BOOKMARK [2][-]{subsection.6.7.6}{\376\377\0006\000.\0007\000.\0006\000\040\000M\000e\000m\000b\000e\000r\000\040\000D\000a\000t\000a\000\040\000D\000o\000c\000u\000m\000e\000n\000t\000a\000t\000i\000o\000n}{section.6.7}% 165
\BOOKMARK [3][-]{subsubsection.6.7.6.1}{\376\377\0006\000.\0007\000.\0006\000.\0001\000\040\000b\000a\000c\000k\000S\000p\000r\000i\000t\000e}{subsection.6.7.6}% 166
\BOOKMARK [3][-]{subsubsection.6.7.6.2}{\376\377\0006\000.\0007\000.\0006\000.\0002\000\040\000f\000o\000n\000t}{subsection.6.7.6}% 167
\BOOKMARK [3][-]{subsubsection.6.7.6.3}{\376\377\0006\000.\0007\000.\0006\000.\0003\000\040\000i\000n\000f\000o\000T\000e\000x\000t}{subsection.6.7.6}% 168
\BOOKMARK [3][-]{subsubsection.6.7.6.4}{\376\377\0006\000.\0007\000.\0006\000.\0004\000\040\000r\000u\000l\000e\0001\000T\000e\000x\000t}{subsection.6.7.6}% 169
\BOOKMARK [3][-]{subsubsection.6.7.6.5}{\376\377\0006\000.\0007\000.\0006\000.\0005\000\040\000r\000u\000l\000e\0002\000T\000e\000x\000t}{subsection.6.7.6}% 170
\BOOKMARK [3][-]{subsubsection.6.7.6.6}{\376\377\0006\000.\0007\000.\0006\000.\0006\000\040\000r\000u\000l\000e\0003\000T\000e\000x\000t}{subsection.6.7.6}% 171
\BOOKMARK [3][-]{subsubsection.6.7.6.7}{\376\377\0006\000.\0007\000.\0006\000.\0007\000\040\000r\000u\000l\000e\000s\000T\000e\000x\000t}{subsection.6.7.6}% 172
\BOOKMARK [1][-]{section.6.8}{\376\377\0006\000.\0008\000\040\000s\000t\000i\000c\000k\000m\000a\000n\000:\000:\000I\000n\000p\000u\000t\000M\000a\000n\000a\000g\000e\000r\000\040\000C\000l\000a\000s\000s\000\040\000R\000e\000f\000e\000r\000e\000n\000c\000e}{chapter.6}% 173
\BOOKMARK [2][-]{subsection.6.8.1}{\376\377\0006\000.\0008\000.\0001\000\040\000*}{section.6.8}% 174
\BOOKMARK [2][-]{subsection.6.8.2}{\376\377\0006\000.\0008\000.\0002\000\040\000D\000e\000t\000a\000i\000l\000e\000d\000\040\000D\000e\000s\000c\000r\000i\000p\000t\000i\000o\000n}{section.6.8}% 175
\BOOKMARK [2][-]{subsection.6.8.3}{\376\377\0006\000.\0008\000.\0003\000\040\000C\000o\000n\000s\000t\000r\000u\000c\000t\000o\000r\000\040\000\046\000\040\000D\000e\000s\000t\000r\000u\000c\000t\000o\000r\000\040\000D\000o\000c\000u\000m\000e\000n\000t\000a\000t\000i\000o\000n}{section.6.8}% 176
\BOOKMARK [3][-]{subsubsection.6.8.3.1}{\376\377\0006\000.\0008\000.\0003\000.\0001\000\040\000I\000n\000p\000u\000t\000M\000a\000n\000a\000g\000e\000r\000\050\000\051}{subsection.6.8.3}% 177
\BOOKMARK [3][-]{subsubsection.6.8.3.2}{\376\377\0006\000.\0008\000.\0003\000.\0002\000\040\000\040\000I\000n\000p\000u\000t\000M\000a\000n\000a\000g\000e\000r\000\050\000\051}{subsection.6.8.3}% 178
\BOOKMARK [2][-]{subsection.6.8.4}{\376\377\0006\000.\0008\000.\0004\000\040\000M\000e\000m\000b\000e\000r\000\040\000F\000u\000n\000c\000t\000i\000o\000n\000\040\000D\000o\000c\000u\000m\000e\000n\000t\000a\000t\000i\000o\000n}{section.6.8}% 179
\BOOKMARK [3][-]{subsubsection.6.8.4.1}{\376\377\0006\000.\0008\000.\0004\000.\0001\000\040\000G\000e\000t\000M\000o\000u\000s\000e\000P\000o\000s\000i\000t\000i\000o\000n\000\050\000\051}{subsection.6.8.4}% 180
\BOOKMARK [3][-]{subsubsection.6.8.4.2}{\376\377\0006\000.\0008\000.\0004\000.\0002\000\040\000I\000s\000S\000p\000r\000i\000t\000e\000C\000l\000i\000c\000k\000e\000d\000\050\000\051}{subsection.6.8.4}% 181
\BOOKMARK [1][-]{section.6.9}{\376\377\0006\000.\0009\000\040\000s\000t\000i\000c\000k\000m\000a\000n\000:\000:\000m\000a\000i\000n\000G\000a\000m\000e\000\040\000S\000t\000r\000u\000c\000t\000\040\000R\000e\000f\000e\000r\000e\000n\000c\000e}{chapter.6}% 182
\BOOKMARK [2][-]{subsection.6.9.1}{\376\377\0006\000.\0009\000.\0001\000\040\000*}{section.6.9}% 183
\BOOKMARK [2][-]{subsection.6.9.2}{\376\377\0006\000.\0009\000.\0002\000\040\000*}{section.6.9}% 184
\BOOKMARK [2][-]{subsection.6.9.3}{\376\377\0006\000.\0009\000.\0003\000\040\000D\000e\000t\000a\000i\000l\000e\000d\000\040\000D\000e\000s\000c\000r\000i\000p\000t\000i\000o\000n}{section.6.9}% 185
\BOOKMARK [2][-]{subsection.6.9.4}{\376\377\0006\000.\0009\000.\0004\000\040\000C\000o\000n\000s\000t\000r\000u\000c\000t\000o\000r\000\040\000\046\000\040\000D\000e\000s\000t\000r\000u\000c\000t\000o\000r\000\040\000D\000o\000c\000u\000m\000e\000n\000t\000a\000t\000i\000o\000n}{section.6.9}% 186
\BOOKMARK [3][-]{subsubsection.6.9.4.1}{\376\377\0006\000.\0009\000.\0004\000.\0001\000\040\000m\000a\000i\000n\000G\000a\000m\000e\000\050\000\051\000\040\000[\0001\000/\0002\000]}{subsection.6.9.4}% 187
\BOOKMARK [3][-]{subsubsection.6.9.4.2}{\376\377\0006\000.\0009\000.\0004\000.\0002\000\040\000m\000a\000i\000n\000G\000a\000m\000e\000\050\000\051\000\040\000[\0002\000/\0002\000]}{subsection.6.9.4}% 188
\BOOKMARK [3][-]{subsubsection.6.9.4.3}{\376\377\0006\000.\0009\000.\0004\000.\0003\000\040\000\040\000m\000a\000i\000n\000G\000a\000m\000e\000\050\000\051}{subsection.6.9.4}% 189
\BOOKMARK [2][-]{subsection.6.9.5}{\376\377\0006\000.\0009\000.\0005\000\040\000M\000e\000m\000b\000e\000r\000\040\000F\000u\000n\000c\000t\000i\000o\000n\000\040\000D\000o\000c\000u\000m\000e\000n\000t\000a\000t\000i\000o\000n}{section.6.9}% 190
\BOOKMARK [3][-]{subsubsection.6.9.5.1}{\376\377\0006\000.\0009\000.\0005\000.\0001\000\040\000D\000r\000a\000w\000\050\000\051}{subsection.6.9.5}% 191
\BOOKMARK [3][-]{subsubsection.6.9.5.2}{\376\377\0006\000.\0009\000.\0005\000.\0002\000\040\000H\000a\000n\000d\000l\000e\000I\000n\000p\000u\000t\000\050\000\051}{subsection.6.9.5}% 192
\BOOKMARK [3][-]{subsubsection.6.9.5.3}{\376\377\0006\000.\0009\000.\0005\000.\0003\000\040\000I\000n\000i\000t\000\050\000\051}{subsection.6.9.5}% 193
\BOOKMARK [3][-]{subsubsection.6.9.5.4}{\376\377\0006\000.\0009\000.\0005\000.\0004\000\040\000U\000p\000d\000a\000t\000e\000\050\000\051}{subsection.6.9.5}% 194
\BOOKMARK [2][-]{subsection.6.9.6}{\376\377\0006\000.\0009\000.\0006\000\040\000M\000e\000m\000b\000e\000r\000\040\000D\000a\000t\000a\000\040\000D\000o\000c\000u\000m\000e\000n\000t\000a\000t\000i\000o\000n}{section.6.9}% 195
\BOOKMARK [3][-]{subsubsection.6.9.6.1}{\376\377\0006\000.\0009\000.\0006\000.\0001\000\040\000d\000a\000t\000a}{subsection.6.9.6}% 196
\BOOKMARK [3][-]{subsubsection.6.9.6.2}{\376\377\0006\000.\0009\000.\0006\000.\0002\000\040\000t\0001}{subsection.6.9.6}% 197
\BOOKMARK [3][-]{subsubsection.6.9.6.3}{\376\377\0006\000.\0009\000.\0006\000.\0003\000\040\000t\0002}{subsection.6.9.6}% 198
\BOOKMARK [3][-]{subsubsection.6.9.6.4}{\376\377\0006\000.\0009\000.\0006\000.\0004\000\040\000t\000e\000m\000p}{subsection.6.9.6}% 199
\BOOKMARK [1][-]{section.6.10}{\376\377\0006\000.\0001\0000\000\040\000s\000t\000i\000c\000k\000m\000a\000n\000:\000:\000M\000a\000i\000n\000M\000e\000n\000u\000S\000t\000a\000t\000e\000\040\000C\000l\000a\000s\000s\000\040\000R\000e\000f\000e\000r\000e\000n\000c\000e}{chapter.6}% 200
\BOOKMARK [2][-]{subsection.6.10.1}{\376\377\0006\000.\0001\0000\000.\0001\000\040\000*}{section.6.10}% 201
\BOOKMARK [2][-]{subsection.6.10.2}{\376\377\0006\000.\0001\0000\000.\0002\000\040\000*}{section.6.10}% 202
\BOOKMARK [2][-]{subsection.6.10.3}{\376\377\0006\000.\0001\0000\000.\0003\000\040\000D\000e\000t\000a\000i\000l\000e\000d\000\040\000D\000e\000s\000c\000r\000i\000p\000t\000i\000o\000n}{section.6.10}% 203
\BOOKMARK [2][-]{subsection.6.10.4}{\376\377\0006\000.\0001\0000\000.\0004\000\040\000C\000o\000n\000s\000t\000r\000u\000c\000t\000o\000r\000\040\000\046\000\040\000D\000e\000s\000t\000r\000u\000c\000t\000o\000r\000\040\000D\000o\000c\000u\000m\000e\000n\000t\000a\000t\000i\000o\000n}{section.6.10}% 204
\BOOKMARK [3][-]{subsubsection.6.10.4.1}{\376\377\0006\000.\0001\0000\000.\0004\000.\0001\000\040\000M\000a\000i\000n\000M\000e\000n\000u\000S\000t\000a\000t\000e\000\050\000\051}{subsection.6.10.4}% 205
\BOOKMARK [2][-]{subsection.6.10.5}{\376\377\0006\000.\0001\0000\000.\0005\000\040\000M\000e\000m\000b\000e\000r\000\040\000F\000u\000n\000c\000t\000i\000o\000n\000\040\000D\000o\000c\000u\000m\000e\000n\000t\000a\000t\000i\000o\000n}{section.6.10}% 206
\BOOKMARK [3][-]{subsubsection.6.10.5.1}{\376\377\0006\000.\0001\0000\000.\0005\000.\0001\000\040\000D\000r\000a\000w\000\050\000\051}{subsection.6.10.5}% 207
\BOOKMARK [3][-]{subsubsection.6.10.5.2}{\376\377\0006\000.\0001\0000\000.\0005\000.\0002\000\040\000H\000a\000n\000d\000l\000e\000I\000n\000p\000u\000t\000\050\000\051}{subsection.6.10.5}% 208
\BOOKMARK [3][-]{subsubsection.6.10.5.3}{\376\377\0006\000.\0001\0000\000.\0005\000.\0003\000\040\000I\000n\000i\000t\000\050\000\051}{subsection.6.10.5}% 209
\BOOKMARK [3][-]{subsubsection.6.10.5.4}{\376\377\0006\000.\0001\0000\000.\0005\000.\0004\000\040\000U\000p\000d\000a\000t\000e\000\050\000\051}{subsection.6.10.5}% 210
\BOOKMARK [2][-]{subsection.6.10.6}{\376\377\0006\000.\0001\0000\000.\0006\000\040\000M\000e\000m\000b\000e\000r\000\040\000D\000a\000t\000a\000\040\000D\000o\000c\000u\000m\000e\000n\000t\000a\000t\000i\000o\000n}{section.6.10}% 211
\BOOKMARK [3][-]{subsubsection.6.10.6.1}{\376\377\0006\000.\0001\0000\000.\0006\000.\0001\000\040\000f\000o\000n\000t}{subsection.6.10.6}% 212
\BOOKMARK [3][-]{subsubsection.6.10.6.2}{\376\377\0006\000.\0001\0000\000.\0006\000.\0002\000\040\000p\000l\000a\000y\000e\000r\000I\000n\000p\000u\000t}{subsection.6.10.6}% 213
\BOOKMARK [3][-]{subsubsection.6.10.6.3}{\376\377\0006\000.\0001\0000\000.\0006\000.\0003\000\040\000p\000l\000a\000y\000e\000r\000T\000e\000x\000t}{subsection.6.10.6}% 214
\BOOKMARK [3][-]{subsubsection.6.10.6.4}{\376\377\0006\000.\0001\0000\000.\0006\000.\0004\000\040\000t\000e\000x\000t\0001}{subsection.6.10.6}% 215
\BOOKMARK [3][-]{subsubsection.6.10.6.5}{\376\377\0006\000.\0001\0000\000.\0006\000.\0005\000\040\000t\000e\000x\000t\0002}{subsection.6.10.6}% 216
\BOOKMARK [1][-]{section.6.11}{\376\377\0006\000.\0001\0001\000\040\000s\000t\000i\000c\000k\000m\000a\000n\000:\000:\000m\000y\000L\000i\000s\000t\000e\000n\000e\000r\000\040\000C\000l\000a\000s\000s\000\040\000R\000e\000f\000e\000r\000e\000n\000c\000e}{chapter.6}% 217
\BOOKMARK [2][-]{subsection.6.11.1}{\376\377\0006\000.\0001\0001\000.\0001\000\040\000*}{section.6.11}% 218
\BOOKMARK [2][-]{subsection.6.11.2}{\376\377\0006\000.\0001\0001\000.\0002\000\040\000*}{section.6.11}% 219
\BOOKMARK [2][-]{subsection.6.11.3}{\376\377\0006\000.\0001\0001\000.\0003\000\040\000D\000e\000t\000a\000i\000l\000e\000d\000\040\000D\000e\000s\000c\000r\000i\000p\000t\000i\000o\000n}{section.6.11}% 220
\BOOKMARK [2][-]{subsection.6.11.4}{\376\377\0006\000.\0001\0001\000.\0004\000\040\000C\000o\000n\000s\000t\000r\000u\000c\000t\000o\000r\000\040\000\046\000\040\000D\000e\000s\000t\000r\000u\000c\000t\000o\000r\000\040\000D\000o\000c\000u\000m\000e\000n\000t\000a\000t\000i\000o\000n}{section.6.11}% 221
\BOOKMARK [3][-]{subsubsection.6.11.4.1}{\376\377\0006\000.\0001\0001\000.\0004\000.\0001\000\040\000m\000y\000L\000i\000s\000t\000e\000n\000e\000r\000\050\000\051}{subsection.6.11.4}% 222
\BOOKMARK [3][-]{subsubsection.6.11.4.2}{\376\377\0006\000.\0001\0001\000.\0004\000.\0002\000\040\000\040\000m\000y\000L\000i\000s\000t\000e\000n\000e\000r\000\050\000\051}{subsection.6.11.4}% 223
\BOOKMARK [2][-]{subsection.6.11.5}{\376\377\0006\000.\0001\0001\000.\0005\000\040\000M\000e\000m\000b\000e\000r\000\040\000F\000u\000n\000c\000t\000i\000o\000n\000\040\000D\000o\000c\000u\000m\000e\000n\000t\000a\000t\000i\000o\000n}{section.6.11}% 224
\BOOKMARK [3][-]{subsubsection.6.11.5.1}{\376\377\0006\000.\0001\0001\000.\0005\000.\0001\000\040\000B\000e\000g\000i\000n\000C\000o\000n\000t\000a\000c\000t\000\050\000\051}{subsection.6.11.5}% 225
\BOOKMARK [2][-]{subsection.6.11.6}{\376\377\0006\000.\0001\0001\000.\0006\000\040\000M\000e\000m\000b\000e\000r\000\040\000D\000a\000t\000a\000\040\000D\000o\000c\000u\000m\000e\000n\000t\000a\000t\000i\000o\000n}{section.6.11}% 226
\BOOKMARK [3][-]{subsubsection.6.11.6.1}{\376\377\0006\000.\0001\0001\000.\0006\000.\0001\000\040\000Q\000u\000e\000u\000e}{subsection.6.11.6}% 227
\BOOKMARK [1][-]{section.6.12}{\376\377\0006\000.\0001\0002\000\040\000s\000t\000i\000c\000k\000m\000a\000n\000:\000:\000N\000a\000m\000e\000S\000t\000a\000t\000e\000\040\000C\000l\000a\000s\000s\000\040\000R\000e\000f\000e\000r\000e\000n\000c\000e}{chapter.6}% 228
\BOOKMARK [2][-]{subsection.6.12.1}{\376\377\0006\000.\0001\0002\000.\0001\000\040\000*}{section.6.12}% 229
\BOOKMARK [2][-]{subsection.6.12.2}{\376\377\0006\000.\0001\0002\000.\0002\000\040\000*}{section.6.12}% 230
\BOOKMARK [2][-]{subsection.6.12.3}{\376\377\0006\000.\0001\0002\000.\0003\000\040\000D\000e\000t\000a\000i\000l\000e\000d\000\040\000D\000e\000s\000c\000r\000i\000p\000t\000i\000o\000n}{section.6.12}% 231
\BOOKMARK [2][-]{subsection.6.12.4}{\376\377\0006\000.\0001\0002\000.\0004\000\040\000C\000o\000n\000s\000t\000r\000u\000c\000t\000o\000r\000\040\000\046\000\040\000D\000e\000s\000t\000r\000u\000c\000t\000o\000r\000\040\000D\000o\000c\000u\000m\000e\000n\000t\000a\000t\000i\000o\000n}{section.6.12}% 232
\BOOKMARK [3][-]{subsubsection.6.12.4.1}{\376\377\0006\000.\0001\0002\000.\0004\000.\0001\000\040\000N\000a\000m\000e\000S\000t\000a\000t\000e\000\050\000\051}{subsection.6.12.4}% 233
\BOOKMARK [2][-]{subsection.6.12.5}{\376\377\0006\000.\0001\0002\000.\0005\000\040\000M\000e\000m\000b\000e\000r\000\040\000F\000u\000n\000c\000t\000i\000o\000n\000\040\000D\000o\000c\000u\000m\000e\000n\000t\000a\000t\000i\000o\000n}{section.6.12}% 234
\BOOKMARK [3][-]{subsubsection.6.12.5.1}{\376\377\0006\000.\0001\0002\000.\0005\000.\0001\000\040\000D\000r\000a\000w\000\050\000\051}{subsection.6.12.5}% 235
\BOOKMARK [3][-]{subsubsection.6.12.5.2}{\376\377\0006\000.\0001\0002\000.\0005\000.\0002\000\040\000H\000a\000n\000d\000l\000e\000I\000n\000p\000u\000t\000\050\000\051}{subsection.6.12.5}% 236
\BOOKMARK [3][-]{subsubsection.6.12.5.3}{\376\377\0006\000.\0001\0002\000.\0005\000.\0003\000\040\000I\000n\000i\000t\000\050\000\051}{subsection.6.12.5}% 237
\BOOKMARK [3][-]{subsubsection.6.12.5.4}{\376\377\0006\000.\0001\0002\000.\0005\000.\0004\000\040\000U\000p\000d\000a\000t\000e\000\050\000\051}{subsection.6.12.5}% 238
\BOOKMARK [2][-]{subsection.6.12.6}{\376\377\0006\000.\0001\0002\000.\0006\000\040\000M\000e\000m\000b\000e\000r\000\040\000D\000a\000t\000a\000\040\000D\000o\000c\000u\000m\000e\000n\000t\000a\000t\000i\000o\000n}{section.6.12}% 239
\BOOKMARK [3][-]{subsubsection.6.12.6.1}{\376\377\0006\000.\0001\0002\000.\0006\000.\0001\000\040\000e\000n\000t\000e\000r\000N\000a\000m\000e}{subsection.6.12.6}% 240
\BOOKMARK [3][-]{subsubsection.6.12.6.2}{\376\377\0006\000.\0001\0002\000.\0006\000.\0002\000\040\000f\000o\000n\000t}{subsection.6.12.6}% 241
\BOOKMARK [3][-]{subsubsection.6.12.6.3}{\376\377\0006\000.\0001\0002\000.\0006\000.\0003\000\040\000p\000l\000a\000y\000e\000r\000I\000n\000p\000u\000t}{subsection.6.12.6}% 242
\BOOKMARK [3][-]{subsubsection.6.12.6.4}{\376\377\0006\000.\0001\0002\000.\0006\000.\0004\000\040\000p\000l\000a\000y\000e\000r\000T\000e\000x\000t}{subsection.6.12.6}% 243
\BOOKMARK [3][-]{subsubsection.6.12.6.5}{\376\377\0006\000.\0001\0002\000.\0006\000.\0005\000\040\000w\000e\000l\000c\000o\000m\000e\000S\000p\000r\000i\000t\000e}{subsection.6.12.6}% 244
\BOOKMARK [3][-]{subsubsection.6.12.6.6}{\376\377\0006\000.\0001\0002\000.\0006\000.\0006\000\040\000w\000e\000l\000c\000o\000m\000e\000T\000e\000x\000t\000u\000r\000e}{subsection.6.12.6}% 245
\BOOKMARK [1][-]{section.6.13}{\376\377\0006\000.\0001\0003\000\040\000s\000t\000i\000c\000k\000m\000a\000n\000:\000:\000P\000l\000a\000y\000e\000r\000\040\000C\000l\000a\000s\000s\000\040\000R\000e\000f\000e\000r\000e\000n\000c\000e}{chapter.6}% 246
\BOOKMARK [2][-]{subsection.6.13.1}{\376\377\0006\000.\0001\0003\000.\0001\000\040\000*}{section.6.13}% 247
\BOOKMARK [2][-]{subsection.6.13.2}{\376\377\0006\000.\0001\0003\000.\0002\000\040\000*}{section.6.13}% 248
\BOOKMARK [2][-]{subsection.6.13.3}{\376\377\0006\000.\0001\0003\000.\0003\000\040\000D\000e\000t\000a\000i\000l\000e\000d\000\040\000D\000e\000s\000c\000r\000i\000p\000t\000i\000o\000n}{section.6.13}% 249
\BOOKMARK [2][-]{subsection.6.13.4}{\376\377\0006\000.\0001\0003\000.\0004\000\040\000C\000o\000n\000s\000t\000r\000u\000c\000t\000o\000r\000\040\000\046\000\040\000D\000e\000s\000t\000r\000u\000c\000t\000o\000r\000\040\000D\000o\000c\000u\000m\000e\000n\000t\000a\000t\000i\000o\000n}{section.6.13}% 250
\BOOKMARK [3][-]{subsubsection.6.13.4.1}{\376\377\0006\000.\0001\0003\000.\0004\000.\0001\000\040\000P\000l\000a\000y\000e\000r\000\050\000\051}{subsection.6.13.4}% 251
\BOOKMARK [3][-]{subsubsection.6.13.4.2}{\376\377\0006\000.\0001\0003\000.\0004\000.\0002\000\040\000\040\000P\000l\000a\000y\000e\000r\000\050\000\051}{subsection.6.13.4}% 252
\BOOKMARK [2][-]{subsection.6.13.5}{\376\377\0006\000.\0001\0003\000.\0005\000\040\000M\000e\000m\000b\000e\000r\000\040\000F\000u\000n\000c\000t\000i\000o\000n\000\040\000D\000o\000c\000u\000m\000e\000n\000t\000a\000t\000i\000o\000n}{section.6.13}% 253
\BOOKMARK [3][-]{subsubsection.6.13.5.1}{\376\377\0006\000.\0001\0003\000.\0005\000.\0001\000\040\000c\000r\000e\000a\000t\000e\000b\000o\000d\000y\000\050\000\051}{subsection.6.13.5}% 254
\BOOKMARK [3][-]{subsubsection.6.13.5.2}{\376\377\0006\000.\0001\0003\000.\0005\000.\0002\000\040\000c\000r\000e\000a\000t\000e\000h\000e\000a\000d\000\050\000\051}{subsection.6.13.5}% 255
\BOOKMARK [3][-]{subsubsection.6.13.5.3}{\376\377\0006\000.\0001\0003\000.\0005\000.\0003\000\040\000c\000r\000e\000a\000t\000e\000R\000e\000v\000o\000l\000u\000t\000e\000J\000o\000i\000n\000t\000\050\000\051}{subsection.6.13.5}% 256
\BOOKMARK [3][-]{subsubsection.6.13.5.4}{\376\377\0006\000.\0001\0003\000.\0005\000.\0004\000\040\000g\000e\000t\000H\000e\000a\000l\000t\000h\000\050\000\051}{subsection.6.13.5}% 257
\BOOKMARK [3][-]{subsubsection.6.13.5.5}{\376\377\0006\000.\0001\0003\000.\0005\000.\0005\000\040\000g\000e\000t\000N\000a\000m\000e\000\050\000\051}{subsection.6.13.5}% 258
\BOOKMARK [3][-]{subsubsection.6.13.5.6}{\376\377\0006\000.\0001\0003\000.\0005\000.\0006\000\040\000i\000n\000i\000t\000\050\000\051}{subsection.6.13.5}% 259
\BOOKMARK [3][-]{subsubsection.6.13.5.7}{\376\377\0006\000.\0001\0003\000.\0005\000.\0007\000\040\000s\000e\000t\000H\000e\000a\000l\000t\000h\000\050\000\051}{subsection.6.13.5}% 260
\BOOKMARK [3][-]{subsubsection.6.13.5.8}{\376\377\0006\000.\0001\0003\000.\0005\000.\0008\000\040\000s\000e\000t\000N\000a\000m\000e\000\050\000\051}{subsection.6.13.5}% 261
\BOOKMARK [2][-]{subsection.6.13.6}{\376\377\0006\000.\0001\0003\000.\0006\000\040\000M\000e\000m\000b\000e\000r\000\040\000D\000a\000t\000a\000\040\000D\000o\000c\000u\000m\000e\000n\000t\000a\000t\000i\000o\000n}{section.6.13}% 262
\BOOKMARK [3][-]{subsubsection.6.13.6.1}{\376\377\0006\000.\0001\0003\000.\0006\000.\0001\000\040\000b\000o\000d\000y}{subsection.6.13.6}% 263
\BOOKMARK [3][-]{subsubsection.6.13.6.2}{\376\377\0006\000.\0001\0003\000.\0006\000.\0002\000\040\000b\000o\000d\000y\000S\000p\000r\000i\000t\000e}{subsection.6.13.6}% 264
\BOOKMARK [3][-]{subsubsection.6.13.6.3}{\376\377\0006\000.\0001\0003\000.\0006\000.\0003\000\040\000b\000o\000d\000y\000T\000e\000x\000t\000u\000r\000e}{subsection.6.13.6}% 265
\BOOKMARK [3][-]{subsubsection.6.13.6.4}{\376\377\0006\000.\0001\0003\000.\0006\000.\0004\000\040\000b\000o\000d\000y\000U\000s\000e\000r\000D\000a\000t\000a}{subsection.6.13.6}% 266
\BOOKMARK [3][-]{subsubsection.6.13.6.5}{\376\377\0006\000.\0001\0003\000.\0006\000.\0005\000\040\000h\000a\000n\000d\000T\000e\000x\000t\000u\000r\000e}{subsection.6.13.6}% 267
\BOOKMARK [3][-]{subsubsection.6.13.6.6}{\376\377\0006\000.\0001\0003\000.\0006\000.\0006\000\040\000h\000e\000a\000d}{subsection.6.13.6}% 268
\BOOKMARK [3][-]{subsubsection.6.13.6.7}{\376\377\0006\000.\0001\0003\000.\0006\000.\0007\000\040\000h\000e\000a\000d\000J\000o\000i\000n\000t}{subsection.6.13.6}% 269
\BOOKMARK [3][-]{subsubsection.6.13.6.8}{\376\377\0006\000.\0001\0003\000.\0006\000.\0008\000\040\000h\000e\000a\000d\000S\000p\000r\000i\000t\000e}{subsection.6.13.6}% 270
\BOOKMARK [3][-]{subsubsection.6.13.6.9}{\376\377\0006\000.\0001\0003\000.\0006\000.\0009\000\040\000h\000e\000a\000d\000T\000e\000x\000t\000u\000r\000e}{subsection.6.13.6}% 271
\BOOKMARK [3][-]{subsubsection.6.13.6.10}{\376\377\0006\000.\0001\0003\000.\0006\000.\0001\0000\000\040\000h\000e\000a\000d\000U\000s\000e\000r\000D\000a\000t\000a}{subsection.6.13.6}% 272
\BOOKMARK [3][-]{subsubsection.6.13.6.11}{\376\377\0006\000.\0001\0003\000.\0006\000.\0001\0001\000\040\000h\000e\000a\000l\000t\000h}{subsection.6.13.6}% 273
\BOOKMARK [3][-]{subsubsection.6.13.6.12}{\376\377\0006\000.\0001\0003\000.\0006\000.\0001\0002\000\040\000l\000e\000f\000t\000\137\000h\000a\000n\000d}{subsection.6.13.6}% 274
\BOOKMARK [3][-]{subsubsection.6.13.6.13}{\376\377\0006\000.\0001\0003\000.\0006\000.\0001\0003\000\040\000l\000e\000f\000t\000\137\000h\000a\000n\000d\000J\000o\000i\000n\000t}{subsection.6.13.6}% 275
\BOOKMARK [3][-]{subsubsection.6.13.6.14}{\376\377\0006\000.\0001\0003\000.\0006\000.\0001\0004\000\040\000l\000e\000f\000t\000\137\000h\000a\000n\000d\000S\000p\000r\000i\000t\000e}{subsection.6.13.6}% 276
\BOOKMARK [3][-]{subsubsection.6.13.6.15}{\376\377\0006\000.\0001\0003\000.\0006\000.\0001\0005\000\040\000l\000e\000f\000t\000\137\000h\000a\000n\000d\000U\000s\000e\000r\000D\000a\000t\000a}{subsection.6.13.6}% 277
\BOOKMARK [3][-]{subsubsection.6.13.6.16}{\376\377\0006\000.\0001\0003\000.\0006\000.\0001\0006\000\040\000l\000e\000f\000t\000\137\000l\000e\000g}{subsection.6.13.6}% 278
\BOOKMARK [3][-]{subsubsection.6.13.6.17}{\376\377\0006\000.\0001\0003\000.\0006\000.\0001\0007\000\040\000l\000e\000f\000t\000\137\000l\000e\000g\000J\000o\000i\000n\000t}{subsection.6.13.6}% 279
\BOOKMARK [3][-]{subsubsection.6.13.6.18}{\376\377\0006\000.\0001\0003\000.\0006\000.\0001\0008\000\040\000l\000e\000f\000t\000\137\000l\000e\000g\000S\000p\000r\000i\000t\000e}{subsection.6.13.6}% 280
\BOOKMARK [3][-]{subsubsection.6.13.6.19}{\376\377\0006\000.\0001\0003\000.\0006\000.\0001\0009\000\040\000l\000e\000f\000t\000\137\000l\000e\000g\000U\000s\000e\000r\000D\000a\000t\000a}{subsection.6.13.6}% 281
\BOOKMARK [3][-]{subsubsection.6.13.6.20}{\376\377\0006\000.\0001\0003\000.\0006\000.\0002\0000\000\040\000l\000e\000g\000T\000e\000x\000t\000u\000r\000e}{subsection.6.13.6}% 282
\BOOKMARK [3][-]{subsubsection.6.13.6.21}{\376\377\0006\000.\0001\0003\000.\0006\000.\0002\0001\000\040\000n\000a\000m\000e}{subsection.6.13.6}% 283
\BOOKMARK [3][-]{subsubsection.6.13.6.22}{\376\377\0006\000.\0001\0003\000.\0006\000.\0002\0002\000\040\000r\000i\000g\000h\000t\000\137\000h\000a\000n\000d}{subsection.6.13.6}% 284
\BOOKMARK [3][-]{subsubsection.6.13.6.23}{\376\377\0006\000.\0001\0003\000.\0006\000.\0002\0003\000\040\000r\000i\000g\000h\000t\000\137\000h\000a\000n\000d\000J\000o\000i\000n\000t}{subsection.6.13.6}% 285
\BOOKMARK [3][-]{subsubsection.6.13.6.24}{\376\377\0006\000.\0001\0003\000.\0006\000.\0002\0004\000\040\000r\000i\000g\000h\000t\000\137\000h\000a\000n\000d\000S\000p\000r\000i\000t\000e}{subsection.6.13.6}% 286
\BOOKMARK [3][-]{subsubsection.6.13.6.25}{\376\377\0006\000.\0001\0003\000.\0006\000.\0002\0005\000\040\000r\000i\000g\000h\000t\000\137\000h\000a\000n\000d\000U\000s\000e\000r\000D\000a\000t\000a}{subsection.6.13.6}% 287
\BOOKMARK [3][-]{subsubsection.6.13.6.26}{\376\377\0006\000.\0001\0003\000.\0006\000.\0002\0006\000\040\000r\000i\000g\000h\000t\000\137\000l\000e\000g}{subsection.6.13.6}% 288
\BOOKMARK [3][-]{subsubsection.6.13.6.27}{\376\377\0006\000.\0001\0003\000.\0006\000.\0002\0007\000\040\000r\000i\000g\000h\000t\000\137\000l\000e\000g\000J\000o\000i\000n\000t}{subsection.6.13.6}% 289
\BOOKMARK [3][-]{subsubsection.6.13.6.28}{\376\377\0006\000.\0001\0003\000.\0006\000.\0002\0008\000\040\000r\000i\000g\000h\000t\000\137\000l\000e\000g\000S\000p\000r\000i\000t\000e}{subsection.6.13.6}% 290
\BOOKMARK [3][-]{subsubsection.6.13.6.29}{\376\377\0006\000.\0001\0003\000.\0006\000.\0002\0009\000\040\000r\000i\000g\000h\000t\000\137\000l\000e\000g\000U\000s\000e\000r\000D\000a\000t\000a}{subsection.6.13.6}% 291
\BOOKMARK [1][-]{section.6.14}{\376\377\0006\000.\0001\0004\000\040\000s\000t\000i\000c\000k\000m\000a\000n\000:\000:\000p\000l\000a\000y\000e\000r\000d\000a\000t\000a\000\040\000S\000t\000r\000u\000c\000t\000\040\000R\000e\000f\000e\000r\000e\000n\000c\000e}{chapter.6}% 292
\BOOKMARK [2][-]{subsection.6.14.1}{\376\377\0006\000.\0001\0004\000.\0001\000\040\000*}{section.6.14}% 293
\BOOKMARK [2][-]{subsection.6.14.2}{\376\377\0006\000.\0001\0004\000.\0002\000\040\000*}{section.6.14}% 294
\BOOKMARK [2][-]{subsection.6.14.3}{\376\377\0006\000.\0001\0004\000.\0003\000\040\000D\000e\000t\000a\000i\000l\000e\000d\000\040\000D\000e\000s\000c\000r\000i\000p\000t\000i\000o\000n}{section.6.14}% 295
\BOOKMARK [2][-]{subsection.6.14.4}{\376\377\0006\000.\0001\0004\000.\0004\000\040\000C\000o\000n\000s\000t\000r\000u\000c\000t\000o\000r\000\040\000\046\000\040\000D\000e\000s\000t\000r\000u\000c\000t\000o\000r\000\040\000D\000o\000c\000u\000m\000e\000n\000t\000a\000t\000i\000o\000n}{section.6.14}% 296
\BOOKMARK [3][-]{subsubsection.6.14.4.1}{\376\377\0006\000.\0001\0004\000.\0004\000.\0001\000\040\000p\000l\000a\000y\000e\000r\000d\000a\000t\000a\000\050\000\051}{subsection.6.14.4}% 297
\BOOKMARK [3][-]{subsubsection.6.14.4.2}{\376\377\0006\000.\0001\0004\000.\0004\000.\0002\000\040\000\040\000p\000l\000a\000y\000e\000r\000d\000a\000t\000a\000\050\000\051}{subsection.6.14.4}% 298
\BOOKMARK [2][-]{subsection.6.14.5}{\376\377\0006\000.\0001\0004\000.\0005\000\040\000M\000e\000m\000b\000e\000r\000\040\000D\000a\000t\000a\000\040\000D\000o\000c\000u\000m\000e\000n\000t\000a\000t\000i\000o\000n}{section.6.14}% 299
\BOOKMARK [3][-]{subsubsection.6.14.5.1}{\376\377\0006\000.\0001\0004\000.\0005\000.\0001\000\040\000a}{subsection.6.14.5}% 300
\BOOKMARK [3][-]{subsubsection.6.14.5.2}{\376\377\0006\000.\0001\0004\000.\0005\000.\0002\000\040\000b}{subsection.6.14.5}% 301
\BOOKMARK [3][-]{subsubsection.6.14.5.3}{\376\377\0006\000.\0001\0004\000.\0005\000.\0003\000\040\000d\000a\000t\000a}{subsection.6.14.5}% 302
\BOOKMARK [3][-]{subsubsection.6.14.5.4}{\376\377\0006\000.\0001\0004\000.\0005\000.\0004\000\040\000p\000h\000e\000a\000l\000t\000h\0001}{subsection.6.14.5}% 303
\BOOKMARK [3][-]{subsubsection.6.14.5.5}{\376\377\0006\000.\0001\0004\000.\0005\000.\0005\000\040\000p\000h\000e\000a\000l\000t\000h\0002}{subsection.6.14.5}% 304
\BOOKMARK [3][-]{subsubsection.6.14.5.6}{\376\377\0006\000.\0001\0004\000.\0005\000.\0006\000\040\000t\0001}{subsection.6.14.5}% 305
\BOOKMARK [3][-]{subsubsection.6.14.5.7}{\376\377\0006\000.\0001\0004\000.\0005\000.\0007\000\040\000t\0002}{subsection.6.14.5}% 306
\BOOKMARK [3][-]{subsubsection.6.14.5.8}{\376\377\0006\000.\0001\0004\000.\0005\000.\0008\000\040\000t\000e\000m\000p}{subsection.6.14.5}% 307
\BOOKMARK [1][-]{section.6.15}{\376\377\0006\000.\0001\0005\000\040\000s\000t\000i\000c\000k\000m\000a\000n\000:\000:\000S\000p\000l\000a\000s\000h\000S\000t\000a\000t\000e\000\040\000C\000l\000a\000s\000s\000\040\000R\000e\000f\000e\000r\000e\000n\000c\000e}{chapter.6}% 308
\BOOKMARK [2][-]{subsection.6.15.1}{\376\377\0006\000.\0001\0005\000.\0001\000\040\000*}{section.6.15}% 309
\BOOKMARK [2][-]{subsection.6.15.2}{\376\377\0006\000.\0001\0005\000.\0002\000\040\000D\000e\000t\000a\000i\000l\000e\000d\000\040\000D\000e\000s\000c\000r\000i\000p\000t\000i\000o\000n}{section.6.15}% 310
\BOOKMARK [2][-]{subsection.6.15.3}{\376\377\0006\000.\0001\0005\000.\0003\000\040\000C\000o\000n\000s\000t\000r\000u\000c\000t\000o\000r\000\040\000\046\000\040\000D\000e\000s\000t\000r\000u\000c\000t\000o\000r\000\040\000D\000o\000c\000u\000m\000e\000n\000t\000a\000t\000i\000o\000n}{section.6.15}% 311
\BOOKMARK [3][-]{subsubsection.6.15.3.1}{\376\377\0006\000.\0001\0005\000.\0003\000.\0001\000\040\000S\000p\000l\000a\000s\000h\000S\000t\000a\000t\000e\000\050\000\051}{subsection.6.15.3}% 312
\BOOKMARK [2][-]{subsection.6.15.4}{\376\377\0006\000.\0001\0005\000.\0004\000\040\000M\000e\000m\000b\000e\000r\000\040\000F\000u\000n\000c\000t\000i\000o\000n\000\040\000D\000o\000c\000u\000m\000e\000n\000t\000a\000t\000i\000o\000n}{section.6.15}% 313
\BOOKMARK [3][-]{subsubsection.6.15.4.1}{\376\377\0006\000.\0001\0005\000.\0004\000.\0001\000\040\000D\000r\000a\000w\000\050\000\051}{subsection.6.15.4}% 314
\BOOKMARK [3][-]{subsubsection.6.15.4.2}{\376\377\0006\000.\0001\0005\000.\0004\000.\0002\000\040\000H\000a\000n\000d\000l\000e\000I\000n\000p\000u\000t\000\050\000\051}{subsection.6.15.4}% 315
\BOOKMARK [3][-]{subsubsection.6.15.4.3}{\376\377\0006\000.\0001\0005\000.\0004\000.\0003\000\040\000I\000n\000i\000t\000\050\000\051}{subsection.6.15.4}% 316
\BOOKMARK [3][-]{subsubsection.6.15.4.4}{\376\377\0006\000.\0001\0005\000.\0004\000.\0004\000\040\000U\000p\000d\000a\000t\000e\000\050\000\051}{subsection.6.15.4}% 317
\BOOKMARK [1][-]{section.6.16}{\376\377\0006\000.\0001\0006\000\040\000s\000t\000i\000c\000k\000m\000a\000n\000:\000:\000S\000t\000a\000t\000e\000\040\000C\000l\000a\000s\000s\000\040\000R\000e\000f\000e\000r\000e\000n\000c\000e}{chapter.6}% 318
\BOOKMARK [2][-]{subsection.6.16.1}{\376\377\0006\000.\0001\0006\000.\0001\000\040\000*}{section.6.16}% 319
\BOOKMARK [2][-]{subsection.6.16.2}{\376\377\0006\000.\0001\0006\000.\0002\000\040\000D\000e\000t\000a\000i\000l\000e\000d\000\040\000D\000e\000s\000c\000r\000i\000p\000t\000i\000o\000n}{section.6.16}% 320
\BOOKMARK [2][-]{subsection.6.16.3}{\376\377\0006\000.\0001\0006\000.\0003\000\040\000M\000e\000m\000b\000e\000r\000\040\000F\000u\000n\000c\000t\000i\000o\000n\000\040\000D\000o\000c\000u\000m\000e\000n\000t\000a\000t\000i\000o\000n}{section.6.16}% 321
\BOOKMARK [3][-]{subsubsection.6.16.3.1}{\376\377\0006\000.\0001\0006\000.\0003\000.\0001\000\040\000D\000r\000a\000w\000\050\000\051}{subsection.6.16.3}% 322
\BOOKMARK [3][-]{subsubsection.6.16.3.2}{\376\377\0006\000.\0001\0006\000.\0003\000.\0002\000\040\000H\000a\000n\000d\000l\000e\000I\000n\000p\000u\000t\000\050\000\051}{subsection.6.16.3}% 323
\BOOKMARK [3][-]{subsubsection.6.16.3.3}{\376\377\0006\000.\0001\0006\000.\0003\000.\0003\000\040\000I\000n\000i\000t\000\050\000\051}{subsection.6.16.3}% 324
\BOOKMARK [3][-]{subsubsection.6.16.3.4}{\376\377\0006\000.\0001\0006\000.\0003\000.\0004\000\040\000P\000a\000u\000s\000e\000\050\000\051}{subsection.6.16.3}% 325
\BOOKMARK [3][-]{subsubsection.6.16.3.5}{\376\377\0006\000.\0001\0006\000.\0003\000.\0005\000\040\000R\000e\000s\000u\000m\000e\000\050\000\051}{subsection.6.16.3}% 326
\BOOKMARK [3][-]{subsubsection.6.16.3.6}{\376\377\0006\000.\0001\0006\000.\0003\000.\0006\000\040\000U\000p\000d\000a\000t\000e\000\050\000\051}{subsection.6.16.3}% 327
\BOOKMARK [1][-]{section.6.17}{\376\377\0006\000.\0001\0007\000\040\000s\000t\000i\000c\000k\000m\000a\000n\000:\000:\000S\000t\000a\000t\000e\000M\000a\000c\000h\000i\000n\000e\000\040\000C\000l\000a\000s\000s\000\040\000R\000e\000f\000e\000r\000e\000n\000c\000e}{chapter.6}% 328
\BOOKMARK [2][-]{subsection.6.17.1}{\376\377\0006\000.\0001\0007\000.\0001\000\040\000*}{section.6.17}% 329
\BOOKMARK [2][-]{subsection.6.17.2}{\376\377\0006\000.\0001\0007\000.\0002\000\040\000D\000e\000t\000a\000i\000l\000e\000d\000\040\000D\000e\000s\000c\000r\000i\000p\000t\000i\000o\000n}{section.6.17}% 330
\BOOKMARK [2][-]{subsection.6.17.3}{\376\377\0006\000.\0001\0007\000.\0003\000\040\000C\000o\000n\000s\000t\000r\000u\000c\000t\000o\000r\000\040\000\046\000\040\000D\000e\000s\000t\000r\000u\000c\000t\000o\000r\000\040\000D\000o\000c\000u\000m\000e\000n\000t\000a\000t\000i\000o\000n}{section.6.17}% 331
\BOOKMARK [3][-]{subsubsection.6.17.3.1}{\376\377\0006\000.\0001\0007\000.\0003\000.\0001\000\040\000S\000t\000a\000t\000e\000M\000a\000c\000h\000i\000n\000e\000\050\000\051}{subsection.6.17.3}% 332
\BOOKMARK [3][-]{subsubsection.6.17.3.2}{\376\377\0006\000.\0001\0007\000.\0003\000.\0002\000\040\000\040\000S\000t\000a\000t\000e\000M\000a\000c\000h\000i\000n\000e\000\050\000\051}{subsection.6.17.3}% 333
\BOOKMARK [2][-]{subsection.6.17.4}{\376\377\0006\000.\0001\0007\000.\0004\000\040\000M\000e\000m\000b\000e\000r\000\040\000F\000u\000n\000c\000t\000i\000o\000n\000\040\000D\000o\000c\000u\000m\000e\000n\000t\000a\000t\000i\000o\000n}{section.6.17}% 334
\BOOKMARK [3][-]{subsubsection.6.17.4.1}{\376\377\0006\000.\0001\0007\000.\0004\000.\0001\000\040\000A\000d\000d\000S\000t\000a\000t\000e\000\050\000\051}{subsection.6.17.4}% 335
\BOOKMARK [3][-]{subsubsection.6.17.4.2}{\376\377\0006\000.\0001\0007\000.\0004\000.\0002\000\040\000G\000e\000t\000A\000c\000t\000i\000v\000e\000S\000t\000a\000t\000e\000\050\000\051}{subsection.6.17.4}% 336
\BOOKMARK [3][-]{subsubsection.6.17.4.3}{\376\377\0006\000.\0001\0007\000.\0004\000.\0003\000\040\000P\000r\000o\000c\000e\000s\000s\000S\000t\000a\000t\000e\000C\000h\000a\000n\000g\000e\000s\000\050\000\051}{subsection.6.17.4}% 337
\BOOKMARK [3][-]{subsubsection.6.17.4.4}{\376\377\0006\000.\0001\0007\000.\0004\000.\0004\000\040\000R\000e\000m\000o\000v\000e\000S\000t\000a\000t\000e\000\050\000\051}{subsection.6.17.4}% 338
\BOOKMARK [1][-]{section.6.18}{\376\377\0006\000.\0001\0008\000\040\000s\000t\000i\000c\000k\000m\000a\000n\000:\000:\000t\000e\000s\000t\000D\000e\000c\000r\000e\000a\000s\000e\000H\000p\000\040\000S\000t\000r\000u\000c\000t\000\040\000R\000e\000f\000e\000r\000e\000n\000c\000e}{chapter.6}% 339
\BOOKMARK [2][-]{subsection.6.18.1}{\376\377\0006\000.\0001\0008\000.\0001\000\040\000D\000e\000t\000a\000i\000l\000e\000d\000\040\000D\000e\000s\000c\000r\000i\000p\000t\000i\000o\000n}{section.6.18}% 340
\BOOKMARK [0][-]{chapter.7}{\376\377\0007\000\040\000F\000i\000l\000e\000\040\000D\000o\000c\000u\000m\000e\000n\000t\000a\000t\000i\000o\000n}{}% 341
\BOOKMARK [1][-]{section.7.1}{\376\377\0007\000.\0001\000\040\000A\000s\000s\000e\000t\000M\000a\000n\000a\000g\000e\000r\000.\000c\000p\000p\000\040\000F\000i\000l\000e\000\040\000R\000e\000f\000e\000r\000e\000n\000c\000e}{chapter.7}% 342
\BOOKMARK [2][-]{subsection.7.1.1}{\376\377\0007\000.\0001\000.\0001\000\040\000*}{section.7.1}% 343
\BOOKMARK [1][-]{section.7.2}{\376\377\0007\000.\0002\000\040\000A\000s\000s\000e\000t\000M\000a\000n\000a\000g\000e\000r\000.\000h\000p\000p\000\040\000F\000i\000l\000e\000\040\000R\000e\000f\000e\000r\000e\000n\000c\000e}{chapter.7}% 344
\BOOKMARK [2][-]{subsection.7.2.1}{\376\377\0007\000.\0002\000.\0001\000\040\000*}{section.7.2}% 345
\BOOKMARK [2][-]{subsection.7.2.2}{\376\377\0007\000.\0002\000.\0002\000\040\000*}{section.7.2}% 346
\BOOKMARK [1][-]{section.7.3}{\376\377\0007\000.\0003\000\040\000D\000E\000F\000I\000N\000I\000T\000I\000O\000N\000S\000.\000h\000p\000p\000\040\000F\000i\000l\000e\000\040\000R\000e\000f\000e\000r\000e\000n\000c\000e}{chapter.7}% 347
\BOOKMARK [2][-]{subsection.7.3.1}{\376\377\0007\000.\0003\000.\0001\000\040\000*}{section.7.3}% 348
\BOOKMARK [2][-]{subsection.7.3.2}{\376\377\0007\000.\0003\000.\0002\000\040\000M\000a\000c\000r\000o\000\040\000D\000e\000f\000i\000n\000i\000t\000i\000o\000n\000\040\000D\000o\000c\000u\000m\000e\000n\000t\000a\000t\000i\000o\000n}{section.7.3}% 349
\BOOKMARK [3][-]{subsubsection.7.3.2.1}{\376\377\0007\000.\0003\000.\0002\000.\0001\000\040\000B\000A\000C\000K\000\137\000B\000U\000T\000T\000O\000N}{subsection.7.3.2}% 350
\BOOKMARK [3][-]{subsubsection.7.3.2.2}{\376\377\0007\000.\0003\000.\0002\000.\0002\000\040\000E\000N\000T\000E\000R\000\137\000B\000U\000T\000T\000O\000N\000\137\0001\000\137\000F\000I\000L\000E\000P\000A\000T\000H}{subsection.7.3.2}% 351
\BOOKMARK [3][-]{subsubsection.7.3.2.3}{\376\377\0007\000.\0003\000.\0002\000.\0003\000\040\000H\000E\000L\000P\000\137\000B\000U\000T\000T\000O\000N}{subsection.7.3.2}% 352
\BOOKMARK [3][-]{subsubsection.7.3.2.4}{\376\377\0007\000.\0003\000.\0002\000.\0004\000\040\000H\000O\000S\000T\000\137\000B\000U\000T\000T\000O\000N}{subsection.7.3.2}% 353
\BOOKMARK [3][-]{subsubsection.7.3.2.5}{\376\377\0007\000.\0003\000.\0002\000.\0005\000\040\000J\000O\000I\000N\000\137\000B\000U\000T\000T\000O\000N}{subsection.7.3.2}% 354
\BOOKMARK [3][-]{subsubsection.7.3.2.6}{\376\377\0007\000.\0003\000.\0002\000.\0006\000\040\000R\000e\000s\000t\000a\000r\000t\000\137\000F\000I\000L\000E\000P\000A\000T\000H}{subsection.7.3.2}% 355
\BOOKMARK [3][-]{subsubsection.7.3.2.7}{\376\377\0007\000.\0003\000.\0002\000.\0007\000\040\000S\000C\000R\000E\000E\000N\000\137\000H\000E\000I\000G\000H\000T}{subsection.7.3.2}% 356
\BOOKMARK [3][-]{subsubsection.7.3.2.8}{\376\377\0007\000.\0003\000.\0002\000.\0008\000\040\000S\000C\000R\000E\000E\000N\000\137\000W\000I\000D\000T\000H}{subsection.7.3.2}% 357
\BOOKMARK [3][-]{subsubsection.7.3.2.9}{\376\377\0007\000.\0003\000.\0002\000.\0009\000\040\000S\000P\000L\000A\000S\000H\000\137\000S\000C\000E\000N\000E\000\137\000B\000A\000C\000K\000G\000R\000O\000U\000N\000D\000\137\000F\000I\000L\000E\000P\000A\000T\000H}{subsection.7.3.2}% 358
\BOOKMARK [3][-]{subsubsection.7.3.2.10}{\376\377\0007\000.\0003\000.\0002\000.\0001\0000\000\040\000S\000P\000L\000A\000S\000H\000\137\000S\000C\000E\000N\000E\000\137\000B\000A\000L\000O\000O\000N\0001\000\137\000F\000I\000L\000E\000P\000A\000T\000H}{subsection.7.3.2}% 359
\BOOKMARK [3][-]{subsubsection.7.3.2.11}{\376\377\0007\000.\0003\000.\0002\000.\0001\0001\000\040\000S\000P\000L\000A\000S\000H\000\137\000S\000C\000E\000N\000E\000\137\000B\000A\000L\000O\000O\000N\000\137\000F\000I\000L\000E\000P\000A\000T\000H}{subsection.7.3.2}% 360
\BOOKMARK [3][-]{subsubsection.7.3.2.12}{\376\377\0007\000.\0003\000.\0002\000.\0001\0002\000\040\000S\000P\000L\000A\000S\000H\000\137\000S\000C\000E\000N\000E\000\137\000C\000R\000E\000A\000T\000E\000\137\000F\000I\000L\000E\000P\000A\000T\000H}{subsection.7.3.2}% 361
\BOOKMARK [3][-]{subsubsection.7.3.2.13}{\376\377\0007\000.\0003\000.\0002\000.\0001\0003\000\040\000S\000P\000L\000A\000S\000H\000\137\000S\000C\000E\000N\000E\000\137\000L\000O\000G\000O\000\137\000F\000I\000L\000E\000P\000A\000T\000H}{subsection.7.3.2}% 362
\BOOKMARK [3][-]{subsubsection.7.3.2.14}{\376\377\0007\000.\0003\000.\0002\000.\0001\0004\000\040\000S\000P\000L\000A\000S\000H\000\137\000S\000C\000E\000N\000E\000\137\000N\000A\000M\000E\0001\000\137\000F\000I\000L\000E\000P\000A\000T\000H}{subsection.7.3.2}% 363
\BOOKMARK [3][-]{subsubsection.7.3.2.15}{\376\377\0007\000.\0003\000.\0002\000.\0001\0005\000\040\000S\000P\000L\000A\000S\000H\000\137\000S\000C\000E\000N\000E\000\137\000N\000A\000M\000E\0002\000\137\000F\000I\000L\000E\000P\000A\000T\000H}{subsection.7.3.2}% 364
\BOOKMARK [3][-]{subsubsection.7.3.2.16}{\376\377\0007\000.\0003\000.\0002\000.\0001\0006\000\040\000S\000P\000L\000A\000S\000H\000\137\000S\000C\000E\000N\000E\000\137\000N\000A\000M\000E\0003\000\137\000F\000I\000L\000E\000P\000A\000T\000H}{subsection.7.3.2}% 365
\BOOKMARK [3][-]{subsubsection.7.3.2.17}{\376\377\0007\000.\0003\000.\0002\000.\0001\0007\000\040\000S\000P\000L\000A\000S\000H\000\137\000S\000C\000E\000N\000E\000\137\000N\000A\000M\000E\0004\000\137\000F\000I\000L\000E\000P\000A\000T\000H}{subsection.7.3.2}% 366
\BOOKMARK [3][-]{subsubsection.7.3.2.18}{\376\377\0007\000.\0003\000.\0002\000.\0001\0008\000\040\000S\000P\000L\000A\000S\000H\000\137\000S\000C\000E\000N\000E\000\137\000P\000r\000e\000s\000s\000\137\000F\000I\000L\000E\000P\000A\000T\000H}{subsection.7.3.2}% 367
\BOOKMARK [3][-]{subsubsection.7.3.2.19}{\376\377\0007\000.\0003\000.\0002\000.\0001\0009\000\040\000S\000P\000L\000A\000S\000H\000\137\000S\000T\000A\000T\000E\000\137\000S\000H\000O\000W\000\137\000T\000I\000M\000E}{subsection.7.3.2}% 368
\BOOKMARK [1][-]{section.7.4}{\376\377\0007\000.\0004\000\040\000G\000a\000m\000e\000.\000c\000p\000p\000\040\000F\000i\000l\000e\000\040\000R\000e\000f\000e\000r\000e\000n\000c\000e}{chapter.7}% 369
\BOOKMARK [2][-]{subsection.7.4.1}{\376\377\0007\000.\0004\000.\0001\000\040\000*}{section.7.4}% 370
\BOOKMARK [1][-]{section.7.5}{\376\377\0007\000.\0005\000\040\000g\000a\000m\000e\000.\000c\000p\000p\000\040\000F\000i\000l\000e\000\040\000R\000e\000f\000e\000r\000e\000n\000c\000e}{chapter.7}% 371
\BOOKMARK [2][-]{subsection.7.5.1}{\376\377\0007\000.\0005\000.\0001\000\040\000*}{section.7.5}% 372
\BOOKMARK [2][-]{subsection.7.5.2}{\376\377\0007\000.\0005\000.\0002\000\040\000*}{section.7.5}% 373
\BOOKMARK [2][-]{subsection.7.5.3}{\376\377\0007\000.\0005\000.\0003\000\040\000*}{section.7.5}% 374
\BOOKMARK [2][-]{subsection.7.5.4}{\376\377\0007\000.\0005\000.\0004\000\040\000M\000a\000c\000r\000o\000\040\000D\000e\000f\000i\000n\000i\000t\000i\000o\000n\000\040\000D\000o\000c\000u\000m\000e\000n\000t\000a\000t\000i\000o\000n}{section.7.5}% 375
\BOOKMARK [3][-]{subsubsection.7.5.4.1}{\376\377\0007\000.\0005\000.\0004\000.\0001\000\040\000D\000E\000G\000T\000O\000R\000A\000D}{subsection.7.5.4}% 376
\BOOKMARK [2][-]{subsection.7.5.5}{\376\377\0007\000.\0005\000.\0005\000\040\000V\000a\000r\000i\000a\000b\000l\000e\000\040\000D\000o\000c\000u\000m\000e\000n\000t\000a\000t\000i\000o\000n}{section.7.5}% 377
\BOOKMARK [3][-]{subsubsection.7.5.5.1}{\376\377\0007\000.\0005\000.\0005\000.\0001\000\040\000S\000C\000A\000L\000E}{subsection.7.5.5}% 378
\BOOKMARK [3][-]{subsubsection.7.5.5.2}{\376\377\0007\000.\0005\000.\0005\000.\0002\000\040\000t\000e\000m\000p\0001}{subsection.7.5.5}% 379
\BOOKMARK [3][-]{subsubsection.7.5.5.3}{\376\377\0007\000.\0005\000.\0005\000.\0003\000\040\000t\000e\000m\000p\0002}{subsection.7.5.5}% 380
\BOOKMARK [1][-]{section.7.6}{\376\377\0007\000.\0006\000\040\000g\000a\000m\000e\000.\000h\000\040\000F\000i\000l\000e\000\040\000R\000e\000f\000e\000r\000e\000n\000c\000e}{chapter.7}% 381
\BOOKMARK [2][-]{subsection.7.6.1}{\376\377\0007\000.\0006\000.\0001\000\040\000*}{section.7.6}% 382
\BOOKMARK [2][-]{subsection.7.6.2}{\376\377\0007\000.\0006\000.\0002\000\040\000*}{section.7.6}% 383
\BOOKMARK [1][-]{section.7.7}{\376\377\0007\000.\0007\000\040\000G\000a\000m\000e\000.\000h\000p\000p\000\040\000F\000i\000l\000e\000\040\000R\000e\000f\000e\000r\000e\000n\000c\000e}{chapter.7}% 384
\BOOKMARK [2][-]{subsection.7.7.1}{\376\377\0007\000.\0007\000.\0001\000\040\000*}{section.7.7}% 385
\BOOKMARK [2][-]{subsection.7.7.2}{\376\377\0007\000.\0007\000.\0002\000\040\000*}{section.7.7}% 386
\BOOKMARK [2][-]{subsection.7.7.3}{\376\377\0007\000.\0007\000.\0003\000\040\000*}{section.7.7}% 387
\BOOKMARK [1][-]{section.7.8}{\376\377\0007\000.\0008\000\040\000G\000a\000m\000e\000O\000v\000e\000r\000.\000c\000p\000p\000\040\000F\000i\000l\000e\000\040\000R\000e\000f\000e\000r\000e\000n\000c\000e}{chapter.7}% 388
\BOOKMARK [2][-]{subsection.7.8.1}{\376\377\0007\000.\0008\000.\0001\000\040\000*}{section.7.8}% 389
\BOOKMARK [1][-]{section.7.9}{\376\377\0007\000.\0009\000\040\000G\000a\000m\000e\000O\000v\000e\000r\000.\000h\000\040\000F\000i\000l\000e\000\040\000R\000e\000f\000e\000r\000e\000n\000c\000e}{chapter.7}% 390
\BOOKMARK [2][-]{subsection.7.9.1}{\376\377\0007\000.\0009\000.\0001\000\040\000*}{section.7.9}% 391
\BOOKMARK [2][-]{subsection.7.9.2}{\376\377\0007\000.\0009\000.\0002\000\040\000*}{section.7.9}% 392
\BOOKMARK [1][-]{section.7.10}{\376\377\0007\000.\0001\0000\000\040\000H\000e\000l\000p\000S\000t\000a\000t\000e\000.\000c\000p\000p\000\040\000F\000i\000l\000e\000\040\000R\000e\000f\000e\000r\000e\000n\000c\000e}{chapter.7}% 393
\BOOKMARK [2][-]{subsection.7.10.1}{\376\377\0007\000.\0001\0000\000.\0001\000\040\000*}{section.7.10}% 394
\BOOKMARK [1][-]{section.7.11}{\376\377\0007\000.\0001\0001\000\040\000H\000e\000l\000p\000S\000t\000a\000t\000e\000.\000h\000p\000p\000\040\000F\000i\000l\000e\000\040\000R\000e\000f\000e\000r\000e\000n\000c\000e}{chapter.7}% 395
\BOOKMARK [2][-]{subsection.7.11.1}{\376\377\0007\000.\0001\0001\000.\0001\000\040\000*}{section.7.11}% 396
\BOOKMARK [2][-]{subsection.7.11.2}{\376\377\0007\000.\0001\0001\000.\0002\000\040\000*}{section.7.11}% 397
\BOOKMARK [1][-]{section.7.12}{\376\377\0007\000.\0001\0002\000\040\000I\000n\000p\000u\000t\000M\000a\000n\000a\000g\000e\000r\000.\000c\000p\000p\000\040\000F\000i\000l\000e\000\040\000R\000e\000f\000e\000r\000e\000n\000c\000e}{chapter.7}% 398
\BOOKMARK [2][-]{subsection.7.12.1}{\376\377\0007\000.\0001\0002\000.\0001\000\040\000*}{section.7.12}% 399
\BOOKMARK [1][-]{section.7.13}{\376\377\0007\000.\0001\0003\000\040\000I\000n\000p\000u\000t\000M\000a\000n\000a\000g\000e\000r\000.\000h\000p\000p\000\040\000F\000i\000l\000e\000\040\000R\000e\000f\000e\000r\000e\000n\000c\000e}{chapter.7}% 400
\BOOKMARK [2][-]{subsection.7.13.1}{\376\377\0007\000.\0001\0003\000.\0001\000\040\000*}{section.7.13}% 401
\BOOKMARK [2][-]{subsection.7.13.2}{\376\377\0007\000.\0001\0003\000.\0002\000\040\000*}{section.7.13}% 402
\BOOKMARK [1][-]{section.7.14}{\376\377\0007\000.\0001\0004\000\040\000m\000a\000i\000n\000G\000a\000m\000e\000.\000c\000p\000p\000\040\000F\000i\000l\000e\000\040\000R\000e\000f\000e\000r\000e\000n\000c\000e}{chapter.7}% 403
\BOOKMARK [2][-]{subsection.7.14.1}{\376\377\0007\000.\0001\0004\000.\0001\000\040\000*}{section.7.14}% 404
\BOOKMARK [1][-]{section.7.15}{\376\377\0007\000.\0001\0005\000\040\000m\000a\000i\000n\000G\000a\000m\000e\000.\000h\000p\000p\000\040\000F\000i\000l\000e\000\040\000R\000e\000f\000e\000r\000e\000n\000c\000e}{chapter.7}% 405
\BOOKMARK [2][-]{subsection.7.15.1}{\376\377\0007\000.\0001\0005\000.\0001\000\040\000*}{section.7.15}% 406
\BOOKMARK [2][-]{subsection.7.15.2}{\376\377\0007\000.\0001\0005\000.\0002\000\040\000*}{section.7.15}% 407
\BOOKMARK [2][-]{subsection.7.15.3}{\376\377\0007\000.\0001\0005\000.\0003\000\040\000*}{section.7.15}% 408
\BOOKMARK [2][-]{subsection.7.15.4}{\376\377\0007\000.\0001\0005\000.\0004\000\040\000*}{section.7.15}% 409
\BOOKMARK [2][-]{subsection.7.15.5}{\376\377\0007\000.\0001\0005\000.\0005\000\040\000M\000a\000c\000r\000o\000\040\000D\000e\000f\000i\000n\000i\000t\000i\000o\000n\000\040\000D\000o\000c\000u\000m\000e\000n\000t\000a\000t\000i\000o\000n}{section.7.15}% 410
\BOOKMARK [3][-]{subsubsection.7.15.5.1}{\376\377\0007\000.\0001\0005\000.\0005\000.\0001\000\040\000D\000E\000G\000T\000O\000R\000A\000D}{subsection.7.15.5}% 411
\BOOKMARK [3][-]{subsubsection.7.15.5.2}{\376\377\0007\000.\0001\0005\000.\0005\000.\0002\000\040\000R\000A\000D\000T\000O\000D\000E\000G}{subsection.7.15.5}% 412
\BOOKMARK [2][-]{subsection.7.15.6}{\376\377\0007\000.\0001\0005\000.\0006\000\040\000V\000a\000r\000i\000a\000b\000l\000e\000\040\000D\000o\000c\000u\000m\000e\000n\000t\000a\000t\000i\000o\000n}{section.7.15}% 413
\BOOKMARK [3][-]{subsubsection.7.15.6.1}{\376\377\0007\000.\0001\0005\000.\0006\000.\0001\000\040\000S\000C\000A\000L\000E}{subsection.7.15.6}% 414
\BOOKMARK [1][-]{section.7.16}{\376\377\0007\000.\0001\0006\000\040\000M\000a\000i\000n\000M\000e\000n\000u\000S\000t\000a\000t\000e\000.\000c\000p\000p\000\040\000F\000i\000l\000e\000\040\000R\000e\000f\000e\000r\000e\000n\000c\000e}{chapter.7}% 415
\BOOKMARK [2][-]{subsection.7.16.1}{\376\377\0007\000.\0001\0006\000.\0001\000\040\000*}{section.7.16}% 416
\BOOKMARK [1][-]{section.7.17}{\376\377\0007\000.\0001\0007\000\040\000M\000a\000i\000n\000M\000e\000n\000u\000S\000t\000a\000t\000e\000.\000h\000p\000p\000\040\000F\000i\000l\000e\000\040\000R\000e\000f\000e\000r\000e\000n\000c\000e}{chapter.7}% 417
\BOOKMARK [2][-]{subsection.7.17.1}{\376\377\0007\000.\0001\0007\000.\0001\000\040\000*}{section.7.17}% 418
\BOOKMARK [2][-]{subsection.7.17.2}{\376\377\0007\000.\0001\0007\000.\0002\000\040\000*}{section.7.17}% 419
\BOOKMARK [1][-]{section.7.18}{\376\377\0007\000.\0001\0008\000\040\000m\000y\000L\000i\000s\000t\000e\000n\000e\000r\000.\000c\000p\000p\000\040\000F\000i\000l\000e\000\040\000R\000e\000f\000e\000r\000e\000n\000c\000e}{chapter.7}% 420
\BOOKMARK [2][-]{subsection.7.18.1}{\376\377\0007\000.\0001\0008\000.\0001\000\040\000*}{section.7.18}% 421
\BOOKMARK [1][-]{section.7.19}{\376\377\0007\000.\0001\0009\000\040\000m\000y\000L\000i\000s\000t\000e\000n\000e\000r\000.\000h\000\040\000F\000i\000l\000e\000\040\000R\000e\000f\000e\000r\000e\000n\000c\000e}{chapter.7}% 422
\BOOKMARK [2][-]{subsection.7.19.1}{\376\377\0007\000.\0001\0009\000.\0001\000\040\000*}{section.7.19}% 423
\BOOKMARK [2][-]{subsection.7.19.2}{\376\377\0007\000.\0001\0009\000.\0002\000\040\000*}{section.7.19}% 424
\BOOKMARK [1][-]{section.7.20}{\376\377\0007\000.\0002\0000\000\040\000n\000a\000m\000e\000.\000c\000p\000p\000\040\000F\000i\000l\000e\000\040\000R\000e\000f\000e\000r\000e\000n\000c\000e}{chapter.7}% 425
\BOOKMARK [2][-]{subsection.7.20.1}{\376\377\0007\000.\0002\0000\000.\0001\000\040\000*}{section.7.20}% 426
\BOOKMARK [1][-]{section.7.21}{\376\377\0007\000.\0002\0001\000\040\000n\000a\000m\000e\000.\000h\000\040\000F\000i\000l\000e\000\040\000R\000e\000f\000e\000r\000e\000n\000c\000e}{chapter.7}% 427
\BOOKMARK [2][-]{subsection.7.21.1}{\376\377\0007\000.\0002\0001\000.\0001\000\040\000*}{section.7.21}% 428
\BOOKMARK [2][-]{subsection.7.21.2}{\376\377\0007\000.\0002\0001\000.\0002\000\040\000*}{section.7.21}% 429
\BOOKMARK [1][-]{section.7.22}{\376\377\0007\000.\0002\0002\000\040\000p\000l\000a\000y\000e\000r\000.\000c\000p\000p\000\040\000F\000i\000l\000e\000\040\000R\000e\000f\000e\000r\000e\000n\000c\000e}{chapter.7}% 430
\BOOKMARK [2][-]{subsection.7.22.1}{\376\377\0007\000.\0002\0002\000.\0001\000\040\000*}{section.7.22}% 431
\BOOKMARK [2][-]{subsection.7.22.2}{\376\377\0007\000.\0002\0002\000.\0002\000\040\000*}{section.7.22}% 432
\BOOKMARK [2][-]{subsection.7.22.3}{\376\377\0007\000.\0002\0002\000.\0003\000\040\000*}{section.7.22}% 433
\BOOKMARK [2][-]{subsection.7.22.4}{\376\377\0007\000.\0002\0002\000.\0004\000\040\000M\000a\000c\000r\000o\000\040\000D\000e\000f\000i\000n\000i\000t\000i\000o\000n\000\040\000D\000o\000c\000u\000m\000e\000n\000t\000a\000t\000i\000o\000n}{section.7.22}% 434
\BOOKMARK [3][-]{subsubsection.7.22.4.1}{\376\377\0007\000.\0002\0002\000.\0004\000.\0001\000\040\000D\000E\000G\000T\000O\000R\000A\000D}{subsection.7.22.4}% 435
\BOOKMARK [2][-]{subsection.7.22.5}{\376\377\0007\000.\0002\0002\000.\0005\000\040\000V\000a\000r\000i\000a\000b\000l\000e\000\040\000D\000o\000c\000u\000m\000e\000n\000t\000a\000t\000i\000o\000n}{section.7.22}% 436
\BOOKMARK [3][-]{subsubsection.7.22.5.1}{\376\377\0007\000.\0002\0002\000.\0005\000.\0001\000\040\000S\000C\000A\000L\000E}{subsection.7.22.5}% 437
\BOOKMARK [1][-]{section.7.23}{\376\377\0007\000.\0002\0003\000\040\000p\000l\000a\000y\000e\000r\000.\000h\000\040\000F\000i\000l\000e\000\040\000R\000e\000f\000e\000r\000e\000n\000c\000e}{chapter.7}% 438
\BOOKMARK [2][-]{subsection.7.23.1}{\376\377\0007\000.\0002\0003\000.\0001\000\040\000*}{section.7.23}% 439
\BOOKMARK [2][-]{subsection.7.23.2}{\376\377\0007\000.\0002\0003\000.\0002\000\040\000*}{section.7.23}% 440
\BOOKMARK [1][-]{section.7.24}{\376\377\0007\000.\0002\0004\000\040\000S\000p\000l\000a\000s\000h\000S\000t\000a\000t\000e\000.\000c\000p\000p\000\040\000F\000i\000l\000e\000\040\000R\000e\000f\000e\000r\000e\000n\000c\000e}{chapter.7}% 441
\BOOKMARK [2][-]{subsection.7.24.1}{\376\377\0007\000.\0002\0004\000.\0001\000\040\000*}{section.7.24}% 442
\BOOKMARK [2][-]{subsection.7.24.2}{\376\377\0007\000.\0002\0004\000.\0002\000\040\000*}{section.7.24}% 443
\BOOKMARK [2][-]{subsection.7.24.3}{\376\377\0007\000.\0002\0004\000.\0003\000\040\000V\000a\000r\000i\000a\000b\000l\000e\000\040\000D\000o\000c\000u\000m\000e\000n\000t\000a\000t\000i\000o\000n}{section.7.24}% 444
\BOOKMARK [3][-]{subsubsection.7.24.3.1}{\376\377\0007\000.\0002\0004\000.\0003\000.\0001\000\040\000a}{subsection.7.24.3}% 445
\BOOKMARK [1][-]{section.7.25}{\376\377\0007\000.\0002\0005\000\040\000S\000p\000l\000a\000s\000h\000S\000t\000a\000t\000e\000.\000h\000p\000p\000\040\000F\000i\000l\000e\000\040\000R\000e\000f\000e\000r\000e\000n\000c\000e}{chapter.7}% 446
\BOOKMARK [2][-]{subsection.7.25.1}{\376\377\0007\000.\0002\0005\000.\0001\000\040\000*}{section.7.25}% 447
\BOOKMARK [2][-]{subsection.7.25.2}{\376\377\0007\000.\0002\0005\000.\0002\000\040\000*}{section.7.25}% 448
\BOOKMARK [1][-]{section.7.26}{\376\377\0007\000.\0002\0006\000\040\000S\000t\000a\000t\000e\000.\000h\000p\000p\000\040\000F\000i\000l\000e\000\040\000R\000e\000f\000e\000r\000e\000n\000c\000e}{chapter.7}% 449
\BOOKMARK [2][-]{subsection.7.26.1}{\376\377\0007\000.\0002\0006\000.\0001\000\040\000*}{section.7.26}% 450
\BOOKMARK [2][-]{subsection.7.26.2}{\376\377\0007\000.\0002\0006\000.\0002\000\040\000*}{section.7.26}% 451
\BOOKMARK [1][-]{section.7.27}{\376\377\0007\000.\0002\0007\000\040\000S\000t\000a\000t\000e\000M\000a\000c\000h\000i\000n\000e\000.\000c\000p\000p\000\040\000F\000i\000l\000e\000\040\000R\000e\000f\000e\000r\000e\000n\000c\000e}{chapter.7}% 452
\BOOKMARK [2][-]{subsection.7.27.1}{\376\377\0007\000.\0002\0007\000.\0001\000\040\000*}{section.7.27}% 453
\BOOKMARK [1][-]{section.7.28}{\376\377\0007\000.\0002\0008\000\040\000S\000t\000a\000t\000e\000M\000a\000c\000h\000i\000n\000e\000.\000h\000p\000p\000\040\000F\000i\000l\000e\000\040\000R\000e\000f\000e\000r\000e\000n\000c\000e}{chapter.7}% 454
\BOOKMARK [2][-]{subsection.7.28.1}{\376\377\0007\000.\0002\0008\000.\0001\000\040\000*}{section.7.28}% 455
\BOOKMARK [2][-]{subsection.7.28.2}{\376\377\0007\000.\0002\0008\000.\0002\000\040\000*}{section.7.28}% 456
\BOOKMARK [2][-]{subsection.7.28.3}{\376\377\0007\000.\0002\0008\000.\0003\000\040\000*}{section.7.28}% 457
\BOOKMARK [1][-]{section.7.29}{\376\377\0007\000.\0002\0009\000\040\000t\000e\000s\000t\000s\000.\000h\000p\000p\000\040\000F\000i\000l\000e\000\040\000R\000e\000f\000e\000r\000e\000n\000c\000e}{chapter.7}% 458
\BOOKMARK [2][-]{subsection.7.29.1}{\376\377\0007\000.\0002\0009\000.\0001\000\040\000*}{section.7.29}% 459
\BOOKMARK [2][-]{subsection.7.29.2}{\376\377\0007\000.\0002\0009\000.\0002\000\040\000*}{section.7.29}% 460
\BOOKMARK [2][-]{subsection.7.29.3}{\376\377\0007\000.\0002\0009\000.\0003\000\040\000*}{section.7.29}% 461
\BOOKMARK [2][-]{subsection.7.29.4}{\376\377\0007\000.\0002\0009\000.\0004\000\040\000*}{section.7.29}% 462
\BOOKMARK [2][-]{subsection.7.29.5}{\376\377\0007\000.\0002\0009\000.\0005\000\040\000M\000a\000c\000r\000o\000\040\000D\000e\000f\000i\000n\000i\000t\000i\000o\000n\000\040\000D\000o\000c\000u\000m\000e\000n\000t\000a\000t\000i\000o\000n}{section.7.29}% 463
\BOOKMARK [3][-]{subsubsection.7.29.5.1}{\376\377\0007\000.\0002\0009\000.\0005\000.\0001\000\040\000t\000e\000m\000p\000\137\000h}{subsection.7.29.5}% 464
