This is pdfTeX, Version 3.14159265-2.6-1.40.16 (TeX Live 2015/Debian) (preloaded format=pdflatex 2019.2.28)  28 FEB 2019 16:39
entering extended mode
 restricted \write18 enabled.
 %&-line parsing enabled.
**refman.tex
(./refman.tex
LaTeX2e <2016/02/01>
Babel <3.9q> and hyphenation patterns for 3 language(s) loaded.
(/usr/share/texlive/texmf-dist/tex/latex/base/book.cls
Document Class: book 2014/09/29 v1.4h Standard LaTeX document class
(/usr/share/texlive/texmf-dist/tex/latex/base/bk10.clo
File: bk10.clo 2014/09/29 v1.4h Standard LaTeX file (size option)
)
\c@part=\count79
\c@chapter=\count80
\c@section=\count81
\c@subsection=\count82
\c@subsubsection=\count83
\c@paragraph=\count84
\c@subparagraph=\count85
\c@figure=\count86
\c@table=\count87
\abovecaptionskip=\skip41
\belowcaptionskip=\skip42
\bibindent=\dimen102
)
(/usr/share/texlive/texmf-dist/tex/latex/base/fixltx2e.sty
Package: fixltx2e 2015/06/22 v2.0b fixes to LaTeX (obsolete)


Package fixltx2e Warning: fixltx2e is not required with releases after 2015
(fixltx2e)                All fixes are now in the LaTeX kernel.
(fixltx2e)                See the latexrelease package for details.

) (/usr/share/texlive/texmf-dist/tex/latex/tools/calc.sty
Package: calc 2014/10/28 v4.3 Infix arithmetic (KKT,FJ)
\calc@Acount=\count88
\calc@Bcount=\count89
\calc@Adimen=\dimen103
\calc@Bdimen=\dimen104
\calc@Askip=\skip43
\calc@Bskip=\skip44
LaTeX Info: Redefining \setlength on input line 80.
LaTeX Info: Redefining \addtolength on input line 81.
\calc@Ccount=\count90
\calc@Cskip=\skip45
) (./doxygen.sty
Package: doxygen 

(/usr/share/texlive/texmf-dist/tex/latex/base/alltt.sty
Package: alltt 1997/06/16 v2.0g defines alltt environment
)
(/usr/share/texlive/texmf-dist/tex/latex/tools/array.sty
Package: array 2014/10/28 v2.4c Tabular extension package (FMi)
\col@sep=\dimen105
\extrarowheight=\dimen106
\NC@list=\toks14
\extratabsurround=\skip46
\backup@length=\skip47
)
(/usr/share/texlive/texmf-dist/tex/latex/float/float.sty
Package: float 2001/11/08 v1.3d Float enhancements (AL)
\c@float@type=\count91
\float@exts=\toks15
\float@box=\box26
\@float@everytoks=\toks16
\@floatcapt=\box27
)
(/usr/share/texlive/texmf-dist/tex/latex/base/ifthen.sty
Package: ifthen 2014/09/29 v1.1c Standard LaTeX ifthen package (DPC)
)
(/usr/share/texlive/texmf-dist/tex/latex/tools/verbatim.sty
Package: verbatim 2014/10/28 v1.5q LaTeX2e package for verbatim enhancements
\every@verbatim=\toks17
\verbatim@line=\toks18
\verbatim@in@stream=\read1
)
(/usr/share/texlive/texmf-dist/tex/latex/xcolor/xcolor.sty
Package: xcolor 2007/01/21 v2.11 LaTeX color extensions (UK)

(/usr/share/texlive/texmf-dist/tex/latex/latexconfig/color.cfg
File: color.cfg 2007/01/18 v1.5 color configuration of teTeX/TeXLive
)
Package xcolor Info: Driver file: pdftex.def on input line 225.

(/usr/share/texlive/texmf-dist/tex/latex/pdftex-def/pdftex.def
File: pdftex.def 2011/05/27 v0.06d Graphics/color for pdfTeX

(/usr/share/texlive/texmf-dist/tex/generic/oberdiek/infwarerr.sty
Package: infwarerr 2010/04/08 v1.3 Providing info/warning/error messages (HO)
)
(/usr/share/texlive/texmf-dist/tex/generic/oberdiek/ltxcmds.sty
Package: ltxcmds 2011/11/09 v1.22 LaTeX kernel commands for general use (HO)
)
\Gread@gobject=\count92
)
(/usr/share/texlive/texmf-dist/tex/latex/colortbl/colortbl.sty
Package: colortbl 2012/02/13 v1.0a Color table columns (DPC)
\everycr=\toks19
\minrowclearance=\skip48
)
\rownum=\count93
Package xcolor Info: Model `cmy' substituted by `cmy0' on input line 1337.
Package xcolor Info: Model `hsb' substituted by `rgb' on input line 1341.
Package xcolor Info: Model `RGB' extended on input line 1353.
Package xcolor Info: Model `HTML' substituted by `rgb' on input line 1355.
Package xcolor Info: Model `Hsb' substituted by `hsb' on input line 1356.
Package xcolor Info: Model `tHsb' substituted by `hsb' on input line 1357.
Package xcolor Info: Model `HSB' substituted by `hsb' on input line 1358.
Package xcolor Info: Model `Gray' substituted by `gray' on input line 1359.
Package xcolor Info: Model `wave' substituted by `hsb' on input line 1360.
)
(/usr/share/texlive/texmf-dist/tex/latex/tools/longtable.sty
Package: longtable 2014/10/28 v4.11 Multi-page Table package (DPC)
\LTleft=\skip49
\LTright=\skip50
\LTpre=\skip51
\LTpost=\skip52
\LTchunksize=\count94
\LTcapwidth=\dimen107
\LT@head=\box28
\LT@firsthead=\box29
\LT@foot=\box30
\LT@lastfoot=\box31
\LT@cols=\count95
\LT@rows=\count96
\c@LT@tables=\count97
\c@LT@chunks=\count98
\LT@p@ftn=\toks20
)
(/usr/share/texlive/texmf-dist/tex/latex/tabu/tabu.sty
Package: tabu 2011/02/26 v2.8 - flexible LaTeX tabulars (FC)

(/usr/share/texlive/texmf-dist/tex/latex/varwidth/varwidth.sty
Package: varwidth 2009/03/30 ver 0.92;  Variable-width minipages
\@vwid@box=\box32
\sift@deathcycles=\count99
\@vwid@loff=\dimen108
\@vwid@roff=\dimen109
)
\c@taburow=\count100
\tabu@nbcols=\count101
\tabu@cnt=\count102
\tabu@Xcol=\count103
\tabu@alloc=\count104
\tabu@nested=\count105
\tabu@target=\dimen110
\tabu@spreadtarget=\dimen111
\tabu@naturalX=\dimen112
\tabucolX=\dimen113
\tabu@Xsum=\dimen114
\extrarowdepth=\dimen115
\abovetabulinesep=\dimen116
\belowtabulinesep=\dimen117
\tabustrutrule=\dimen118
\tabu@thebody=\toks21
\tabu@footnotes=\toks22
\tabu@box=\box33
\tabu@arstrutbox=\box34
\tabu@hleads=\box35
\tabu@vleads=\box36
\tabu@cellskip=\skip53
)
(/usr/share/texlive/texmf-dist/tex/latex/fancyvrb/fancyvrb.sty
Package: fancyvrb 2008/02/07

Style option: `fancyvrb' v2.7a, with DG/SPQR fixes, and firstline=lastline fix 
<2008/02/07> (tvz) (/usr/share/texlive/texmf-dist/tex/latex/graphics/keyval.sty
Package: keyval 2014/10/28 v1.15 key=value parser (DPC)
\KV@toks@=\toks23
)
\FV@CodeLineNo=\count106
\FV@InFile=\read2
\FV@TabBox=\box37
\c@FancyVerbLine=\count107
\FV@StepNumber=\count108
\FV@OutFile=\write3
) (/usr/share/texlive/texmf-dist/tex/latex/tools/tabularx.sty
Package: tabularx 2014/10/28 v2.10 `tabularx' package (DPC)
\TX@col@width=\dimen119
\TX@old@table=\dimen120
\TX@old@col=\dimen121
\TX@target=\dimen122
\TX@delta=\dimen123
\TX@cols=\count109
\TX@ftn=\toks24
)
(/usr/share/texlive/texmf-dist/tex/latex/multirow/multirow.sty
\bigstrutjot=\dimen124
)
(/usr/share/texlive/texmf-dist/tex/latex/hanging/hanging.sty
Package: hanging 2009/09/02 v1.2b hanging paragraphs and punctuation
\h@ngcommawd=\skip54
\h@ngfstopwd=\skip55
\h@ngquotewd=\skip56
\h@ngdquotewd=\skip57
\h@ngquerywd=\skip58
\h@ngexclwd=\skip59
\h@ngcolonwd=\skip60
\h@ngscolonwd=\skip61
)
(/usr/share/texlive/texmf-dist/tex/generic/oberdiek/ifpdf.sty
Package: ifpdf 2011/01/30 v2.3 Provides the ifpdf switch (HO)
Package ifpdf Info: pdfTeX in PDF mode is detected.
)
(/usr/share/texlive/texmf-dist/tex/latex/adjustbox/adjustbox.sty
Package: adjustbox 2012/05/21 v1.0 Adjusting TeX boxes (trim, clip, ...)

(/usr/share/texlive/texmf-dist/tex/latex/xkeyval/xkeyval.sty
Package: xkeyval 2014/12/03 v2.7a package option processing (HA)

(/usr/share/texlive/texmf-dist/tex/generic/xkeyval/xkeyval.tex
(/usr/share/texlive/texmf-dist/tex/generic/xkeyval/xkvutils.tex
\XKV@toks=\toks25
\XKV@tempa@toks=\toks26
)
\XKV@depth=\count110
File: xkeyval.tex 2014/12/03 v2.7a key=value parser (HA)
))
(/usr/share/texlive/texmf-dist/tex/latex/adjustbox/adjcalc.sty
Package: adjcalc 2012/05/16 v1.1 Provides advanced setlength with multiple back
-ends (calc, etex, pgfmath)
)
(/usr/share/texlive/texmf-dist/tex/latex/adjustbox/trimclip.sty
Package: trimclip 2012/05/16 v1.0 Trim and clip general TeX material

(/usr/share/texlive/texmf-dist/tex/latex/graphics/graphicx.sty
Package: graphicx 2014/10/28 v1.0g Enhanced LaTeX Graphics (DPC,SPQR)

(/usr/share/texlive/texmf-dist/tex/latex/graphics/graphics.sty
Package: graphics 2016/01/03 v1.0q Standard LaTeX Graphics (DPC,SPQR)

(/usr/share/texlive/texmf-dist/tex/latex/graphics/trig.sty
Package: trig 2016/01/03 v1.10 sin cos tan (DPC)
)
(/usr/share/texlive/texmf-dist/tex/latex/latexconfig/graphics.cfg
File: graphics.cfg 2010/04/23 v1.9 graphics configuration of TeX Live
)
Package graphics Info: Driver file: pdftex.def on input line 95.
)
\Gin@req@height=\dimen125
\Gin@req@width=\dimen126
)
(/usr/share/texlive/texmf-dist/tex/latex/collectbox/collectbox.sty
Package: collectbox 2012/05/17 v0.4b Collect macro arguments as boxes
\collectedbox=\box38
)
\tc@llx=\dimen127
\tc@lly=\dimen128
\tc@urx=\dimen129
\tc@ury=\dimen130
Package trimclip Info: Using driver 'tc-pdftex.def'.

(/usr/share/texlive/texmf-dist/tex/latex/adjustbox/tc-pdftex.def
File: tc-pdftex.def 2012/05/13 v1.0 Clipping driver for pdftex
))
\adjbox@Width=\dimen131
\adjbox@Height=\dimen132
\adjbox@Depth=\dimen133
\adjbox@Totalheight=\dimen134

(/usr/share/texlive/texmf-dist/tex/latex/ifoddpage/ifoddpage.sty
Package: ifoddpage 2011/09/13 v1.0 Conditionals for odd/even page detection
\c@checkoddpage=\count111
))
(/usr/share/texlive/texmf-dist/tex/latex/amsfonts/amssymb.sty
Package: amssymb 2013/01/14 v3.01 AMS font symbols

(/usr/share/texlive/texmf-dist/tex/latex/amsfonts/amsfonts.sty
Package: amsfonts 2013/01/14 v3.01 Basic AMSFonts support
\@emptytoks=\toks27
\symAMSa=\mathgroup4
\symAMSb=\mathgroup5
LaTeX Font Info:    Overwriting math alphabet `\mathfrak' in version `bold'
(Font)                  U/euf/m/n --> U/euf/b/n on input line 106.
))
(/usr/share/texlive/texmf-dist/tex/latex/stackengine/stackengine.sty
Package: stackengine 2014/01/06 v3.24\ Stacking text and objects in convenient 
ways

(/usr/share/texlive/texmf-dist/tex/latex/etoolbox/etoolbox.sty
Package: etoolbox 2015/08/02 v2.2a e-TeX tools for LaTeX (JAW)
\etb@tempcnta=\count112
)
\c@@stackindex=\count113
\@boxshift=\skip62
\stack@tmplength=\skip63
\temp@stkl=\skip64
\@stackedboxwidth=\skip65
\@addedbox=\box39
\@anchorbox=\box40
\stackedbox=\box41
\@centerbox=\box42
\c@ROWcellindex@=\count114
)
(/usr/share/texlive/texmf-dist/tex/generic/ulem/ulem.sty
\UL@box=\box43
\UL@hyphenbox=\box44
\UL@skip=\skip66
\UL@hook=\toks28
\UL@height=\dimen135
\UL@pe=\count115
\UL@pixel=\dimen136
\ULC@box=\box45
Package: ulem 2012/05/18
\ULdepth=\dimen137
)
\xrefbox=\box46
\xreflength=\skip67
\CodeWidthChar=\skip68
\CodeHeightChar=\skip69
\DoxyCodeWidth=\skip70
)
(/usr/share/texlive/texmf-dist/tex/latex/base/inputenc.sty
Package: inputenc 2015/03/17 v1.2c Input encoding file
\inpenc@prehook=\toks29
\inpenc@posthook=\toks30

(/usr/share/texlive/texmf-dist/tex/latex/base/utf8.def
File: utf8.def 2015/12/03 v1.1r UTF-8 support for inputenc
Now handling font encoding OML ...
... no UTF-8 mapping file for font encoding OML
Now handling font encoding T1 ...
... processing UTF-8 mapping file for font encoding T1

(/usr/share/texlive/texmf-dist/tex/latex/base/t1enc.dfu
File: t1enc.dfu 2015/12/03 v1.1r UTF-8 support for inputenc
   defining Unicode char U+00A0 (decimal 160)
   defining Unicode char U+00A1 (decimal 161)
   defining Unicode char U+00A3 (decimal 163)
   defining Unicode char U+00AB (decimal 171)
   defining Unicode char U+00AD (decimal 173)
   defining Unicode char U+00BB (decimal 187)
   defining Unicode char U+00BF (decimal 191)
   defining Unicode char U+00C0 (decimal 192)
   defining Unicode char U+00C1 (decimal 193)
   defining Unicode char U+00C2 (decimal 194)
   defining Unicode char U+00C3 (decimal 195)
   defining Unicode char U+00C4 (decimal 196)
   defining Unicode char U+00C5 (decimal 197)
   defining Unicode char U+00C6 (decimal 198)
   defining Unicode char U+00C7 (decimal 199)
   defining Unicode char U+00C8 (decimal 200)
   defining Unicode char U+00C9 (decimal 201)
   defining Unicode char U+00CA (decimal 202)
   defining Unicode char U+00CB (decimal 203)
   defining Unicode char U+00CC (decimal 204)
   defining Unicode char U+00CD (decimal 205)
   defining Unicode char U+00CE (decimal 206)
   defining Unicode char U+00CF (decimal 207)
   defining Unicode char U+00D0 (decimal 208)
   defining Unicode char U+00D1 (decimal 209)
   defining Unicode char U+00D2 (decimal 210)
   defining Unicode char U+00D3 (decimal 211)
   defining Unicode char U+00D4 (decimal 212)
   defining Unicode char U+00D5 (decimal 213)
   defining Unicode char U+00D6 (decimal 214)
   defining Unicode char U+00D8 (decimal 216)
   defining Unicode char U+00D9 (decimal 217)
   defining Unicode char U+00DA (decimal 218)
   defining Unicode char U+00DB (decimal 219)
   defining Unicode char U+00DC (decimal 220)
   defining Unicode char U+00DD (decimal 221)
   defining Unicode char U+00DE (decimal 222)
   defining Unicode char U+00DF (decimal 223)
   defining Unicode char U+00E0 (decimal 224)
   defining Unicode char U+00E1 (decimal 225)
   defining Unicode char U+00E2 (decimal 226)
   defining Unicode char U+00E3 (decimal 227)
   defining Unicode char U+00E4 (decimal 228)
   defining Unicode char U+00E5 (decimal 229)
   defining Unicode char U+00E6 (decimal 230)
   defining Unicode char U+00E7 (decimal 231)
   defining Unicode char U+00E8 (decimal 232)
   defining Unicode char U+00E9 (decimal 233)
   defining Unicode char U+00EA (decimal 234)
   defining Unicode char U+00EB (decimal 235)
   defining Unicode char U+00EC (decimal 236)
   defining Unicode char U+00ED (decimal 237)
   defining Unicode char U+00EE (decimal 238)
   defining Unicode char U+00EF (decimal 239)
   defining Unicode char U+00F0 (decimal 240)
   defining Unicode char U+00F1 (decimal 241)
   defining Unicode char U+00F2 (decimal 242)
   defining Unicode char U+00F3 (decimal 243)
   defining Unicode char U+00F4 (decimal 244)
   defining Unicode char U+00F5 (decimal 245)
   defining Unicode char U+00F6 (decimal 246)
   defining Unicode char U+00F8 (decimal 248)
   defining Unicode char U+00F9 (decimal 249)
   defining Unicode char U+00FA (decimal 250)
   defining Unicode char U+00FB (decimal 251)
   defining Unicode char U+00FC (decimal 252)
   defining Unicode char U+00FD (decimal 253)
   defining Unicode char U+00FE (decimal 254)
   defining Unicode char U+00FF (decimal 255)
   defining Unicode char U+0100 (decimal 256)
   defining Unicode char U+0101 (decimal 257)
   defining Unicode char U+0102 (decimal 258)
   defining Unicode char U+0103 (decimal 259)
   defining Unicode char U+0104 (decimal 260)
   defining Unicode char U+0105 (decimal 261)
   defining Unicode char U+0106 (decimal 262)
   defining Unicode char U+0107 (decimal 263)
   defining Unicode char U+0108 (decimal 264)
   defining Unicode char U+0109 (decimal 265)
   defining Unicode char U+010A (decimal 266)
   defining Unicode char U+010B (decimal 267)
   defining Unicode char U+010C (decimal 268)
   defining Unicode char U+010D (decimal 269)
   defining Unicode char U+010E (decimal 270)
   defining Unicode char U+010F (decimal 271)
   defining Unicode char U+0110 (decimal 272)
   defining Unicode char U+0111 (decimal 273)
   defining Unicode char U+0112 (decimal 274)
   defining Unicode char U+0113 (decimal 275)
   defining Unicode char U+0114 (decimal 276)
   defining Unicode char U+0115 (decimal 277)
   defining Unicode char U+0116 (decimal 278)
   defining Unicode char U+0117 (decimal 279)
   defining Unicode char U+0118 (decimal 280)
   defining Unicode char U+0119 (decimal 281)
   defining Unicode char U+011A (decimal 282)
   defining Unicode char U+011B (decimal 283)
   defining Unicode char U+011C (decimal 284)
   defining Unicode char U+011D (decimal 285)
   defining Unicode char U+011E (decimal 286)
   defining Unicode char U+011F (decimal 287)
   defining Unicode char U+0120 (decimal 288)
   defining Unicode char U+0121 (decimal 289)
   defining Unicode char U+0122 (decimal 290)
   defining Unicode char U+0123 (decimal 291)
   defining Unicode char U+0124 (decimal 292)
   defining Unicode char U+0125 (decimal 293)
   defining Unicode char U+0128 (decimal 296)
   defining Unicode char U+0129 (decimal 297)
   defining Unicode char U+012A (decimal 298)
   defining Unicode char U+012B (decimal 299)
   defining Unicode char U+012C (decimal 300)
   defining Unicode char U+012D (decimal 301)
   defining Unicode char U+012E (decimal 302)
   defining Unicode char U+012F (decimal 303)
   defining Unicode char U+0130 (decimal 304)
   defining Unicode char U+0131 (decimal 305)
   defining Unicode char U+0132 (decimal 306)
   defining Unicode char U+0133 (decimal 307)
   defining Unicode char U+0134 (decimal 308)
   defining Unicode char U+0135 (decimal 309)
   defining Unicode char U+0136 (decimal 310)
   defining Unicode char U+0137 (decimal 311)
   defining Unicode char U+0139 (decimal 313)
   defining Unicode char U+013A (decimal 314)
   defining Unicode char U+013B (decimal 315)
   defining Unicode char U+013C (decimal 316)
   defining Unicode char U+013D (decimal 317)
   defining Unicode char U+013E (decimal 318)
   defining Unicode char U+0141 (decimal 321)
   defining Unicode char U+0142 (decimal 322)
   defining Unicode char U+0143 (decimal 323)
   defining Unicode char U+0144 (decimal 324)
   defining Unicode char U+0145 (decimal 325)
   defining Unicode char U+0146 (decimal 326)
   defining Unicode char U+0147 (decimal 327)
   defining Unicode char U+0148 (decimal 328)
   defining Unicode char U+014A (decimal 330)
   defining Unicode char U+014B (decimal 331)
   defining Unicode char U+014C (decimal 332)
   defining Unicode char U+014D (decimal 333)
   defining Unicode char U+014E (decimal 334)
   defining Unicode char U+014F (decimal 335)
   defining Unicode char U+0150 (decimal 336)
   defining Unicode char U+0151 (decimal 337)
   defining Unicode char U+0152 (decimal 338)
   defining Unicode char U+0153 (decimal 339)
   defining Unicode char U+0154 (decimal 340)
   defining Unicode char U+0155 (decimal 341)
   defining Unicode char U+0156 (decimal 342)
   defining Unicode char U+0157 (decimal 343)
   defining Unicode char U+0158 (decimal 344)
   defining Unicode char U+0159 (decimal 345)
   defining Unicode char U+015A (decimal 346)
   defining Unicode char U+015B (decimal 347)
   defining Unicode char U+015C (decimal 348)
   defining Unicode char U+015D (decimal 349)
   defining Unicode char U+015E (decimal 350)
   defining Unicode char U+015F (decimal 351)
   defining Unicode char U+0160 (decimal 352)
   defining Unicode char U+0161 (decimal 353)
   defining Unicode char U+0162 (decimal 354)
   defining Unicode char U+0163 (decimal 355)
   defining Unicode char U+0164 (decimal 356)
   defining Unicode char U+0165 (decimal 357)
   defining Unicode char U+0168 (decimal 360)
   defining Unicode char U+0169 (decimal 361)
   defining Unicode char U+016A (decimal 362)
   defining Unicode char U+016B (decimal 363)
   defining Unicode char U+016C (decimal 364)
   defining Unicode char U+016D (decimal 365)
   defining Unicode char U+016E (decimal 366)
   defining Unicode char U+016F (decimal 367)
   defining Unicode char U+0170 (decimal 368)
   defining Unicode char U+0171 (decimal 369)
   defining Unicode char U+0172 (decimal 370)
   defining Unicode char U+0173 (decimal 371)
   defining Unicode char U+0174 (decimal 372)
   defining Unicode char U+0175 (decimal 373)
   defining Unicode char U+0176 (decimal 374)
   defining Unicode char U+0177 (decimal 375)
   defining Unicode char U+0178 (decimal 376)
   defining Unicode char U+0179 (decimal 377)
   defining Unicode char U+017A (decimal 378)
   defining Unicode char U+017B (decimal 379)
   defining Unicode char U+017C (decimal 380)
   defining Unicode char U+017D (decimal 381)
   defining Unicode char U+017E (decimal 382)
   defining Unicode char U+01CD (decimal 461)
   defining Unicode char U+01CE (decimal 462)
   defining Unicode char U+01CF (decimal 463)
   defining Unicode char U+01D0 (decimal 464)
   defining Unicode char U+01D1 (decimal 465)
   defining Unicode char U+01D2 (decimal 466)
   defining Unicode char U+01D3 (decimal 467)
   defining Unicode char U+01D4 (decimal 468)
   defining Unicode char U+01E2 (decimal 482)
   defining Unicode char U+01E3 (decimal 483)
   defining Unicode char U+01E6 (decimal 486)
   defining Unicode char U+01E7 (decimal 487)
   defining Unicode char U+01E8 (decimal 488)
   defining Unicode char U+01E9 (decimal 489)
   defining Unicode char U+01EA (decimal 490)
   defining Unicode char U+01EB (decimal 491)
   defining Unicode char U+01F0 (decimal 496)
   defining Unicode char U+01F4 (decimal 500)
   defining Unicode char U+01F5 (decimal 501)
   defining Unicode char U+0218 (decimal 536)
   defining Unicode char U+0219 (decimal 537)
   defining Unicode char U+021A (decimal 538)
   defining Unicode char U+021B (decimal 539)
   defining Unicode char U+01E02 (decimal 7682)
   defining Unicode char U+01E03 (decimal 7683)
   defining Unicode char U+200C (decimal 8204)
   defining Unicode char U+2013 (decimal 8211)
   defining Unicode char U+2014 (decimal 8212)
   defining Unicode char U+2018 (decimal 8216)
   defining Unicode char U+2019 (decimal 8217)
   defining Unicode char U+201A (decimal 8218)
   defining Unicode char U+201C (decimal 8220)
   defining Unicode char U+201D (decimal 8221)
   defining Unicode char U+201E (decimal 8222)
   defining Unicode char U+2030 (decimal 8240)
   defining Unicode char U+2031 (decimal 8241)
   defining Unicode char U+2039 (decimal 8249)
   defining Unicode char U+203A (decimal 8250)
   defining Unicode char U+2423 (decimal 9251)
)
Now handling font encoding OT1 ...
... processing UTF-8 mapping file for font encoding OT1

(/usr/share/texlive/texmf-dist/tex/latex/base/ot1enc.dfu
File: ot1enc.dfu 2015/12/03 v1.1r UTF-8 support for inputenc
   defining Unicode char U+00A0 (decimal 160)
   defining Unicode char U+00A1 (decimal 161)
   defining Unicode char U+00A3 (decimal 163)
   defining Unicode char U+00AD (decimal 173)
   defining Unicode char U+00B8 (decimal 184)
   defining Unicode char U+00BF (decimal 191)
   defining Unicode char U+00C5 (decimal 197)
   defining Unicode char U+00C6 (decimal 198)
   defining Unicode char U+00D8 (decimal 216)
   defining Unicode char U+00DF (decimal 223)
   defining Unicode char U+00E6 (decimal 230)
   defining Unicode char U+00EC (decimal 236)
   defining Unicode char U+00ED (decimal 237)
   defining Unicode char U+00EE (decimal 238)
   defining Unicode char U+00EF (decimal 239)
   defining Unicode char U+00F8 (decimal 248)
   defining Unicode char U+0131 (decimal 305)
   defining Unicode char U+0141 (decimal 321)
   defining Unicode char U+0142 (decimal 322)
   defining Unicode char U+0152 (decimal 338)
   defining Unicode char U+0153 (decimal 339)
   defining Unicode char U+0174 (decimal 372)
   defining Unicode char U+0175 (decimal 373)
   defining Unicode char U+0176 (decimal 374)
   defining Unicode char U+0177 (decimal 375)
   defining Unicode char U+0218 (decimal 536)
   defining Unicode char U+0219 (decimal 537)
   defining Unicode char U+021A (decimal 538)
   defining Unicode char U+021B (decimal 539)
   defining Unicode char U+2013 (decimal 8211)
   defining Unicode char U+2014 (decimal 8212)
   defining Unicode char U+2018 (decimal 8216)
   defining Unicode char U+2019 (decimal 8217)
   defining Unicode char U+201C (decimal 8220)
   defining Unicode char U+201D (decimal 8221)
)
Now handling font encoding OMS ...
... processing UTF-8 mapping file for font encoding OMS

(/usr/share/texlive/texmf-dist/tex/latex/base/omsenc.dfu
File: omsenc.dfu 2015/12/03 v1.1r UTF-8 support for inputenc
   defining Unicode char U+00A7 (decimal 167)
   defining Unicode char U+00B6 (decimal 182)
   defining Unicode char U+00B7 (decimal 183)
   defining Unicode char U+2020 (decimal 8224)
   defining Unicode char U+2021 (decimal 8225)
   defining Unicode char U+2022 (decimal 8226)
)
Now handling font encoding OMX ...
... no UTF-8 mapping file for font encoding OMX
Now handling font encoding U ...
... no UTF-8 mapping file for font encoding U
   defining Unicode char U+00A9 (decimal 169)
   defining Unicode char U+00AA (decimal 170)
   defining Unicode char U+00AE (decimal 174)
   defining Unicode char U+00BA (decimal 186)
   defining Unicode char U+02C6 (decimal 710)
   defining Unicode char U+02DC (decimal 732)
   defining Unicode char U+200C (decimal 8204)
   defining Unicode char U+2026 (decimal 8230)
   defining Unicode char U+2122 (decimal 8482)
   defining Unicode char U+2423 (decimal 9251)
))
(/usr/share/texlive/texmf-dist/tex/latex/base/makeidx.sty
Package: makeidx 2014/09/29 v1.0m Standard LaTeX package
)
(/usr/share/texlive/texmf-dist/tex/latex/tools/multicol.sty
Package: multicol 2015/08/19 v1.8n multicolumn formatting (FMi)
\c@tracingmulticols=\count116
\mult@box=\box47
\multicol@leftmargin=\dimen138
\c@unbalance=\count117
\c@collectmore=\count118
\doublecol@number=\count119
\multicoltolerance=\count120
\multicolpretolerance=\count121
\full@width=\dimen139
\page@free=\dimen140
\premulticols=\dimen141
\postmulticols=\dimen142
\multicolsep=\skip71
\multicolbaselineskip=\skip72
\partial@page=\box48
\last@line=\box49
\maxbalancingoverflow=\dimen143
\mult@rightbox=\box50
\mult@grightbox=\box51
\mult@gfirstbox=\box52
\mult@firstbox=\box53
\@tempa=\box54
\@tempa=\box55
\@tempa=\box56
\@tempa=\box57
\@tempa=\box58
\@tempa=\box59
\@tempa=\box60
\@tempa=\box61
\@tempa=\box62
\@tempa=\box63
\@tempa=\box64
\@tempa=\box65
\@tempa=\box66
\@tempa=\box67
\@tempa=\box68
\@tempa=\box69
\@tempa=\box70
\c@columnbadness=\count122
\c@finalcolumnbadness=\count123
\last@try=\dimen144
\multicolovershoot=\dimen145
\multicolundershoot=\dimen146
\mult@nat@firstbox=\box71
\colbreak@box=\box72
\mc@col@check@num=\count124
)
(/usr/share/texlive/texmf-dist/tex/latex/base/textcomp.sty
Package: textcomp 2005/09/27 v1.99g Standard LaTeX package
Package textcomp Info: Sub-encoding information:
(textcomp)               5 = only ISO-Adobe without \textcurrency
(textcomp)               4 = 5 + \texteuro
(textcomp)               3 = 4 + \textohm
(textcomp)               2 = 3 + \textestimated + \textcurrency
(textcomp)               1 = TS1 - \textcircled - \t
(textcomp)               0 = TS1 (full)
(textcomp)             Font families with sub-encoding setting implement
(textcomp)             only a restricted character set as indicated.
(textcomp)             Family '?' is the default used for unknown fonts.
(textcomp)             See the documentation for details.
Package textcomp Info: Setting ? sub-encoding to TS1/1 on input line 79.

(/usr/share/texlive/texmf-dist/tex/latex/base/ts1enc.def
File: ts1enc.def 2001/06/05 v3.0e (jk/car/fm) Standard LaTeX file
Now handling font encoding TS1 ...
... processing UTF-8 mapping file for font encoding TS1

(/usr/share/texlive/texmf-dist/tex/latex/base/ts1enc.dfu
File: ts1enc.dfu 2015/12/03 v1.1r UTF-8 support for inputenc
   defining Unicode char U+00A2 (decimal 162)
   defining Unicode char U+00A3 (decimal 163)
   defining Unicode char U+00A4 (decimal 164)
   defining Unicode char U+00A5 (decimal 165)
   defining Unicode char U+00A6 (decimal 166)
   defining Unicode char U+00A7 (decimal 167)
   defining Unicode char U+00A8 (decimal 168)
   defining Unicode char U+00A9 (decimal 169)
   defining Unicode char U+00AA (decimal 170)
   defining Unicode char U+00AC (decimal 172)
   defining Unicode char U+00AE (decimal 174)
   defining Unicode char U+00AF (decimal 175)
   defining Unicode char U+00B0 (decimal 176)
   defining Unicode char U+00B1 (decimal 177)
   defining Unicode char U+00B2 (decimal 178)
   defining Unicode char U+00B3 (decimal 179)
   defining Unicode char U+00B4 (decimal 180)
   defining Unicode char U+00B5 (decimal 181)
   defining Unicode char U+00B6 (decimal 182)
   defining Unicode char U+00B7 (decimal 183)
   defining Unicode char U+00B9 (decimal 185)
   defining Unicode char U+00BA (decimal 186)
   defining Unicode char U+00BC (decimal 188)
   defining Unicode char U+00BD (decimal 189)
   defining Unicode char U+00BE (decimal 190)
   defining Unicode char U+00D7 (decimal 215)
   defining Unicode char U+00F7 (decimal 247)
   defining Unicode char U+0192 (decimal 402)
   defining Unicode char U+02C7 (decimal 711)
   defining Unicode char U+02D8 (decimal 728)
   defining Unicode char U+02DD (decimal 733)
   defining Unicode char U+0E3F (decimal 3647)
   defining Unicode char U+2016 (decimal 8214)
   defining Unicode char U+2020 (decimal 8224)
   defining Unicode char U+2021 (decimal 8225)
   defining Unicode char U+2022 (decimal 8226)
   defining Unicode char U+2030 (decimal 8240)
   defining Unicode char U+2031 (decimal 8241)
   defining Unicode char U+203B (decimal 8251)
   defining Unicode char U+203D (decimal 8253)
   defining Unicode char U+2044 (decimal 8260)
   defining Unicode char U+204E (decimal 8270)
   defining Unicode char U+2052 (decimal 8274)
   defining Unicode char U+20A1 (decimal 8353)
   defining Unicode char U+20A4 (decimal 8356)
   defining Unicode char U+20A6 (decimal 8358)
   defining Unicode char U+20A9 (decimal 8361)
   defining Unicode char U+20AB (decimal 8363)
   defining Unicode char U+20AC (decimal 8364)
   defining Unicode char U+20B1 (decimal 8369)
   defining Unicode char U+2103 (decimal 8451)
   defining Unicode char U+2116 (decimal 8470)
   defining Unicode char U+2117 (decimal 8471)
   defining Unicode char U+211E (decimal 8478)
   defining Unicode char U+2120 (decimal 8480)
   defining Unicode char U+2122 (decimal 8482)
   defining Unicode char U+2126 (decimal 8486)
   defining Unicode char U+2127 (decimal 8487)
   defining Unicode char U+212E (decimal 8494)
   defining Unicode char U+2190 (decimal 8592)
   defining Unicode char U+2191 (decimal 8593)
   defining Unicode char U+2192 (decimal 8594)
   defining Unicode char U+2193 (decimal 8595)
   defining Unicode char U+2329 (decimal 9001)
   defining Unicode char U+232A (decimal 9002)
   defining Unicode char U+2422 (decimal 9250)
   defining Unicode char U+25E6 (decimal 9702)
   defining Unicode char U+25EF (decimal 9711)
   defining Unicode char U+266A (decimal 9834)
))
LaTeX Info: Redefining \oldstylenums on input line 334.
Package textcomp Info: Setting cmr sub-encoding to TS1/0 on input line 349.
Package textcomp Info: Setting cmss sub-encoding to TS1/0 on input line 350.
Package textcomp Info: Setting cmtt sub-encoding to TS1/0 on input line 351.
Package textcomp Info: Setting cmvtt sub-encoding to TS1/0 on input line 352.
Package textcomp Info: Setting cmbr sub-encoding to TS1/0 on input line 353.
Package textcomp Info: Setting cmtl sub-encoding to TS1/0 on input line 354.
Package textcomp Info: Setting ccr sub-encoding to TS1/0 on input line 355.
Package textcomp Info: Setting ptm sub-encoding to TS1/4 on input line 356.
Package textcomp Info: Setting pcr sub-encoding to TS1/4 on input line 357.
Package textcomp Info: Setting phv sub-encoding to TS1/4 on input line 358.
Package textcomp Info: Setting ppl sub-encoding to TS1/3 on input line 359.
Package textcomp Info: Setting pag sub-encoding to TS1/4 on input line 360.
Package textcomp Info: Setting pbk sub-encoding to TS1/4 on input line 361.
Package textcomp Info: Setting pnc sub-encoding to TS1/4 on input line 362.
Package textcomp Info: Setting pzc sub-encoding to TS1/4 on input line 363.
Package textcomp Info: Setting bch sub-encoding to TS1/4 on input line 364.
Package textcomp Info: Setting put sub-encoding to TS1/5 on input line 365.
Package textcomp Info: Setting uag sub-encoding to TS1/5 on input line 366.
Package textcomp Info: Setting ugq sub-encoding to TS1/5 on input line 367.
Package textcomp Info: Setting ul8 sub-encoding to TS1/4 on input line 368.
Package textcomp Info: Setting ul9 sub-encoding to TS1/4 on input line 369.
Package textcomp Info: Setting augie sub-encoding to TS1/5 on input line 370.
Package textcomp Info: Setting dayrom sub-encoding to TS1/3 on input line 371.
Package textcomp Info: Setting dayroms sub-encoding to TS1/3 on input line 372.

Package textcomp Info: Setting pxr sub-encoding to TS1/0 on input line 373.
Package textcomp Info: Setting pxss sub-encoding to TS1/0 on input line 374.
Package textcomp Info: Setting pxtt sub-encoding to TS1/0 on input line 375.
Package textcomp Info: Setting txr sub-encoding to TS1/0 on input line 376.
Package textcomp Info: Setting txss sub-encoding to TS1/0 on input line 377.
Package textcomp Info: Setting txtt sub-encoding to TS1/0 on input line 378.
Package textcomp Info: Setting lmr sub-encoding to TS1/0 on input line 379.
Package textcomp Info: Setting lmdh sub-encoding to TS1/0 on input line 380.
Package textcomp Info: Setting lmss sub-encoding to TS1/0 on input line 381.
Package textcomp Info: Setting lmssq sub-encoding to TS1/0 on input line 382.
Package textcomp Info: Setting lmvtt sub-encoding to TS1/0 on input line 383.
Package textcomp Info: Setting lmtt sub-encoding to TS1/0 on input line 384.
Package textcomp Info: Setting qhv sub-encoding to TS1/0 on input line 385.
Package textcomp Info: Setting qag sub-encoding to TS1/0 on input line 386.
Package textcomp Info: Setting qbk sub-encoding to TS1/0 on input line 387.
Package textcomp Info: Setting qcr sub-encoding to TS1/0 on input line 388.
Package textcomp Info: Setting qcs sub-encoding to TS1/0 on input line 389.
Package textcomp Info: Setting qpl sub-encoding to TS1/0 on input line 390.
Package textcomp Info: Setting qtm sub-encoding to TS1/0 on input line 391.
Package textcomp Info: Setting qzc sub-encoding to TS1/0 on input line 392.
Package textcomp Info: Setting qhvc sub-encoding to TS1/0 on input line 393.
Package textcomp Info: Setting futs sub-encoding to TS1/4 on input line 394.
Package textcomp Info: Setting futx sub-encoding to TS1/4 on input line 395.
Package textcomp Info: Setting futj sub-encoding to TS1/4 on input line 396.
Package textcomp Info: Setting hlh sub-encoding to TS1/3 on input line 397.
Package textcomp Info: Setting hls sub-encoding to TS1/3 on input line 398.
Package textcomp Info: Setting hlst sub-encoding to TS1/3 on input line 399.
Package textcomp Info: Setting hlct sub-encoding to TS1/5 on input line 400.
Package textcomp Info: Setting hlx sub-encoding to TS1/5 on input line 401.
Package textcomp Info: Setting hlce sub-encoding to TS1/5 on input line 402.
Package textcomp Info: Setting hlcn sub-encoding to TS1/5 on input line 403.
Package textcomp Info: Setting hlcw sub-encoding to TS1/5 on input line 404.
Package textcomp Info: Setting hlcf sub-encoding to TS1/5 on input line 405.
Package textcomp Info: Setting pplx sub-encoding to TS1/3 on input line 406.
Package textcomp Info: Setting pplj sub-encoding to TS1/3 on input line 407.
Package textcomp Info: Setting ptmx sub-encoding to TS1/4 on input line 408.
Package textcomp Info: Setting ptmj sub-encoding to TS1/4 on input line 409.
)
(/usr/share/texlive/texmf-dist/tex/latex/wasysym/wasysym.sty
Package: wasysym 2003/10/30 v2.0 Wasy-2 symbol support package
\symwasy=\mathgroup6
LaTeX Font Info:    Overwriting symbol font `wasy' in version `bold'
(Font)                  U/wasy/m/n --> U/wasy/b/n on input line 90.
)
(/usr/share/texlive/texmf-dist/tex/generic/ifxetex/ifxetex.sty
Package: ifxetex 2010/09/12 v0.6 Provides ifxetex conditional
)
(/usr/share/texlive/texmf-dist/tex/latex/base/fontenc.sty
Package: fontenc 2005/09/27 v1.99g Standard LaTeX package

(/usr/share/texlive/texmf-dist/tex/latex/base/t1enc.def
File: t1enc.def 2005/09/27 v1.99g Standard LaTeX file
LaTeX Font Info:    Redeclaring font encoding T1 on input line 48.
))
(/usr/share/texlive/texmf-dist/tex/latex/psnfss/helvet.sty
Package: helvet 2005/04/12 PSNFSS-v9.2a (WaS) 
)
(/usr/share/texlive/texmf-dist/tex/latex/psnfss/courier.sty
Package: courier 2005/04/12 PSNFSS-v9.2a (WaS) 
)
(/usr/share/texlive/texmf-dist/tex/latex/sectsty/sectsty.sty
Package: sectsty 2002/02/25 v2.0.2 Commands to change all sectional heading sty
les
)
(/usr/share/texlive/texmf-dist/tex/latex/geometry/geometry.sty
Package: geometry 2010/09/12 v5.6 Page Geometry

(/usr/share/texlive/texmf-dist/tex/generic/oberdiek/ifvtex.sty
Package: ifvtex 2010/03/01 v1.5 Detect VTeX and its facilities (HO)
Package ifvtex Info: VTeX not detected.
)
\Gm@cnth=\count125
\Gm@cntv=\count126
\c@Gm@tempcnt=\count127
\Gm@bindingoffset=\dimen147
\Gm@wd@mp=\dimen148
\Gm@odd@mp=\dimen149
\Gm@even@mp=\dimen150
\Gm@layoutwidth=\dimen151
\Gm@layoutheight=\dimen152
\Gm@layouthoffset=\dimen153
\Gm@layoutvoffset=\dimen154
\Gm@dimlist=\toks31
)
(/usr/share/texlive/texmf-dist/tex/latex/fancyhdr/fancyhdr.sty
\fancy@headwidth=\skip73
\f@ncyO@elh=\skip74
\f@ncyO@erh=\skip75
\f@ncyO@olh=\skip76
\f@ncyO@orh=\skip77
\f@ncyO@elf=\skip78
\f@ncyO@erf=\skip79
\f@ncyO@olf=\skip80
\f@ncyO@orf=\skip81
)
(/usr/share/texlive/texmf-dist/tex/latex/natbib/natbib.sty
Package: natbib 2010/09/13 8.31b (PWD, AO)
\bibhang=\skip82
\bibsep=\skip83
LaTeX Info: Redefining \cite on input line 694.
\c@NAT@ctr=\count128
)
(/usr/share/texlive/texmf-dist/tex/latex/tocloft/tocloft.sty
Package: tocloft 2013/05/02 v2.3f parameterised ToC, etc., typesetting
Package tocloft Info: The document has chapter divisions on input line 44.
\cftparskip=\skip84
\cftbeforetoctitleskip=\skip85
\cftaftertoctitleskip=\skip86
\cftbeforepartskip=\skip87
\cftpartnumwidth=\skip88
\cftpartindent=\skip89
\cftbeforechapskip=\skip90
\cftchapindent=\skip91
\cftchapnumwidth=\skip92
\cftbeforesecskip=\skip93
\cftsecindent=\skip94
\cftsecnumwidth=\skip95
\cftbeforesubsecskip=\skip96
\cftsubsecindent=\skip97
\cftsubsecnumwidth=\skip98
\cftbeforesubsubsecskip=\skip99
\cftsubsubsecindent=\skip100
\cftsubsubsecnumwidth=\skip101
\cftbeforeparaskip=\skip102
\cftparaindent=\skip103
\cftparanumwidth=\skip104
\cftbeforesubparaskip=\skip105
\cftsubparaindent=\skip106
\cftsubparanumwidth=\skip107
\cftbeforeloftitleskip=\skip108
\cftafterloftitleskip=\skip109
\cftbeforefigskip=\skip110
\cftfigindent=\skip111
\cftfignumwidth=\skip112
\c@lofdepth=\count129
\c@lotdepth=\count130
\cftbeforelottitleskip=\skip113
\cftafterlottitleskip=\skip114
\cftbeforetabskip=\skip115
\cfttabindent=\skip116
\cfttabnumwidth=\skip117
)
\@indexfile=\write4
\openout4 = `refman.idx'.


Writing index file refman.idx
(/usr/share/texlive/texmf-dist/tex/latex/newunicodechar/newunicodechar.sty
Package: newunicodechar 2012/11/12 v1.1 Defining Unicode characters
)

Package newunicodechar Warning: Redefining Unicode character on input line 104.



Package newunicodechar Warning: Redefining Unicode character on input line 105.


(/usr/share/texlive/texmf-dist/tex/latex/hyperref/hyperref.sty
Package: hyperref 2012/11/06 v6.83m Hypertext links for LaTeX

(/usr/share/texlive/texmf-dist/tex/generic/oberdiek/hobsub-hyperref.sty
Package: hobsub-hyperref 2012/05/28 v1.13 Bundle oberdiek, subset hyperref (HO)


(/usr/share/texlive/texmf-dist/tex/generic/oberdiek/hobsub-generic.sty
Package: hobsub-generic 2012/05/28 v1.13 Bundle oberdiek, subset generic (HO)
Package: hobsub 2012/05/28 v1.13 Construct package bundles (HO)
Package hobsub Info: Skipping package `infwarerr' (already loaded).
Package hobsub Info: Skipping package `ltxcmds' (already loaded).
Package: ifluatex 2010/03/01 v1.3 Provides the ifluatex switch (HO)
Package ifluatex Info: LuaTeX not detected.
Package hobsub Info: Skipping package `ifvtex' (already loaded).
Package: intcalc 2007/09/27 v1.1 Expandable calculations with integers (HO)
Package hobsub Info: Skipping package `ifpdf' (already loaded).
Package: etexcmds 2011/02/16 v1.5 Avoid name clashes with e-TeX commands (HO)
Package etexcmds Info: Could not find \expanded.
(etexcmds)             That can mean that you are not using pdfTeX 1.50 or
(etexcmds)             that some package has redefined \expanded.
(etexcmds)             In the latter case, load this package earlier.
Package: kvsetkeys 2012/04/25 v1.16 Key value parser (HO)
Package: kvdefinekeys 2011/04/07 v1.3 Define keys (HO)
Package: pdftexcmds 2011/11/29 v0.20 Utility functions of pdfTeX for LuaTeX (HO
)
Package pdftexcmds Info: LuaTeX not detected.
Package pdftexcmds Info: \pdf@primitive is available.
Package pdftexcmds Info: \pdf@ifprimitive is available.
Package pdftexcmds Info: \pdfdraftmode found.
Package: pdfescape 2011/11/25 v1.13 Implements pdfTeX's escape features (HO)
Package: bigintcalc 2012/04/08 v1.3 Expandable calculations on big integers (HO
)
Package: bitset 2011/01/30 v1.1 Handle bit-vector datatype (HO)
Package: uniquecounter 2011/01/30 v1.2 Provide unlimited unique counter (HO)
)
Package hobsub Info: Skipping package `hobsub' (already loaded).
Package: letltxmacro 2010/09/02 v1.4 Let assignment for LaTeX macros (HO)
Package: hopatch 2012/05/28 v1.2 Wrapper for package hooks (HO)
Package: xcolor-patch 2011/01/30 xcolor patch
Package: atveryend 2011/06/30 v1.8 Hooks at the very end of document (HO)
Package: atbegshi 2011/10/05 v1.16 At begin shipout hook (HO)
Package: refcount 2011/10/16 v3.4 Data extraction from label references (HO)
Package: hycolor 2011/01/30 v1.7 Color options for hyperref/bookmark (HO)
)
(/usr/share/texlive/texmf-dist/tex/latex/oberdiek/auxhook.sty
Package: auxhook 2011/03/04 v1.3 Hooks for auxiliary files (HO)
)
(/usr/share/texlive/texmf-dist/tex/latex/oberdiek/kvoptions.sty
Package: kvoptions 2011/06/30 v3.11 Key value format for package options (HO)
)
\@linkdim=\dimen155
\Hy@linkcounter=\count131
\Hy@pagecounter=\count132

(/usr/share/texlive/texmf-dist/tex/latex/hyperref/pd1enc.def
File: pd1enc.def 2012/11/06 v6.83m Hyperref: PDFDocEncoding definition (HO)
Now handling font encoding PD1 ...
... no UTF-8 mapping file for font encoding PD1
)
\Hy@SavedSpaceFactor=\count133

(/usr/share/texlive/texmf-dist/tex/latex/latexconfig/hyperref.cfg
File: hyperref.cfg 2002/06/06 v1.2 hyperref configuration of TeXLive
)
Package hyperref Info: Hyper figures OFF on input line 4443.
Package hyperref Info: Link nesting OFF on input line 4448.
Package hyperref Info: Hyper index ON on input line 4451.
Package hyperref Info: Plain pages OFF on input line 4458.
Package hyperref Info: Backreferencing ON on input line 4461.
Package hyperref Info: Implicit mode ON; LaTeX internals redefined.
Package hyperref Info: Bookmarks ON on input line 4688.

(/usr/share/texlive/texmf-dist/tex/latex/hyperref/backref.sty
Package: backref 2012/07/25 v1.38 Bibliographical back referencing

(/usr/share/texlive/texmf-dist/tex/latex/oberdiek/rerunfilecheck.sty
Package: rerunfilecheck 2011/04/15 v1.7 Rerun checks for auxiliary files (HO)
Package uniquecounter Info: New unique counter `rerunfilecheck' on input line 2
82.
))
\c@Hy@tempcnt=\count134

(/usr/share/texlive/texmf-dist/tex/latex/url/url.sty
\Urlmuskip=\muskip10
Package: url 2013/09/16  ver 3.4  Verb mode for urls, etc.
)
LaTeX Info: Redefining \url on input line 5041.
\XeTeXLinkMargin=\dimen156
\Fld@menulength=\count135
\Field@Width=\dimen157
\Fld@charsize=\dimen158
Package hyperref Info: Hyper figures OFF on input line 6295.
Package hyperref Info: Link nesting OFF on input line 6300.
Package hyperref Info: Hyper index ON on input line 6303.
Package hyperref Info: backreferencing ON on input line 6308.
Package hyperref Info: Link coloring OFF on input line 6315.
Package hyperref Info: Link coloring with OCG OFF on input line 6320.
Package hyperref Info: PDF/A mode OFF on input line 6325.
LaTeX Info: Redefining \ref on input line 6365.
LaTeX Info: Redefining \pageref on input line 6369.
\Hy@abspage=\count136
\c@Item=\count137
\c@Hfootnote=\count138
)

Package hyperref Message: Driver: hpdftex.

(/usr/share/texlive/texmf-dist/tex/latex/hyperref/hpdftex.def
File: hpdftex.def 2012/11/06 v6.83m Hyperref driver for pdfTeX
\Fld@listcount=\count139
\c@bookmark@seq@number=\count140
\Hy@SectionHShift=\skip118
)
Package hyperref Info: Option `colorlinks' set `true' on input line 123.
Package hyperref Info: Option `unicode' set `true' on input line 123.

(/usr/share/texlive/texmf-dist/tex/latex/hyperref/puenc.def
File: puenc.def 2012/11/06 v6.83m Hyperref: PDF Unicode definition (HO)
Now handling font encoding PU ...
... no UTF-8 mapping file for font encoding PU
)
(/usr/share/texlive/texmf-dist/tex/latex/caption/caption.sty
Package: caption 2016/02/21 v3.3-144 Customizing captions (AR)

(/usr/share/texlive/texmf-dist/tex/latex/caption/caption3.sty
Package: caption3 2016/02/04 v1.7-139 caption3 kernel (AR)
Package caption3 Info: TeX engine: e-TeX on input line 67.
\captionmargin=\dimen159
\captionmargin@=\dimen160
\captionwidth=\dimen161
\caption@tempdima=\dimen162
\caption@indent=\dimen163
\caption@parindent=\dimen164
\caption@hangindent=\dimen165
)
\c@ContinuedFloat=\count141
Package caption Info: float package is loaded.
Package caption Info: hyperref package is loaded.
Package caption Info: longtable package is loaded.

(/usr/share/texlive/texmf-dist/tex/latex/caption/ltcaption.sty
Package: ltcaption 2013/06/09 v1.4-94 longtable captions (AR)
))
(/usr/share/texlive/texmf-dist/tex/latex/etoc/etoc.sty
Package: etoc 2015/08/29 v1.08g Completely customisable TOCs (jfB)
\Etoc@toctoks=\toks32
\c@etoc@tocid=\count142
\c@etoc@tocdepth=\count143
\etoc@framed@titlebox=\box73
\etoc@framed@contentsbox=\box74
)
No file refman.aux.
\openout1 = `refman.aux'.

LaTeX Font Info:    Checking defaults for OML/cmm/m/it on input line 138.
LaTeX Font Info:    ... okay on input line 138.
LaTeX Font Info:    Checking defaults for T1/cmr/m/n on input line 138.
LaTeX Font Info:    ... okay on input line 138.
LaTeX Font Info:    Checking defaults for OT1/cmr/m/n on input line 138.
LaTeX Font Info:    ... okay on input line 138.
LaTeX Font Info:    Checking defaults for OMS/cmsy/m/n on input line 138.
LaTeX Font Info:    ... okay on input line 138.
LaTeX Font Info:    Checking defaults for OMX/cmex/m/n on input line 138.
LaTeX Font Info:    ... okay on input line 138.
LaTeX Font Info:    Checking defaults for U/cmr/m/n on input line 138.
LaTeX Font Info:    ... okay on input line 138.
LaTeX Font Info:    Checking defaults for TS1/cmr/m/n on input line 138.
LaTeX Font Info:    Try loading font information for TS1+cmr on input line 138.

(/usr/share/texlive/texmf-dist/tex/latex/base/ts1cmr.fd
File: ts1cmr.fd 2014/09/29 v2.5h Standard LaTeX font definitions
)
LaTeX Font Info:    ... okay on input line 138.
LaTeX Font Info:    Checking defaults for PD1/pdf/m/n on input line 138.
LaTeX Font Info:    ... okay on input line 138.
LaTeX Font Info:    Checking defaults for PU/pdf/m/n on input line 138.
LaTeX Font Info:    ... okay on input line 138.
LaTeX Font Info:    Try loading font information for T1+phv on input line 138.

(/usr/share/texlive/texmf-dist/tex/latex/psnfss/t1phv.fd
File: t1phv.fd 2001/06/04 scalable font definitions for T1/phv.
)
LaTeX Font Info:    Font shape `T1/phv/m/n' will be
(Font)              scaled to size 8.99994pt on input line 138.

(/usr/share/texlive/texmf-dist/tex/context/base/supp-pdf.mkii
[Loading MPS to PDF converter (version 2006.09.02).]
\scratchcounter=\count144
\scratchdimen=\dimen166
\scratchbox=\box75
\nofMPsegments=\count145
\nofMParguments=\count146
\everyMPshowfont=\toks33
\MPscratchCnt=\count147
\MPscratchDim=\dimen167
\MPnumerator=\count148
\makeMPintoPDFobject=\count149
\everyMPtoPDFconversion=\toks34
) (/usr/share/texlive/texmf-dist/tex/latex/oberdiek/epstopdf-base.sty
Package: epstopdf-base 2010/02/09 v2.5 Base part for package epstopdf

(/usr/share/texlive/texmf-dist/tex/latex/oberdiek/grfext.sty
Package: grfext 2010/08/19 v1.1 Manage graphics extensions (HO)
)
Package grfext Info: Graphics extension search list:
(grfext)             [.png,.pdf,.jpg,.mps,.jpeg,.jbig2,.jb2,.PNG,.PDF,.JPG,.JPE
G,.JBIG2,.JB2,.eps]
(grfext)             \AppendGraphicsExtensions on input line 452.

(/usr/share/texlive/texmf-dist/tex/latex/latexconfig/epstopdf-sys.cfg
File: epstopdf-sys.cfg 2010/07/13 v1.3 Configuration of (r)epstopdf for TeX Liv
e
))
*geometry* driver: auto-detecting
*geometry* detected driver: pdftex
*geometry* verbose mode - [ preamble ] result:
* driver: pdftex
* paper: a4paper
* layout: <same size as paper>
* layoutoffset:(h,v)=(0.0pt,0.0pt)
* modes: twoside 
* h-part:(L,W,R)=(71.13188pt, 455.24411pt, 71.13188pt)
* v-part:(T,H,B)=(71.13188pt, 702.78308pt, 71.13188pt)
* \paperwidth=597.50787pt
* \paperheight=845.04684pt
* \textwidth=455.24411pt
* \textheight=702.78308pt
* \oddsidemargin=-1.1381pt
* \evensidemargin=-1.1381pt
* \topmargin=-31.2056pt
* \headheight=12.0pt
* \headsep=18.06749pt
* \topskip=10.0pt
* \footskip=25.29494pt
* \marginparwidth=125.0pt
* \marginparsep=7.0pt
* \columnsep=10.0pt
* \skip\footins=9.0pt plus 4.0pt minus 2.0pt
* \hoffset=0.0pt
* \voffset=0.0pt
* \mag=1000
* \@twocolumnfalse
* \@twosidetrue
* \@mparswitchtrue
* \@reversemarginfalse
* (1in=72.27pt=25.4mm, 1cm=28.453pt)

\AtBeginShipoutBox=\box76
Package backref Info: ** backref set up for natbib ** on input line 138.
Package hyperref Info: Link coloring ON on input line 138.
(/usr/share/texlive/texmf-dist/tex/latex/hyperref/nameref.sty
Package: nameref 2012/10/27 v2.43 Cross-referencing by name of section

(/usr/share/texlive/texmf-dist/tex/generic/oberdiek/gettitlestring.sty
Package: gettitlestring 2010/12/03 v1.4 Cleanup title references (HO)
)
\c@section@level=\count150
)
LaTeX Info: Redefining \ref on input line 138.
LaTeX Info: Redefining \pageref on input line 138.
LaTeX Info: Redefining \nameref on input line 138.
\@outlinefile=\write5
\openout5 = `refman.out'.

Package caption Info: Begin \AtBeginDocument code.
Package caption Info: End \AtBeginDocument code.

No file refman.toc.
Package hyperref Info: Option `pageanchor' set `false' on input line 144.
Package hyperref Info: Option `bookmarksnumbered' set `true' on input line 144.

Package hyperref Info: Option `unicode' set `true' on input line 144.
LaTeX Font Info:    Font shape `T1/phv/m/n' will be
(Font)              scaled to size 12.9599pt on input line 149.
LaTeX Font Info:    Font shape `T1/phv/m/n' will be
(Font)              scaled to size 10.79993pt on input line 149.
[1


{/var/lib/texmf/fonts/map/pdftex/updmap/pdftex.map}] [2

]
\tf@toc=\write6
\openout6 = `refman.toc'.

Package hyperref Info: Option `pageanchor' set `true' on input line 159.

Chapter 1.
LaTeX Font Info:    Font shape `T1/phv/m/n' will be
(Font)              scaled to size 18.66588pt on input line 162.
LaTeX Font Info:    Font shape `T1/phv/bx/n' in size <20.74> not available
(Font)              Font shape `T1/phv/b/n' tried instead on input line 162.
LaTeX Font Info:    Font shape `T1/phv/b/n' will be
(Font)              scaled to size 18.66588pt on input line 162.
LaTeX Font Info:    Font shape `T1/phv/bc/n' will be
(Font)              scaled to size 18.66588pt on input line 162.
LaTeX Font Info:    Font shape `T1/phv/m/n' will be
(Font)              scaled to size 22.39185pt on input line 162.
LaTeX Font Info:    Font shape `T1/phv/bx/n' in size <24.88> not available
(Font)              Font shape `T1/phv/b/n' tried instead on input line 162.
LaTeX Font Info:    Font shape `T1/phv/b/n' will be
(Font)              scaled to size 22.39185pt on input line 162.
LaTeX Font Info:    Font shape `T1/phv/bc/n' will be
(Font)              scaled to size 22.39185pt on input line 162.
(./namespaces.tex
LaTeX Font Info:    Font shape `T1/phv/bx/n' in size <14.4> not available
(Font)              Font shape `T1/phv/b/n' tried instead on input line 2.
LaTeX Font Info:    Font shape `T1/phv/b/n' will be
(Font)              scaled to size 12.9599pt on input line 2.
LaTeX Font Info:    Font shape `T1/phv/bc/n' will be
(Font)              scaled to size 12.9599pt on input line 2.
LaTeX Font Info:    Font shape `T1/phv/m/n' will be
(Font)              scaled to size 6.29996pt on input line 2.
LaTeX Font Info:    Try loading font information for U+msa on input line 2.
 (/usr/share/texlive/texmf-dist/tex/latex/amsfonts/umsa.fd
File: umsa.fd 2013/01/14 v3.01 AMS symbols A
)
LaTeX Font Info:    Try loading font information for U+msb on input line 2.

(/usr/share/texlive/texmf-dist/tex/latex/amsfonts/umsb.fd
File: umsb.fd 2013/01/14 v3.01 AMS symbols B
)
LaTeX Font Info:    Try loading font information for U+wasy on input line 2.

(/usr/share/texlive/texmf-dist/tex/latex/wasysym/uwasy.fd
File: uwasy.fd 2003/10/30 v2.0 Wasy-2 symbol font definitions
)
LaTeX Font Info:    Font shape `T1/phv/bx/n' in size <10> not available
(Font)              Font shape `T1/phv/b/n' tried instead on input line 3.
LaTeX Font Info:    Font shape `T1/phv/b/n' will be
(Font)              scaled to size 8.99994pt on input line 3.


LaTeX Warning: Reference `namespacestickman' on page 1 undefined on input line 
3.

) [1


]
LaTeX Font Info:    Font shape `T1/phv/bx/n' in size <7> not available
(Font)              Font shape `T1/phv/b/n' tried instead on input line 164.
LaTeX Font Info:    Font shape `T1/phv/b/n' will be
(Font)              scaled to size 6.29996pt on input line 164.
 [2

]
Chapter 2.
(./hierarchy.tex

LaTeX Warning: Reference `classstickman_1_1AssetManager' on page 3 undefined on
 input line 3.


LaTeX Warning: Reference `classstickman_1_1myListener' on page 3 undefined on i
nput line 5.


LaTeX Warning: Reference `classstickman_1_1Game' on page 3 undefined on input l
ine 7.


LaTeX Warning: Reference `classstickman_1_1Game2' on page 3 undefined on input 
line 8.


LaTeX Warning: Reference `structstickman_1_1GameData' on page 3 undefined on in
put line 9.


LaTeX Warning: Reference `classstickman_1_1InputManager' on page 3 undefined on
 input line 10.


LaTeX Warning: Reference `classstickman_1_1Player' on page 3 undefined on input
 line 11.


LaTeX Warning: Reference `structstickman_1_1playerdata' on page 3 undefined on 
input line 12.


LaTeX Warning: Reference `classstickman_1_1State' on page 3 undefined on input 
line 13.


LaTeX Warning: Reference `classstickman_1_1GameOver' on page 3 undefined on inp
ut line 15.


LaTeX Warning: Reference `classstickman_1_1HelpState' on page 3 undefined on in
put line 16.


LaTeX Warning: Reference `classstickman_1_1mainGame' on page 3 undefined on inp
ut line 17.


LaTeX Warning: Reference `classstickman_1_1MainMenuState' on page 3 undefined o
n input line 18.


LaTeX Warning: Reference `classstickman_1_1NameState' on page 3 undefined on in
put line 19.


LaTeX Warning: Reference `classstickman_1_1SplashState' on page 3 undefined on 
input line 20.


LaTeX Warning: Reference `classstickman_1_1StateMachine' on page 3 undefined on
 input line 22.


LaTeX Warning: Reference `structstickman_1_1emptyStr' on page 3 undefined on in
put line 24.


LaTeX Warning: Reference `structstickman_1_1testDecreaseHp' on page 3 undefined
 on input line 26.


LaTeX Warning: Reference `classstickman_1_1mainGame' on page 3 undefined on inp
ut line 28.


LaTeX Warning: Reference `structstickman_1_1testDecreaseHp' on page 3 undefined
 on input line 31.

) [3] [4

]
Chapter 3.
(./annotated.tex
LaTeX Font Info:    Try loading font information for TS1+phv on input line 3.
 (/usr/share/texlive/texmf-dist/tex/latex/psnfss/ts1phv.fd
File: ts1phv.fd 2001/06/04 scalable font definitions for TS1/phv.
)
LaTeX Font Info:    Font shape `TS1/phv/m/n' will be
(Font)              scaled to size 8.99994pt on input line 3.


LaTeX Warning: Reference `classstickman_1_1AssetManager' on page 5 undefined on
 input line 3.


LaTeX Warning: Reference `structstickman_1_1emptyStr' on page 5 undefined on in
put line 4.


LaTeX Warning: Reference `classstickman_1_1Game' on page 5 undefined on input l
ine 5.


LaTeX Warning: Reference `classstickman_1_1Game2' on page 5 undefined on input 
line 6.


LaTeX Warning: Reference `structstickman_1_1GameData' on page 5 undefined on in
put line 7.


LaTeX Warning: Reference `classstickman_1_1GameOver' on page 5 undefined on inp
ut line 8.


LaTeX Warning: Reference `classstickman_1_1HelpState' on page 5 undefined on in
put line 9.


LaTeX Warning: Reference `classstickman_1_1InputManager' on page 5 undefined on
 input line 10.


LaTeX Warning: Reference `classstickman_1_1mainGame' on page 5 undefined on inp
ut line 11.


LaTeX Warning: Reference `classstickman_1_1MainMenuState' on page 5 undefined o
n input line 12.


LaTeX Warning: Reference `classstickman_1_1myListener' on page 5 undefined on i
nput line 13.


LaTeX Warning: Reference `classstickman_1_1NameState' on page 5 undefined on in
put line 14.


LaTeX Warning: Reference `classstickman_1_1Player' on page 5 undefined on input
 line 15.


LaTeX Warning: Reference `structstickman_1_1playerdata' on page 5 undefined on 
input line 16.


LaTeX Warning: Reference `classstickman_1_1SplashState' on page 5 undefined on 
input line 17.


LaTeX Warning: Reference `classstickman_1_1State' on page 5 undefined on input 
line 18.

[5]

LaTeX Warning: Reference `classstickman_1_1StateMachine' on page 6 undefined on
 input line 19.


LaTeX Warning: Reference `structstickman_1_1testDecreaseHp' on page 6 undefined
 on input line 20.

) [6]
Chapter 4.
(./files.tex

LaTeX Warning: Reference `AssetManager_8cpp' on page 7 undefined on input line 
3.


LaTeX Warning: Reference `AssetManager_8hpp' on page 7 undefined on input line 
4.


LaTeX Warning: Reference `DEFINITIONS_8hpp' on page 7 undefined on input line 5
.


LaTeX Warning: Reference `Game_8cpp' on page 7 undefined on input line 6.


LaTeX Warning: Reference `game_8cpp' on page 7 undefined on input line 7.


LaTeX Warning: Reference `game_8h' on page 7 undefined on input line 8.


LaTeX Warning: Reference `Game_8hpp' on page 7 undefined on input line 9.


LaTeX Warning: Reference `GameOver_8cpp' on page 7 undefined on input line 10.


LaTeX Warning: Reference `GameOver_8h' on page 7 undefined on input line 11.


LaTeX Warning: Reference `HelpState_8cpp' on page 7 undefined on input line 12.



LaTeX Warning: Reference `HelpState_8hpp' on page 7 undefined on input line 13.



LaTeX Warning: Reference `InputManager_8cpp' on page 7 undefined on input line 
14.


LaTeX Warning: Reference `InputManager_8hpp' on page 7 undefined on input line 
15.


LaTeX Warning: Reference `mainGame_8cpp' on page 7 undefined on input line 16.


LaTeX Warning: Reference `mainGame_8hpp' on page 7 undefined on input line 17.


LaTeX Warning: Reference `MainMenuState_8cpp' on page 7 undefined on input line
 18.


LaTeX Warning: Reference `MainMenuState_8hpp' on page 7 undefined on input line
 19.


LaTeX Warning: Reference `myListener_8cpp' on page 7 undefined on input line 20
.


LaTeX Warning: Reference `myListener_8h' on page 7 undefined on input line 21.


LaTeX Warning: Reference `name_8cpp' on page 7 undefined on input line 22.


LaTeX Warning: Reference `name_8h' on page 7 undefined on input line 23.


LaTeX Warning: Reference `player_8cpp' on page 7 undefined on input line 24.


LaTeX Warning: Reference `player_8h' on page 7 undefined on input line 25.


LaTeX Warning: Reference `SplashState_8cpp' on page 7 undefined on input line 2
6.


LaTeX Warning: Reference `SplashState_8hpp' on page 7 undefined on input line 2
7.


LaTeX Warning: Reference `State_8hpp' on page 7 undefined on input line 28.


LaTeX Warning: Reference `StateMachine_8cpp' on page 7 undefined on input line 
29.


LaTeX Warning: Reference `StateMachine_8hpp' on page 7 undefined on input line 
30.


LaTeX Warning: Reference `tests_8hpp' on page 7 undefined on input line 31.

) [7

] [8

]
Chapter 5.
(./namespacestickman.tex
LaTeX Font Info:    Font shape `T1/phv/bx/n' in size <12> not available
(Font)              Font shape `T1/phv/b/n' tried instead on input line 3.
LaTeX Font Info:    Font shape `T1/phv/b/n' will be
(Font)              scaled to size 10.79993pt on input line 3.
LaTeX Font Info:    Font shape `T1/phv/bc/n' will be
(Font)              scaled to size 10.79993pt on input line 3.
LaTeX Font Info:    Font shape `T1/phv/m/n' will be
(Font)              scaled to size 8.09995pt on input line 7.
LaTeX Font Info:    Font shape `T1/phv/m/it' in size <9> not available
(Font)              Font shape `T1/phv/m/sl' tried instead on input line 7.
LaTeX Font Info:    Font shape `T1/phv/m/sl' will be
(Font)              scaled to size 8.09995pt on input line 7.
LaTeX Font Info:    Font shape `T1/phv/m/it' in size <7> not available
(Font)              Font shape `T1/phv/m/sl' tried instead on input line 7.
LaTeX Font Info:    Font shape `T1/phv/m/sl' will be
(Font)              scaled to size 6.29996pt on input line 7.
LaTeX Font Info:    Font shape `TS1/phv/m/it' in size <9> not available
(Font)              Font shape `TS1/phv/m/sl' tried instead on input line 7.
LaTeX Font Info:    Font shape `TS1/phv/m/sl' will be
(Font)              scaled to size 8.09995pt on input line 7.
 [9]
Underfull \hbox (badness 1803) in paragraph at lines 60--61
[][] \T1/phv/m/n/10 (De-fault, [], testing[]::[]Values([]{100, 100, 1, 5},
 []

LaTeX Font Info:    Font shape `T1/phv/bc/n' will be
(Font)              scaled to size 8.99994pt on input line 69.
LaTeX Font Info:    Font shape `T1/phv/m/n' will be
(Font)              scaled to size 7.19995pt on input line 69.
LaTeX Font Info:    Try loading font information for T1+pcr on input line 69.
(/usr/share/texlive/texmf-dist/tex/latex/psnfss/t1pcr.fd
File: t1pcr.fd 2001/06/04 font definitions for T1/pcr.
) [10]
LaTeX Font Info:    Font shape `T1/pcr/m/it' in size <8> not available
(Font)              Font shape `T1/pcr/m/sl' tried instead on input line 92.

Overfull \hbox (24.06166pt too wide) in paragraph at lines 92--93
|  \T1/pcr/m/n/8 testing[]::[]Values([]{100, 100, 1, 5}, []{100, 100, 5, 1}, []
{100,
 []


Underfull \hbox (badness 10000) in paragraph at lines 92--93
\T1/pcr/m/n/8 100, 4, 6}, []{100, 100, 6, 4}, []{100, 100, 6, 3}, []{100, 100, 
3,
 []


Overfull \hbox (39.1562pt too wide) in paragraph at lines 92--93
\T1/pcr/m/n/8 6}, []{100, 100, 4, 5}, []{100, 100, 5, 4}, []{100, 100, 3, 5}, [
]{100,
 []


Underfull \hbox (badness 10000) in paragraph at lines 92--93
\T1/pcr/m/n/8 100, 5, 3}, []{100, 100, 2, 8}, []{100, 100, 8, 2}, []{100, 100, 
7,
 []


Overfull \hbox (34.3562pt too wide) in paragraph at lines 92--93
\T1/pcr/m/n/8 2}, []{100, 100, 2, 7}, []{100, 100, 1, 7}, []{100, 100, 7, 1}, [
]{80,
 []


Underfull \hbox (badness 10000) in paragraph at lines 92--93
\T1/pcr/m/n/8 100, 4, 6}, []{100, 80, 6, 4}, []{100, 60, 4, 6}, []{60, 100, 6, 
4},
 []


Underfull \hbox (badness 10000) in paragraph at lines 92--93
\T1/pcr/m/n/8 100, 6, 4}, []{100, 10, 4, 6}, []{10, 100, 6, 4}, []{80, 80, 4, 6
},
 []


Underfull \hbox (badness 10000) in paragraph at lines 92--93
[]\T1/pcr/m/n/8 {80, 80, 6, 4}, []{80, 60, 4, 6}, []{60, 80, 6, 4}, []{80,
 []


Overfull \hbox (39.1562pt too wide) in paragraph at lines 92--93
\T1/pcr/m/n/8 40, 4, 6}, []{40, 80, 6, 4}, []{80, 20, 4, 6}, []{20, 80, 6, 4}, 
[]{80,
 []


Overfull \hbox (39.1562pt too wide) in paragraph at lines 92--93
\T1/pcr/m/n/8 10, 4, 6}, []{10, 80, 6, 4}, []{60, 80, 4, 6}, []{80, 60, 6, 4}, 
[]{60,
 []


Overfull \hbox (39.1562pt too wide) in paragraph at lines 92--93
\T1/pcr/m/n/8 60, 4, 6}, []{60, 60, 6, 4}, []{60, 40, 4, 6}, []{40, 60, 6, 4}, 
[]{60,
 []


Overfull \hbox (39.1562pt too wide) in paragraph at lines 92--93
\T1/pcr/m/n/8 20, 4, 6}, []{20, 60, 6, 4}, []{60, 10, 4, 6}, []{10, 60, 6, 4}, 
[]{40,
 []

LaTeX Font Info:    Font shape `T1/phv/bc/n' will be
(Font)              scaled to size 7.19995pt on input line 102.

LaTeX Font Warning: Font shape `T1/pcr/bc/n' undefined
(Font)              using `T1/pcr/m/n' instead on input line 102.

[11]) [12]
Chapter 6.
(./classstickman_1_1AssetManager.tex
LaTeX Font Info:    Font shape `T1/phv/bc/n' will be
(Font)              scaled to size 6.29996pt on input line 2.
 [13

]

Package longtable Warning: Column widths have changed
(longtable)                in table 6.1 on input line 70.


Underfull \hbox (badness 10000) detected at line 71
[][][]
 []

[14]

Package longtable Warning: Column widths have changed
(longtable)                in table 6.2 on input line 88.


Underfull \hbox (badness 10000) detected at line 89
[][][]
 []

LaTeX Font Info:    Font shape `T1/pcr/m/it' in size <7> not available
(Font)              Font shape `T1/pcr/m/sl' tried instead on input line 96.

Package longtable Warning: Column widths have changed
(longtable)                in table 6.3 on input line 108.


Package longtable Warning: Column widths have changed
(longtable)                in table 6.4 on input line 125.

) (./structstickman_1_1emptyStr.tex
Package epstopdf Info: Source file: <structstickman_1_1emptyStr.eps>
(epstopdf)                    date: 2019-02-28 16:17:54
(epstopdf)                    size: 3925 bytes
(epstopdf)             Output file: <structstickman_1_1emptyStr-eps-converted-t
o.pdf>
(epstopdf)             Command: <repstopdf --outfile=structstickman_1_1emptyStr
-eps-converted-to.pdf structstickman_1_1emptyStr.eps>
(epstopdf)             \includegraphics on input line 15.
runsystem(repstopdf --outfile=structstickman_1_1emptyStr-eps-converted-to.pdf s
tructstickman_1_1emptyStr.eps)...executed safely (allowed).

Package epstopdf Info: Result file: <structstickman_1_1emptyStr-eps-converted-t
o.pdf>
(epstopdf)                    date: 2019-02-28 16:39:33
(epstopdf)                    size: 5680 bytes.


pdfTeX warning: pdflatex (file ./structstickman_1_1emptyStr-eps-converted-to.pd
f): PDF inclusion: found PDF version <1.7>, but at most version <1.5> allowed
 <./structstickman_1_1emptyStr-eps-converted-to.pdf>
<structstickman_1_1emptyStr-eps-converted-to.pdf, id=373, 501.875pt x 367.22194
pt>
File: structstickman_1_1emptyStr-eps-converted-to.pdf Graphic file (type pdf)
 <use structstickman_1_1emptyStr-eps-converted-to.pdf>
Package pdftex.def Info: structstickman_1_1emptyStr-eps-converted-to.pdf used o
n input line 15.
(pdftex.def)             Requested size: 116.6541pt x 85.35826pt.
 [15])
(./classstickman_1_1Game.tex [16] [17] [18] [19]

Package longtable Warning: Column widths have changed
(longtable)                in table 6.5 on input line 206.

[20]

Package longtable Warning: Column widths have changed
(longtable)                in table 6.6 on input line 252.

[21]

Package longtable Warning: Column widths have changed
(longtable)                in table 6.7 on input line 289.


Package longtable Warning: Column widths have changed
(longtable)                in table 6.8 on input line 306.


Package longtable Warning: Column widths have changed
(longtable)                in table 6.9 on input line 338.

[22]

Package longtable Warning: Column widths have changed
(longtable)                in table 6.10 on input line 353.


Package longtable Warning: Column widths have changed
(longtable)                in table 6.11 on input line 388.

[23]

Package longtable Warning: Column widths have changed
(longtable)                in table 6.12 on input line 407.


Package longtable Warning: Column widths have changed
(longtable)                in table 6.13 on input line 442.


Package longtable Warning: Column widths have changed
(longtable)                in table 6.14 on input line 459.


Overfull \vbox (0.33858pt too high) has occurred while \output is active []


[24] [25] [26] [27] [28] [29] [30] [31] [32]) (./classstickman_1_1Game2.tex
[33]

Package longtable Warning: Column widths have changed
(longtable)                in table 6.15 on input line 41.

) (./structstickman_1_1GameData.tex [34]) (./classstickman_1_1GameOver.tex
Package epstopdf Info: Source file: <classstickman_1_1GameOver.eps>
(epstopdf)                    date: 2019-02-27 23:07:18
(epstopdf)                    size: 3808 bytes
(epstopdf)             Output file: <classstickman_1_1GameOver-eps-converted-to
.pdf>
(epstopdf)             Command: <repstopdf --outfile=classstickman_1_1GameOver-
eps-converted-to.pdf classstickman_1_1GameOver.eps>
(epstopdf)             \includegraphics on input line 15.
runsystem(repstopdf --outfile=classstickman_1_1GameOver-eps-converted-to.pdf cl
assstickman_1_1GameOver.eps)...executed safely (allowed).

Package epstopdf Info: Result file: <classstickman_1_1GameOver-eps-converted-to
.pdf>
(epstopdf)                    date: 2019-02-28 16:39:34
(epstopdf)                    size: 5415 bytes.


pdfTeX warning: pdflatex (file ./classstickman_1_1GameOver-eps-converted-to.pdf
): PDF inclusion: found PDF version <1.7>, but at most version <1.5> allowed
 <./classstickman_1_1GameOver-eps-converted-to.pdf>
<classstickman_1_1GameOver-eps-converted-to.pdf, id=800, 501.875pt x 297.41112p
t>
File: classstickman_1_1GameOver-eps-converted-to.pdf Graphic file (type pdf)
 <use classstickman_1_1GameOver-eps-converted-to.pdf>
Package pdftex.def Info: classstickman_1_1GameOver-eps-converted-to.pdf used on
 input line 15.
(pdftex.def)             Requested size: 96.02348pt x 56.9055pt.
 [35] [36]

Package longtable Warning: Column widths have changed
(longtable)                in table 6.16 on input line 64.


Package longtable Warning: Column widths have changed
(longtable)                in table 6.17 on input line 82.

[37]

Package longtable Warning: Column widths have changed
(longtable)                in table 6.18 on input line 129.

) (./classstickman_1_1HelpState.tex
Package epstopdf Info: Source file: <classstickman_1_1HelpState.eps>
(epstopdf)                    date: 2019-02-27 23:07:18
(epstopdf)                    size: 3810 bytes
(epstopdf)             Output file: <classstickman_1_1HelpState-eps-converted-t
o.pdf>
(epstopdf)             Command: <repstopdf --outfile=classstickman_1_1HelpState
-eps-converted-to.pdf classstickman_1_1HelpState.eps>
(epstopdf)             \includegraphics on input line 15.
runsystem(repstopdf --outfile=classstickman_1_1HelpState-eps-converted-to.pdf c
lassstickman_1_1HelpState.eps)...executed safely (allowed).

Package epstopdf Info: Result file: <classstickman_1_1HelpState-eps-converted-t
o.pdf>
(epstopdf)                    date: 2019-02-28 16:39:34
(epstopdf)                    size: 5213 bytes.


pdfTeX warning: pdflatex (file ./classstickman_1_1HelpState-eps-converted-to.pd
f): PDF inclusion: found PDF version <1.7>, but at most version <1.5> allowed
 <./classstickman_1_1HelpState-eps-converted-to.pdf>
<classstickman_1_1HelpState-eps-converted-to.pdf, id=871, 501.875pt x 313.67188
pt>
File: classstickman_1_1HelpState-eps-converted-to.pdf Graphic file (type pdf)
 <use classstickman_1_1HelpState-eps-converted-to.pdf>
Package pdftex.def Info: classstickman_1_1HelpState-eps-converted-to.pdf used o
n input line 15.
(pdftex.def)             Requested size: 91.04579pt x 56.9055pt.
 [38]

Package longtable Warning: Column widths have changed
(longtable)                in table 6.19 on input line 70.

[39]

Package longtable Warning: Column widths have changed
(longtable)                in table 6.20 on input line 88.


Package longtable Warning: Column widths have changed
(longtable)                in table 6.21 on input line 143.


Underfull \vbox (badness 10000) has occurred while \output is active []

 [40]

Package longtable Warning: Column widths have changed
(longtable)                in table 6.22 on input line 158.

) (./classstickman_1_1InputManager.tex [41] [42]

Package longtable Warning: Column widths have changed
(longtable)                in table 6.23 on input line 66.


Underfull \hbox (badness 10000) detected at line 67
[][][]
 []


Package longtable Warning: Column widths have changed
(longtable)                in table 6.24 on input line 88.


Underfull \hbox (badness 10000) detected at line 89
[][][]
 []

) (./classstickman_1_1mainGame.tex
Package epstopdf Info: Source file: <classstickman_1_1mainGame.eps>
(epstopdf)                    date: 2019-02-28 16:17:54
(epstopdf)                    size: 3915 bytes
(epstopdf)             Output file: <classstickman_1_1mainGame-eps-converted-to
.pdf>
(epstopdf)             Command: <repstopdf --outfile=classstickman_1_1mainGame-
eps-converted-to.pdf classstickman_1_1mainGame.eps>
(epstopdf)             \includegraphics on input line 15.
runsystem(repstopdf --outfile=classstickman_1_1mainGame-eps-converted-to.pdf cl
assstickman_1_1mainGame.eps)...executed safely (allowed).

Package epstopdf Info: Result file: <classstickman_1_1mainGame-eps-converted-to
.pdf>
(epstopdf)                    date: 2019-02-28 16:39:34
(epstopdf)                    size: 5269 bytes.


pdfTeX warning: pdflatex (file ./classstickman_1_1mainGame-eps-converted-to.pdf
): PDF inclusion: found PDF version <1.7>, but at most version <1.5> allowed
 <./classstickman_1_1mainGame-eps-converted-to.pdf>
<classstickman_1_1mainGame-eps-converted-to.pdf, id=982, 501.875pt x 152.08821p
t>
File: classstickman_1_1mainGame-eps-converted-to.pdf Graphic file (type pdf)
 <use classstickman_1_1mainGame-eps-converted-to.pdf>
Package pdftex.def Info: classstickman_1_1mainGame-eps-converted-to.pdf used on
 input line 15.
(pdftex.def)             Requested size: 187.78146pt x 56.9055pt.
 [43]

Package longtable Warning: Column widths have changed
(longtable)                in table 6.25 on input line 74.


Underfull \vbox (badness 10000) has occurred while \output is active []

 [44]

Package longtable Warning: Column widths have changed
(longtable)                in table 6.26 on input line 112.

[45]

Package longtable Warning: Column widths have changed
(longtable)                in table 6.27 on input line 159.

) (./classstickman_1_1MainMenuState.tex
Package epstopdf Info: Source file: <classstickman_1_1MainMenuState.eps>
(epstopdf)                    date: 2019-02-27 23:07:18
(epstopdf)                    size: 3818 bytes
(epstopdf)             Output file: <classstickman_1_1MainMenuState-eps-convert
ed-to.pdf>
(epstopdf)             Command: <repstopdf --outfile=classstickman_1_1MainMenuS
tate-eps-converted-to.pdf classstickman_1_1MainMenuState.eps>
(epstopdf)             \includegraphics on input line 15.
runsystem(repstopdf --outfile=classstickman_1_1MainMenuState-eps-converted-to.p
df classstickman_1_1MainMenuState.eps)...executed safely (allowed).

Package epstopdf Info: Result file: <classstickman_1_1MainMenuState-eps-convert
ed-to.pdf>
(epstopdf)                    date: 2019-02-28 16:39:35
(epstopdf)                    size: 5152 bytes.


pdfTeX warning: pdflatex (file ./classstickman_1_1MainMenuState-eps-converted-t
o.pdf): PDF inclusion: found PDF version <1.7>, but at most version <1.5> allow
ed
 <./classstickman_1_1MainMenuState-eps-converted-to.pdf>
<classstickman_1_1MainMenuState-eps-converted-to.pdf, id=1056, 501.875pt x 247.
83592pt>
File: classstickman_1_1MainMenuState-eps-converted-to.pdf Graphic file (type pd
f)
 <use classstickman_1_1MainMenuState-eps-converted-to.pdf>
Package pdftex.def Info: classstickman_1_1MainMenuState-eps-converted-to.pdf us
ed on input line 15.
(pdftex.def)             Requested size: 115.2297pt x 56.9055pt.
 [46]
[47]

Package longtable Warning: Column widths have changed
(longtable)                in table 6.28 on input line 68.


Package longtable Warning: Column widths have changed
(longtable)                in table 6.29 on input line 86.

[48]

Package longtable Warning: Column widths have changed
(longtable)                in table 6.30 on input line 133.

[49]) (./classstickman_1_1myListener.tex
Package epstopdf Info: Source file: <classstickman_1_1myListener.eps>
(epstopdf)                    date: 2019-02-28 16:17:54
(epstopdf)                    size: 3816 bytes
(epstopdf)             Output file: <classstickman_1_1myListener-eps-converted-
to.pdf>
(epstopdf)             Command: <repstopdf --outfile=classstickman_1_1myListene
r-eps-converted-to.pdf classstickman_1_1myListener.eps>
(epstopdf)             \includegraphics on input line 15.
runsystem(repstopdf --outfile=classstickman_1_1myListener-eps-converted-to.pdf 
classstickman_1_1myListener.eps)...executed safely (allowed).

Package epstopdf Info: Result file: <classstickman_1_1myListener-eps-converted-
to.pdf>
(epstopdf)                    date: 2019-02-28 16:39:35
(epstopdf)                    size: 5509 bytes.


pdfTeX warning: pdflatex (file ./classstickman_1_1myListener-eps-converted-to.p
df): PDF inclusion: found PDF version <1.7>, but at most version <1.5> allowed
 <./classstickman_1_1myListener-eps-converted-to.pdf>
<classstickman_1_1myListener-eps-converted-to.pdf, id=1133, 501.875pt x 297.411
12pt>
File: classstickman_1_1myListener-eps-converted-to.pdf Graphic file (type pdf)
 <use classstickman_1_1myListener-eps-converted-to.pdf>
Package pdftex.def Info: classstickman_1_1myListener-eps-converted-to.pdf used 
on input line 15.
(pdftex.def)             Requested size: 96.02348pt x 56.9055pt.

Overfull \hbox (48.75621pt too wide) in paragraph at lines 39--39
[]\T1/pcr/bc/n/8 Contains the queue in which id of body part is stored which is
 further processed to decrease health point[] 
 []

[50]

Package longtable Warning: Column widths have changed
(longtable)                in table 6.31 on input line 81.

) (./classstickman_1_1NameState.tex [51]
Package epstopdf Info: Source file: <classstickman_1_1NameState.eps>
(epstopdf)                    date: 2019-02-27 23:07:18
(epstopdf)                    size: 3810 bytes
(epstopdf)             Output file: <classstickman_1_1NameState-eps-converted-t
o.pdf>
(epstopdf)             Command: <repstopdf --outfile=classstickman_1_1NameState
-eps-converted-to.pdf classstickman_1_1NameState.eps>
(epstopdf)             \includegraphics on input line 15.
runsystem(repstopdf --outfile=classstickman_1_1NameState-eps-converted-to.pdf c
lassstickman_1_1NameState.eps)...executed safely (allowed).

Package epstopdf Info: Result file: <classstickman_1_1NameState-eps-converted-t
o.pdf>
(epstopdf)                    date: 2019-02-28 16:39:35
(epstopdf)                    size: 5062 bytes.


pdfTeX warning: pdflatex (file ./classstickman_1_1NameState-eps-converted-to.pd
f): PDF inclusion: found PDF version <1.7>, but at most version <1.5> allowed
 <./classstickman_1_1NameState-eps-converted-to.pdf>
<classstickman_1_1NameState-eps-converted-to.pdf, id=1172, 501.875pt x 299.6294
3pt>
File: classstickman_1_1NameState-eps-converted-to.pdf Graphic file (type pdf)
 <use classstickman_1_1NameState-eps-converted-to.pdf>
Package pdftex.def Info: classstickman_1_1NameState-eps-converted-to.pdf used o
n input line 15.
(pdftex.def)             Requested size: 95.31128pt x 56.9055pt.
 [52]

Package longtable Warning: Column widths have changed
(longtable)                in table 6.32 on input line 66.


Package longtable Warning: Column widths have changed
(longtable)                in table 6.33 on input line 84.

[53]

Package longtable Warning: Column widths have changed
(longtable)                in table 6.34 on input line 131.

) (./classstickman_1_1Player.tex [54] [55]
Overfull \hbox (48.75621pt too wide) in paragraph at lines 101--101
[] \T1/pcr/bc/n/8 Contains information about the player including its name, hea
lth point, textures, sprites and Box2D body 
 []

[56]

Package longtable Warning: Column widths have changed
(longtable)                in table 6.35 on input line 156.


Underfull \hbox (badness 10000) detected at line 157
[][][]
 []

[57]

Package longtable Warning: Column widths have changed
(longtable)                in table 6.36 on input line 184.


Underfull \hbox (badness 10000) detected at line 185
[][][]
 []


Package longtable Warning: Column widths have changed
(longtable)                in table 6.37 on input line 214.


Underfull \vbox (badness 10000) has occurred while \output is active []

 [58]
Underfull \hbox (badness 10000) detected at line 215
[][][]
 []


Underfull \hbox (badness 10000) detected at line 228
[][][]
 []


Underfull \hbox (badness 10000) detected at line 241
[][][]
 []


Package longtable Warning: Column widths have changed
(longtable)                in table 6.38 on input line 258.

[59]

Package longtable Warning: Column widths have changed
(longtable)                in table 6.39 on input line 273.


Package longtable Warning: Column widths have changed
(longtable)                in table 6.40 on input line 288.

[60] [61] [62] [63]) (./structstickman_1_1playerdata.tex [64] [65])
(./classstickman_1_1SplashState.tex
Package epstopdf Info: Source file: <classstickman_1_1SplashState.eps>
(epstopdf)                    date: 2019-02-27 23:07:18
(epstopdf)                    size: 3814 bytes
(epstopdf)             Output file: <classstickman_1_1SplashState-eps-converted
-to.pdf>
(epstopdf)             Command: <repstopdf --outfile=classstickman_1_1SplashSta
te-eps-converted-to.pdf classstickman_1_1SplashState.eps>
(epstopdf)             \includegraphics on input line 15.
runsystem(repstopdf --outfile=classstickman_1_1SplashState-eps-converted-to.pdf
 classstickman_1_1SplashState.eps)...executed safely (allowed).

Package epstopdf Info: Result file: <classstickman_1_1SplashState-eps-converted
-to.pdf>
(epstopdf)                    date: 2019-02-28 16:39:35
(epstopdf)                    size: 5236 bytes.


pdfTeX warning: pdflatex (file ./classstickman_1_1SplashState-eps-converted-to.
pdf): PDF inclusion: found PDF version <1.7>, but at most version <1.5> allowed

 <./classstickman_1_1SplashState-eps-converted-to.pdf>
<classstickman_1_1SplashState-eps-converted-to.pdf, id=1463, 501.875pt x 286.78
14pt>
File: classstickman_1_1SplashState-eps-converted-to.pdf Graphic file (type pdf)

 <use classstickman_1_1SplashState-eps-converted-to.pdf>
Package pdftex.def Info: classstickman_1_1SplashState-eps-converted-to.pdf used
 on input line 15.
(pdftex.def)             Requested size: 99.58444pt x 56.9055pt.
 [66]

Package longtable Warning: Column widths have changed
(longtable)                in table 6.41 on input line 51.


Underfull \vbox (badness 2134) has occurred while \output is active []

 [67]

Package longtable Warning: Column widths have changed
(longtable)                in table 6.42 on input line 69.


Package longtable Warning: Column widths have changed
(longtable)                in table 6.43 on input line 116.

[68]) (./classstickman_1_1State.tex
Package epstopdf Info: Source file: <classstickman_1_1State.eps>
(epstopdf)                    date: 2019-02-28 11:57:43
(epstopdf)                    size: 4351 bytes
(epstopdf)             Output file: <classstickman_1_1State-eps-converted-to.pd
f>
(epstopdf)             Command: <repstopdf --outfile=classstickman_1_1State-eps
-converted-to.pdf classstickman_1_1State.eps>
(epstopdf)             \includegraphics on input line 15.
runsystem(repstopdf --outfile=classstickman_1_1State-eps-converted-to.pdf class
stickman_1_1State.eps)...executed safely (allowed).

Package epstopdf Info: Result file: <classstickman_1_1State-eps-converted-to.pd
f>
(epstopdf)                    date: 2019-02-28 16:39:36
(epstopdf)                    size: 6365 bytes.


pdfTeX warning: pdflatex (file ./classstickman_1_1State-eps-converted-to.pdf): 
PDF inclusion: found PDF version <1.7>, but at most version <1.5> allowed
 <./classstickman_1_1State-eps-converted-to.pdf>
<classstickman_1_1State-eps-converted-to.pdf, id=1519, 501.875pt x 41.30432pt>
File: classstickman_1_1State-eps-converted-to.pdf Graphic file (type pdf)

<use classstickman_1_1State-eps-converted-to.pdf>
Package pdftex.def Info: classstickman_1_1State-eps-converted-to.pdf used on in
put line 15.
(pdftex.def)             Requested size: 398.39139pt x 32.78517pt.
 [69]

Package longtable Warning: Column widths have changed
(longtable)                in table 6.44 on input line 53.

[70]

Package longtable Warning: Column widths have changed
(longtable)                in table 6.45 on input line 120.

) (./classstickman_1_1StateMachine.tex [71]

Package longtable Warning: Column widths have changed
(longtable)                in table 6.46 on input line 72.


Underfull \hbox (badness 10000) detected at line 83
[][][]
 []

) (./structstickman_1_1testDecreaseHp.tex
Package epstopdf Info: Source file: <structstickman_1_1testDecreaseHp.eps>
(epstopdf)                    date: 2019-02-28 16:17:54
(epstopdf)                    size: 4106 bytes
(epstopdf)             Output file: <structstickman_1_1testDecreaseHp-eps-conve
rted-to.pdf>
(epstopdf)             Command: <repstopdf --outfile=structstickman_1_1testDecr
easeHp-eps-converted-to.pdf structstickman_1_1testDecreaseHp.eps>
(epstopdf)             \includegraphics on input line 15.
runsystem(repstopdf --outfile=structstickman_1_1testDecreaseHp-eps-converted-to
.pdf structstickman_1_1testDecreaseHp.eps)...executed safely (allowed).

Package epstopdf Info: Result file: <structstickman_1_1testDecreaseHp-eps-conve
rted-to.pdf>
(epstopdf)                    date: 2019-02-28 16:39:36
(epstopdf)                    size: 6828 bytes.


pdfTeX warning: pdflatex (file ./structstickman_1_1testDecreaseHp-eps-converted
-to.pdf): PDF inclusion: found PDF version <1.7>, but at most version <1.5> all
owed
 <./structstickman_1_1testDecreaseHp-eps-converted-to.pdf>
<structstickman_1_1testDecreaseHp-eps-converted-to.pdf, id=1609, 501.875pt x 11
7.62947pt>
File: structstickman_1_1testDecreaseHp-eps-converted-to.pdf Graphic file (type 
pdf)
 <use structstickman_1_1testDecreaseHp-eps-converted-to.pdf>
Package pdftex.def Info: structstickman_1_1testDecreaseHp-eps-converted-to.pdf 
used on input line 15.
(pdftex.def)             Requested size: 364.19849pt x 85.35826pt.
 [72])
[73] [74

]
Chapter 7.
(./AssetManager_8cpp.tex) (./AssetManager_8hpp.tex) (./DEFINITIONS_8hpp.tex
[75] [76] [77]) (./Game_8cpp.tex) (./game_8cpp.tex [78]) (./game_8h.tex
[79]) (./Game_8hpp.tex [80]) (./GameOver_8cpp.tex) (./GameOver_8h.tex [81])
(./HelpState_8cpp.tex) (./HelpState_8hpp.tex [82]) (./InputManager_8cpp.tex)
(./InputManager_8hpp.tex) (./mainGame_8cpp.tex) (./mainGame_8hpp.tex [83])
(./MainMenuState_8cpp.tex [84]) (./MainMenuState_8hpp.tex)
(./myListener_8cpp.tex [85]) (./myListener_8h.tex) (./name_8cpp.tex)
(./name_8h.tex [86]) (./player_8cpp.tex [87]) (./player_8h.tex)
(./SplashState_8cpp.tex [88]) (./SplashState_8hpp.tex) (./State_8hpp.tex)
(./StateMachine_8cpp.tex [89]) (./StateMachine_8hpp.tex) (./tests_8hpp.tex
[90] [91]) [92]
No file refman.ind.

Package longtable Warning: Table widths have changed. Rerun LaTeX.

Package atveryend Info: Empty hook `BeforeClearDocument' on input line 231.
Package atveryend Info: Empty hook `AfterLastShipout' on input line 231.
(./refman.aux)
Package atveryend Info: Executing hook `AtVeryEndDocument' on input line 231.
Package atveryend Info: Executing hook `AtEndAfterFileList' on input line 231.


Package rerunfilecheck Warning: File `refman.out' has changed.
(rerunfilecheck)                Rerun to get outlines right
(rerunfilecheck)                or use package `bookmark'.

Package rerunfilecheck Info: Checksums for `refman.out':
(rerunfilecheck)             Before: <no file>
(rerunfilecheck)             After:  E3C7E2C3AD2E90957DE78C342622C86D;83200.

LaTeX Font Warning: Some font shapes were not available, defaults substituted.


LaTeX Warning: There were undefined references.


LaTeX Warning: Label(s) may have changed. Rerun to get cross-references right.

 ) 
Here is how much of TeX's memory you used:
 17586 strings out of 494953
 274517 string characters out of 6180977
 344576 words of memory out of 5000000
 19566 multiletter control sequences out of 15000+600000
 67813 words of font info for 87 fonts, out of 8000000 for 9000
 14 hyphenation exceptions out of 8191
 53i,16n,92p,4265b,643s stack positions out of 5000i,500n,10000p,200000b,80000s
{/usr/share/texlive/texmf-dist/fonts/enc/dvips/base/8r.enc}</usr/share/texliv
e/texmf-dist/fonts/type1/public/amsfonts/cm/cmmi10.pfb></usr/share/texlive/texm
f-dist/fonts/type1/public/amsfonts/cm/cmmi7.pfb></usr/share/texlive/texmf-dist/
fonts/type1/public/amsfonts/cm/cmmi8.pfb></usr/share/texlive/texmf-dist/fonts/t
ype1/public/amsfonts/cm/cmsy10.pfb></usr/share/texlive/texmf-dist/fonts/type1/p
ublic/amsfonts/cm/cmsy7.pfb></usr/share/texlive/texmf-dist/fonts/type1/public/a
msfonts/cm/cmsy8.pfb></usr/share/texlive/texmf-dist/fonts/type1/urw/courier/ucr
r8a.pfb></usr/share/texlive/texmf-dist/fonts/type1/urw/courier/ucrro8a.pfb></us
r/share/texlive/texmf-dist/fonts/type1/urw/helvetic/uhvb8a.pfb></usr/share/texl
ive/texmf-dist/fonts/type1/urw/helvetic/uhvb8ac.pfb></usr/share/texlive/texmf-d
ist/fonts/type1/urw/helvetic/uhvr8a.pfb></usr/share/texlive/texmf-dist/fonts/ty
pe1/urw/helvetic/uhvro8a.pfb>
Output written on refman.pdf (94 pages, 317609 bytes).
PDF statistics:
 2184 PDF objects out of 2487 (max. 8388607)
 2025 compressed objects within 21 object streams
 918 named destinations out of 1000 (max. 500000)
 51 words of extra memory for PDF output out of 10000 (max. 10000000)

